[ 2015-07-10T14:22:54+08:00 ] 127.0.0.1 /index.php
INFO: [ app_begin ] --START--
INFO: Run ReadHtmlCache Behavior [ RunTime:0.025345s ]
INFO: [ app_begin ] --END-- [ RunTime:0.039822s ]
NOTIC: [2048] Declaration of IndexAction::show() should be compatible with that of Action::show() D:\www2\31cms\Lib\Action\Home\IndexAction.class.php 第 2 行.
NOTIC: [8] Undefined index: 1 D:\www2\31cms\_Core\Lib\Core\Action.class.php 第 208 行.
NOTIC: [2] Cannot use a scalar value as an array D:\www2\31cms\_Core\Lib\Core\Action.class.php 第 208 行.
SQL: SHOW COLUMNS FROM `tp_agent` [ RunTime:0.100940s ]
SQL: SELECT * FROM `tp_agent` WHERE ( `siteurl` = 'http://localhost:8080' ) LIMIT 1   [ RunTime:0.002097s ]
INFO: [ view_template ] --START--
INFO: Run LocationTemplate Behavior [ RunTime:-1.321984s ]
INFO: [ view_template ] --END-- [ RunTime:0.079999s ]
INFO: [ view_parse ] --START--
INFO: Run ParseTemplate Behavior [ RunTime:-1.402034s ]
INFO: [ view_parse ] --END-- [ RunTime:0.037058s ]
INFO: [ view_filter ] --START--
INFO: Run ContentReplace Behavior [ RunTime:-1.439143s ]
INFO: Run TokenBuild Behavior [ RunTime:-1.447373s ]
INFO: Run WriteHtmlCache Behavior [ RunTime:-1.448488s ]
INFO: Run ShowRuntime Behavior [ RunTime:-1.449573s ]
INFO: [ view_filter ] --END-- [ RunTime:0.013458s ]
INFO: [ view_end ] --START--
INFO: Run ShowPageTrace Behavior [ RunTime:-1.452680s ]
INFO: [ view_end ] --END-- [ RunTime:0.001185s ]

[ 2015-07-10T14:22:55+08:00 ] ERR: (ThinkException) 无法加载模块:tpl
[ 2015-07-10T14:22:55+08:00 ] ERR: (ThinkException) 无法加载模块:tpl
