[ 2015-06-02T13:39:58+08:00 ] ERR: (ThinkException) 无法加载模块:assets
[ 2015-06-02T13:39:58+08:00 ] ERR: (ThinkException) 无法加载模块:images
[ 2015-06-02T13:39:58+08:00 ] ERR: (ThinkException) 无法加载模块:uploads
[ 2015-06-02T13:39:58+08:00 ] ERR: (ThinkException) 无法加载模块:images
[ 2015-06-02T13:39:58+08:00 ] ERR: (ThinkException) 无法加载模块:images
[ 2015-06-02T13:39:58+08:00 ] ERR: (ThinkException) 无法加载模块:uploads
[ 2015-06-02T13:41:49+08:00 ] ERR: (ThinkException) 无法加载模块:assets
[ 2015-06-02T13:41:49+08:00 ] ERR: (ThinkException) 无法加载模块:assets
[ 2015-06-02T13:41:49+08:00 ] ERR: (ThinkException) 无法加载模块:assets
[ 2015-06-02T13:41:49+08:00 ] ERR: (ThinkException) 无法加载模块:images
[ 2015-06-02T13:41:49+08:00 ] ERR: (ThinkException) 无法加载模块:images
[ 2015-06-02T13:41:49+08:00 ] ERR: (ThinkException) 无法加载模块:uploads
[ 2015-06-02T13:41:49+08:00 ] ERR: (ThinkException) 无法加载模块:images
[ 2015-06-02T13:41:49+08:00 ] ERR: (ThinkException) 无法加载模块:uploads
[ 2015-06-02T13:41:56+08:00 ] 0.0.0.0 /
INFO: [ app_begin ] --START--
INFO: Run ReadHtmlCache Behavior [ RunTime:0.000609s ]
INFO: [ app_begin ] --END-- [ RunTime:0.000707s ]
NOTIC: [2048] Declaration of IndexAction::show() should be compatible with that of Action::show() D:\www\31cms\Lib\Action\Home\IndexAction.class.php 第 2 行.
NOTIC: [8] Undefined index: 1 D:\www\31cms\_Core\Lib\Core\Action.class.php 第 208 行.
NOTIC: [2] Cannot use a scalar value as an array D:\www\31cms\_Core\Lib\Core\Action.class.php 第 208 行.
SQL: SHOW COLUMNS FROM `tp_agent` [ RunTime:0.018791s ]
SQL: SELECT * FROM `tp_agent` WHERE ( `siteurl` = 'http://localhost' ) LIMIT 1   [ RunTime:0.001105s ]
INFO: [ view_template ] --START--
INFO: Run LocationTemplate Behavior [ RunTime:-1.207272s ]
INFO: [ view_template ] --END-- [ RunTime:0.020679s ]
INFO: [ view_parse ] --START--
INFO: Run ParseTemplate Behavior [ RunTime:-1.228035s ]
INFO: [ view_parse ] --END-- [ RunTime:0.053315s ]
INFO: [ view_filter ] --START--
INFO: Run ContentReplace Behavior [ RunTime:-1.281468s ]
INFO: Run TokenBuild Behavior [ RunTime:-1.283459s ]
INFO: Run WriteHtmlCache Behavior [ RunTime:-1.285290s ]
INFO: Run ShowRuntime Behavior [ RunTime:-1.286477s ]
INFO: [ view_filter ] --END-- [ RunTime:0.006781s ]
INFO: [ view_end ] --START--
INFO: Run ShowPageTrace Behavior [ RunTime:-1.288654s ]
INFO: [ view_end ] --END-- [ RunTime:0.002140s ]

[ 2015-06-02T13:41:56+08:00 ] ERR: (ThinkException) 无法加载模块:tpl
[ 2015-06-02T13:41:56+08:00 ] ERR: (ThinkException) 无法加载模块:tpl
[ 2015-06-02T13:41:56+08:00 ] ERR: (ThinkException) 无法加载模块:favicon.ico
[ 2015-06-02T13:41:58+08:00 ] ERR: (ThinkException) 无法加载模块:favicon.ico
[ 2015-06-02T13:42:00+08:00 ] ERR: (ThinkException) 无法加载模块:favicon.ico
[ 2015-06-02T13:42:02+08:00 ] ERR: (ThinkException) 无法加载模块:tpl
[ 2015-06-02T13:42:02+08:00 ] ERR: (ThinkException) 无法加载模块:tpl
[ 2015-06-02T13:42:02+08:00 ] ERR: (ThinkException) 无法加载模块:favicon.ico
[ 2015-06-02T13:42:08+08:00 ] 0.0.0.0 /index.php?m=Users&a=checklogin
INFO: [ app_begin ] --START--
INFO: Run ReadHtmlCache Behavior [ RunTime:0.000609s ]
INFO: [ app_begin ] --END-- [ RunTime:0.000714s ]
NOTIC: [8] Undefined index: 1 D:\www\31cms\_Core\Lib\Core\Action.class.php 第 208 行.
NOTIC: [2] Cannot use a scalar value as an array D:\www\31cms\_Core\Lib\Core\Action.class.php 第 208 行.
SQL: SHOW COLUMNS FROM `tp_agent` [ RunTime:0.007550s ]
SQL: SELECT * FROM `tp_agent` WHERE ( `siteurl` = 'http://localhost' ) LIMIT 1   [ RunTime:0.000849s ]
SQL: SHOW COLUMNS FROM `tp_users` [ RunTime:0.009791s ]
SQL: SELECT * FROM `tp_users` WHERE ( `username` = 'admin' ) LIMIT 1   [ RunTime:0.001066s ]
SQL: SHOW COLUMNS FROM `tp_token_open` [ RunTime:0.043548s ]
SQL: SELECT `token` FROM `tp_token_open` WHERE ( `uid` = 1 ) LIMIT 1   [ RunTime:0.009208s ]
SQL: SHOW COLUMNS FROM `tp_user_group` [ RunTime:0.020875s ]
SQL: SELECT * FROM `tp_user_group` WHERE ( `id` = 7 ) LIMIT 1   [ RunTime:0.000648s ]
SQL: UPDATE `tp_users` SET `diynum`=0,`connectnum`=0,`activitynum`=0 WHERE ( `id` = 1 ) [ RunTime:0.000581s ]
SQL: UPDATE `tp_users` SET `lasttime`=1433223728,`lastloginmonth`=6,`lastip`='0.0.0.0' WHERE ( `id` = 1 ) [ RunTime:0.000541s ]
INFO: [ view_template ] --START--
INFO: Run LocationTemplate Behavior [ RunTime:-1.139292s ]
INFO: [ view_template ] --END-- [ RunTime:0.000843s ]
INFO: [ view_parse ] --START--
INFO: Run ParseTemplate Behavior [ RunTime:-1.140178s ]
INFO: [ view_parse ] --END-- [ RunTime:0.007931s ]
INFO: [ view_filter ] --START--
INFO: Run ContentReplace Behavior [ RunTime:-1.148165s ]
INFO: Run TokenBuild Behavior [ RunTime:-1.148705s ]
INFO: Run WriteHtmlCache Behavior [ RunTime:-1.149254s ]
INFO: Run ShowRuntime Behavior [ RunTime:-1.149711s ]
INFO: [ view_filter ] --END-- [ RunTime:0.002199s ]
INFO: [ view_end ] --START--
INFO: Run ShowPageTrace Behavior [ RunTime:-1.150451s ]
INFO: [ view_end ] --END-- [ RunTime:0.000731s ]

[ 2015-06-02T13:42:08+08:00 ] ERR: (ThinkException) 无法加载模块:favicon.ico
[ 2015-06-02T13:42:10+08:00 ] 0.0.0.0 /index.php?g=User&m=Vote&a=index
INFO: [ app_begin ] --START--
INFO: Run ReadHtmlCache Behavior [ RunTime:0.000628s ]
INFO: [ app_begin ] --END-- [ RunTime:0.000732s ]
NOTIC: [8] Undefined index: 1 D:\www\31cms\_Core\Lib\Core\Action.class.php 第 208 行.
NOTIC: [2] Cannot use a scalar value as an array D:\www\31cms\_Core\Lib\Core\Action.class.php 第 208 行.
SQL: SHOW COLUMNS FROM `tp_agent` [ RunTime:0.008191s ]
SQL: SELECT * FROM `tp_agent` WHERE ( `siteurl` = 'http://localhost' ) LIMIT 1   [ RunTime:0.000817s ]
SQL: SHOW COLUMNS FROM `tp_user_group` [ RunTime:0.006103s ]
SQL: SELECT * FROM `tp_user_group` WHERE ( `id` = 7 ) LIMIT 1   [ RunTime:0.000637s ]
SQL: SHOW COLUMNS FROM `tp_users` [ RunTime:0.010528s ]
SQL: SELECT * FROM `tp_users` WHERE ( `id` = 1 ) LIMIT 1   [ RunTime:0.001022s ]
SQL: SELECT * FROM `tp_users` WHERE ( `id` = 1 ) LIMIT 1   [ RunTime:0.000978s ]
SQL: SHOW COLUMNS FROM `tp_wxuser` [ RunTime:0.031574s ]
SQL: SELECT `wxname`,`weixin`,`wxid`,`headerpic` FROM `tp_wxuser` WHERE ( `token` = 'vjcbgt1414375209' ) AND ( `uid` = 1 ) LIMIT 1   [ RunTime:0.000708s ]
SQL: SHOW COLUMNS FROM `tp_token_open` [ RunTime:0.005901s ]
SQL: SELECT `queryname` FROM `tp_token_open` WHERE ( `token` = 'vjcbgt1414375209' ) LIMIT 1   [ RunTime:0.000727s ]
SQL: SELECT `gid`,`activitynum` FROM `tp_users` WHERE ( `id` = 1 ) LIMIT 1   [ RunTime:0.000666s ]
SQL: SELECT * FROM `tp_user_group` WHERE ( `id` = 7 ) LIMIT 1   [ RunTime:0.000623s ]
SQL: SHOW COLUMNS FROM `tp_vote` [ RunTime:0.031757s ]
SQL: SELECT * FROM `tp_vote` WHERE ( `token` = 'vjcbgt1414375209' ) ORDER BY id DESC  [ RunTime:0.000723s ]
SQL: SELECT COUNT(*) AS tp_count FROM `tp_vote` WHERE ( `token` = 'vjcbgt1414375209' ) LIMIT 1   [ RunTime:0.000569s ]
INFO: [ view_template ] --START--
INFO: Run LocationTemplate Behavior [ RunTime:-1.158621s ]
INFO: [ view_template ] --END-- [ RunTime:0.013217s ]
INFO: [ view_parse ] --START--
NOTIC: [8] Undefined variable: info D:\www\Conf\logs\Cache\User\f70321ef24e437eb7147c67ab8f0460a.php 第 5 行.
NOTIC: [8] Undefined variable: ok D:\www\Conf\logs\Cache\User\f70321ef24e437eb7147c67ab8f0460a.php 第 165 行.
NOTIC: [8] Undefined index: id D:\www\Conf\logs\Cache\User\f70321ef24e437eb7147c67ab8f0460a.php 第 181 行.
NOTIC: [8] Undefined variable: myurl D:\www\Conf\logs\Cache\User\f70321ef24e437eb7147c67ab8f0460a.php 第 217 行.
INFO: Run ParseTemplate Behavior [ RunTime:-1.171889s ]
INFO: [ view_parse ] --END-- [ RunTime:0.045700s ]
INFO: [ view_filter ] --START--
INFO: Run ContentReplace Behavior [ RunTime:-1.217641s ]
INFO: Run TokenBuild Behavior [ RunTime:-1.218277s ]
INFO: Run WriteHtmlCache Behavior [ RunTime:-1.218918s ]
INFO: Run ShowRuntime Behavior [ RunTime:-1.219345s ]
INFO: [ view_filter ] --END-- [ RunTime:0.002331s ]
INFO: [ view_end ] --START--
INFO: Run ShowPageTrace Behavior [ RunTime:-1.220062s ]
INFO: [ view_end ] --END-- [ RunTime:0.000722s ]

[ 2015-06-02T13:42:11+08:00 ] 0.0.0.0 /index.php?g=User&m=Vote&a=index
INFO: [ app_begin ] --START--
INFO: Run ReadHtmlCache Behavior [ RunTime:0.002021s ]
INFO: [ app_begin ] --END-- [ RunTime:0.002354s ]
NOTIC: [8] Undefined index: 1 D:\www\31cms\_Core\Lib\Core\Action.class.php 第 208 行.
NOTIC: [2] Cannot use a scalar value as an array D:\www\31cms\_Core\Lib\Core\Action.class.php 第 208 行.
SQL: SHOW COLUMNS FROM `tp_agent` [ RunTime:0.004788s ]
SQL: SELECT * FROM `tp_agent` WHERE ( `siteurl` = 'http://localhost' ) LIMIT 1   [ RunTime:0.000638s ]
SQL: SHOW COLUMNS FROM `tp_user_group` [ RunTime:0.005165s ]
SQL: SELECT * FROM `tp_user_group` WHERE ( `id` = 7 ) LIMIT 1   [ RunTime:0.000485s ]
SQL: SHOW COLUMNS FROM `tp_users` [ RunTime:0.006777s ]
SQL: SELECT * FROM `tp_users` WHERE ( `id` = 1 ) LIMIT 1   [ RunTime:0.000756s ]
SQL: SELECT * FROM `tp_users` WHERE ( `id` = 1 ) LIMIT 1   [ RunTime:0.000641s ]
SQL: SHOW COLUMNS FROM `tp_wxuser` [ RunTime:0.006434s ]
SQL: SELECT `wxname`,`weixin`,`wxid`,`headerpic` FROM `tp_wxuser` WHERE ( `token` = 'vjcbgt1414375209' ) AND ( `uid` = 1 ) LIMIT 1   [ RunTime:0.000475s ]
SQL: SHOW COLUMNS FROM `tp_token_open` [ RunTime:0.003924s ]
SQL: SELECT `queryname` FROM `tp_token_open` WHERE ( `token` = 'vjcbgt1414375209' ) LIMIT 1   [ RunTime:0.000519s ]
SQL: SELECT `gid`,`activitynum` FROM `tp_users` WHERE ( `id` = 1 ) LIMIT 1   [ RunTime:0.000453s ]
SQL: SELECT * FROM `tp_user_group` WHERE ( `id` = 7 ) LIMIT 1   [ RunTime:0.000445s ]
SQL: SHOW COLUMNS FROM `tp_vote` [ RunTime:0.004802s ]
SQL: SELECT * FROM `tp_vote` WHERE ( `token` = 'vjcbgt1414375209' ) ORDER BY id DESC  [ RunTime:0.000581s ]
SQL: SELECT COUNT(*) AS tp_count FROM `tp_vote` WHERE ( `token` = 'vjcbgt1414375209' ) LIMIT 1   [ RunTime:0.000580s ]
INFO: [ view_template ] --START--
INFO: Run LocationTemplate Behavior [ RunTime:-2.053871s ]
INFO: [ view_template ] --END-- [ RunTime:0.001191s ]
INFO: [ view_parse ] --START--
NOTIC: [8] Undefined variable: info D:\www\Conf\logs\Cache\User\f70321ef24e437eb7147c67ab8f0460a.php 第 5 行.
NOTIC: [8] Undefined variable: ok D:\www\Conf\logs\Cache\User\f70321ef24e437eb7147c67ab8f0460a.php 第 165 行.
NOTIC: [8] Undefined index: id D:\www\Conf\logs\Cache\User\f70321ef24e437eb7147c67ab8f0460a.php 第 181 行.
NOTIC: [8] Undefined variable: myurl D:\www\Conf\logs\Cache\User\f70321ef24e437eb7147c67ab8f0460a.php 第 217 行.
INFO: Run ParseTemplate Behavior [ RunTime:-2.055106s ]
INFO: [ view_parse ] --END-- [ RunTime:0.017685s ]
INFO: [ view_filter ] --START--
INFO: Run ContentReplace Behavior [ RunTime:-2.072846s ]
INFO: Run TokenBuild Behavior [ RunTime:-2.073571s ]
INFO: Run WriteHtmlCache Behavior [ RunTime:-2.074356s ]
INFO: Run ShowRuntime Behavior [ RunTime:-2.074935s ]
INFO: [ view_filter ] --END-- [ RunTime:0.002835s ]
INFO: [ view_end ] --START--
INFO: Run ShowPageTrace Behavior [ RunTime:-2.075773s ]
INFO: [ view_end ] --END-- [ RunTime:0.000924s ]

[ 2015-06-02T13:42:11+08:00 ] ERR: (ThinkException) 无法加载模块:favicon.ico
[ 2015-06-02T13:42:12+08:00 ] ERR: (ThinkException) 无法加载模块:tpl
[ 2015-06-02T13:42:12+08:00 ] ERR: (ThinkException) 无法加载模块:tpl
[ 2015-06-02T13:42:12+08:00 ] ERR: (ThinkException) 无法加载模块:favicon.ico
[ 2015-06-02T13:42:19+08:00 ] 0.0.0.0 /index.php?g=User&m=Vote&a=eitem&token=vjcbgt1414375209&id=18
INFO: [ app_begin ] --START--
INFO: Run ReadHtmlCache Behavior [ RunTime:0.000738s ]
INFO: [ app_begin ] --END-- [ RunTime:0.000858s ]
NOTIC: [8] Undefined index: 1 D:\www\31cms\_Core\Lib\Core\Action.class.php 第 208 行.
NOTIC: [2] Cannot use a scalar value as an array D:\www\31cms\_Core\Lib\Core\Action.class.php 第 208 行.
SQL: SHOW COLUMNS FROM `tp_agent` [ RunTime:0.005726s ]
SQL: SELECT * FROM `tp_agent` WHERE ( `siteurl` = 'http://localhost' ) LIMIT 1   [ RunTime:0.000654s ]
SQL: SHOW COLUMNS FROM `tp_user_group` [ RunTime:0.004959s ]
SQL: SELECT * FROM `tp_user_group` WHERE ( `id` = 7 ) LIMIT 1   [ RunTime:0.000490s ]
SQL: SHOW COLUMNS FROM `tp_users` [ RunTime:0.007605s ]
SQL: SELECT * FROM `tp_users` WHERE ( `id` = 1 ) LIMIT 1   [ RunTime:0.000737s ]
SQL: SELECT * FROM `tp_users` WHERE ( `id` = 1 ) LIMIT 1   [ RunTime:0.000672s ]
SQL: SHOW COLUMNS FROM `tp_wxuser` [ RunTime:0.005646s ]
SQL: SELECT `wxname`,`weixin`,`wxid`,`headerpic` FROM `tp_wxuser` WHERE ( `token` = 'vjcbgt1414375209' ) AND ( `uid` = 1 ) LIMIT 1   [ RunTime:0.000464s ]
SQL: SHOW COLUMNS FROM `tp_token_open` [ RunTime:0.003949s ]
SQL: SELECT `queryname` FROM `tp_token_open` WHERE ( `token` = 'vjcbgt1414375209' ) LIMIT 1   [ RunTime:0.000479s ]
SQL: SHOW COLUMNS FROM `tp_vote_item` [ RunTime:0.014913s ]
SQL: SELECT COUNT(*) AS tp_count FROM `tp_vote_item` WHERE ( `vid` = 18 ) AND ( `status` = 1 ) LIMIT 1   [ RunTime:0.007515s ]
SQL: SELECT * FROM `tp_vote_item` WHERE ( `vid` = 18 ) AND ( `status` = 1 ) ORDER BY id DESC LIMIT 0,60   [ RunTime:0.000661s ]
NOTIC: [8] Undefined variable: vote D:\www\31cms\Lib\Action\User\VoteAction.class.php 第 718 行.
SQL: SELECT SUM(vcount) AS tp_sum FROM `tp_vote_item` WHERE ( `vid` = null ) LIMIT 1   [ RunTime:0.000491s ]
INFO: [ view_template ] --START--
INFO: Run LocationTemplate Behavior [ RunTime:-1.092693s ]
INFO: [ view_template ] --END-- [ RunTime:0.001741s ]
INFO: [ view_parse ] --START--
NOTIC: [8] Undefined variable: info D:\www\Conf\logs\Cache\User\81da8b6e05eaad148eb0c454090d4123.php 第 5 行.
INFO: Run ParseTemplate Behavior [ RunTime:-1.094495s ]
INFO: [ view_parse ] --END-- [ RunTime:0.015884s ]
INFO: [ view_filter ] --START--
INFO: Run ContentReplace Behavior [ RunTime:-1.110430s ]
INFO: Run TokenBuild Behavior [ RunTime:-1.111251s ]
INFO: Run WriteHtmlCache Behavior [ RunTime:-1.112087s ]
INFO: Run ShowRuntime Behavior [ RunTime:-1.112741s ]
INFO: [ view_filter ] --END-- [ RunTime:0.003130s ]
INFO: [ view_end ] --START--
INFO: Run ShowPageTrace Behavior [ RunTime:-1.113649s ]
INFO: [ view_end ] --END-- [ RunTime:0.000949s ]

[ 2015-06-02T13:42:20+08:00 ] ERR: (ThinkException) 无法加载模块:favicon.ico
[ 2015-06-02T13:42:20+08:00 ] ERR: (ThinkException) 无法加载模块:tpl
[ 2015-06-02T13:42:20+08:00 ] ERR: (ThinkException) 无法加载模块:favicon.ico
[ 2015-06-02T13:42:22+08:00 ] 0.0.0.0 /index.php?g=User&m=Vote&a=check&id=1
INFO: [ app_begin ] --START--
INFO: Run ReadHtmlCache Behavior [ RunTime:0.000642s ]
INFO: [ app_begin ] --END-- [ RunTime:0.000753s ]
NOTIC: [8] Undefined index: 1 D:\www\31cms\_Core\Lib\Core\Action.class.php 第 208 行.
NOTIC: [2] Cannot use a scalar value as an array D:\www\31cms\_Core\Lib\Core\Action.class.php 第 208 行.
SQL: SHOW COLUMNS FROM `tp_agent` [ RunTime:0.005064s ]
SQL: SELECT * FROM `tp_agent` WHERE ( `siteurl` = 'http://localhost' ) LIMIT 1   [ RunTime:0.000581s ]
SQL: SHOW COLUMNS FROM `tp_user_group` [ RunTime:0.004950s ]
SQL: SELECT * FROM `tp_user_group` WHERE ( `id` = 7 ) LIMIT 1   [ RunTime:0.000485s ]
SQL: SHOW COLUMNS FROM `tp_users` [ RunTime:0.006868s ]
SQL: SELECT * FROM `tp_users` WHERE ( `id` = 1 ) LIMIT 1   [ RunTime:0.000839s ]
SQL: SELECT * FROM `tp_users` WHERE ( `id` = 1 ) LIMIT 1   [ RunTime:0.000754s ]
SQL: SHOW COLUMNS FROM `tp_wxuser` [ RunTime:0.005429s ]
SQL: SELECT `wxname`,`weixin`,`wxid`,`headerpic` FROM `tp_wxuser` WHERE ( `token` = 'vjcbgt1414375209' ) AND ( `uid` = 1 ) LIMIT 1   [ RunTime:0.000440s ]
SQL: SHOW COLUMNS FROM `tp_token_open` [ RunTime:0.003952s ]
SQL: SELECT `queryname` FROM `tp_token_open` WHERE ( `token` = 'vjcbgt1414375209' ) LIMIT 1   [ RunTime:0.000456s ]
SQL: SHOW COLUMNS FROM `tp_vote` [ RunTime:0.005025s ]
SQL: SHOW COLUMNS FROM `tp_vote_item` [ RunTime:0.004719s ]
SQL: SELECT * FROM `tp_vote` WHERE ( `token` = 'vjcbgt1414375209' ) ORDER BY id desc  [ RunTime:0.000560s ]
SQL: SELECT COUNT(*) AS tp_count FROM `tp_vote_item` WHERE ( `status` = 0 ) LIMIT 1   [ RunTime:0.000473s ]
SQL: SELECT * FROM `tp_vote_item` WHERE ( `status` = 0 ) ORDER BY id DESC LIMIT 0,60   [ RunTime:0.000490s ]
NOTIC: [8] Undefined variable: vote D:\www\31cms\Lib\Action\User\VoteAction.class.php 第 486 行.
SQL: SELECT SUM(vcount) AS tp_sum FROM `tp_vote_item` WHERE ( `vid` = null ) LIMIT 1   [ RunTime:0.000445s ]
INFO: [ view_template ] --START--
INFO: Run LocationTemplate Behavior [ RunTime:-1.060186s ]
INFO: [ view_template ] --END-- [ RunTime:0.001100s ]
INFO: [ view_parse ] --START--
NOTIC: [8] Undefined variable: info D:\www\Conf\logs\Cache\User\2b7557acba6d3dbbf4385ab2f248220d.php 第 5 行.
INFO: Run ParseTemplate Behavior [ RunTime:-1.061385s ]
INFO: [ view_parse ] --END-- [ RunTime:0.029159s ]
INFO: [ view_filter ] --START--
INFO: Run ContentReplace Behavior [ RunTime:-1.090581s ]
INFO: Run TokenBuild Behavior [ RunTime:-1.091262s ]
INFO: Run WriteHtmlCache Behavior [ RunTime:-1.092007s ]
INFO: Run ShowRuntime Behavior [ RunTime:-1.092787s ]
INFO: [ view_filter ] --END-- [ RunTime:0.003242s ]
INFO: [ view_end ] --START--
INFO: Run ShowPageTrace Behavior [ RunTime:-1.093910s ]
INFO: [ view_end ] --END-- [ RunTime:0.000797s ]

[ 2015-06-02T13:42:23+08:00 ] ERR: (ThinkException) 无法加载模块:99
[ 2015-06-02T13:42:23+08:00 ] ERR: (ThinkException) 无法加载模块:favicon.ico
[ 2015-06-02T13:42:30+08:00 ] ERR: (ThinkException) 无法加载模块:favicon.ico
[ 2015-06-02T17:23:13+08:00 ] 0.0.0.0 /
INFO: [ app_begin ] --START--
INFO: Run ReadHtmlCache Behavior [ RunTime:0.026905s ]
INFO: [ app_begin ] --END-- [ RunTime:0.152006s ]
NOTIC: [2048] Declaration of IndexAction::show() should be compatible with that of Action::show() D:\www\31cms\Lib\Action\Home\IndexAction.class.php 第 2 行.
NOTIC: [8] Undefined index: 1 D:\www\31cms\_Core\Lib\Core\Action.class.php 第 208 行.
NOTIC: [2] Cannot use a scalar value as an array D:\www\31cms\_Core\Lib\Core\Action.class.php 第 208 行.
SQL: SHOW COLUMNS FROM `tp_agent` [ RunTime:0.296437s ]
SQL: SELECT * FROM `tp_agent` WHERE ( `siteurl` = 'http://localhost' ) LIMIT 1   [ RunTime:0.001257s ]
INFO: [ view_template ] --START--
INFO: Run LocationTemplate Behavior [ RunTime:-2.953401s ]
INFO: [ view_template ] --END-- [ RunTime:0.037826s ]
INFO: [ view_parse ] --START--
INFO: Run ParseTemplate Behavior [ RunTime:-2.991280s ]
INFO: [ view_parse ] --END-- [ RunTime:0.095540s ]
INFO: [ view_filter ] --START--
INFO: Run ContentReplace Behavior [ RunTime:-3.086876s ]
INFO: Run TokenBuild Behavior [ RunTime:-3.114894s ]
INFO: Run WriteHtmlCache Behavior [ RunTime:-3.116361s ]
INFO: Run ShowRuntime Behavior [ RunTime:-3.118237s ]
INFO: [ view_filter ] --END-- [ RunTime:0.033740s ]
INFO: [ view_end ] --START--
INFO: Run ShowPageTrace Behavior [ RunTime:-3.120703s ]
INFO: [ view_end ] --END-- [ RunTime:0.001402s ]

