[ 2015-05-26T11:05:04+08:00 ] 0.0.0.0 /
INFO: [ app_begin ] --START--
INFO: Run ReadHtmlCache Behavior [ RunTime:0.001813s ]
INFO: [ app_begin ] --END-- [ RunTime:0.015606s ]
NOTIC: [2048] Declaration of IndexAction::show() should be compatible with that of Action::show() D:\www\31cms\Lib\Action\Home\IndexAction.class.php 第 2 行.
NOTIC: [8] Undefined index: 1 D:\www\31cms\_Core\Lib\Core\Action.class.php 第 208 行.
NOTIC: [2] Cannot use a scalar value as an array D:\www\31cms\_Core\Lib\Core\Action.class.php 第 208 行.
SQL: SHOW COLUMNS FROM `tp_agent` [ RunTime:0.052810s ]
SQL: SELECT * FROM `tp_agent` WHERE ( `siteurl` = 'http://localhost' ) LIMIT 1   [ RunTime:0.003728s ]
INFO: [ view_template ] --START--
INFO: Run LocationTemplate Behavior [ RunTime:-1.352488s ]
INFO: [ view_template ] --END-- [ RunTime:0.012381s ]
INFO: [ view_parse ] --START--
INFO: Run ParseTemplate Behavior [ RunTime:-1.364902s ]
INFO: [ view_parse ] --END-- [ RunTime:0.038305s ]
INFO: [ view_filter ] --START--
INFO: Run ContentReplace Behavior [ RunTime:-1.403287s ]
INFO: Run TokenBuild Behavior [ RunTime:-1.405691s ]
INFO: Run WriteHtmlCache Behavior [ RunTime:-1.407372s ]
INFO: Run ShowRuntime Behavior [ RunTime:-1.408517s ]
INFO: [ view_filter ] --END-- [ RunTime:0.006725s ]
INFO: [ view_end ] --START--
INFO: Run ShowPageTrace Behavior [ RunTime:-1.410163s ]
INFO: [ view_end ] --END-- [ RunTime:0.001638s ]

[ 2015-05-26T11:05:05+08:00 ] ERR: (ThinkException) 无法加载模块:tpl
[ 2015-05-26T11:05:05+08:00 ] ERR: (ThinkException) 无法加载模块:tpl
[ 2015-05-26T11:05:05+08:00 ] ERR: (ThinkException) 无法加载模块:tpl
[ 2015-05-26T11:05:08+08:00 ] 0.0.0.0 /index.php?m=Users&a=checklogin
INFO: [ app_begin ] --START--
INFO: Run ReadHtmlCache Behavior [ RunTime:0.000590s ]
INFO: [ app_begin ] --END-- [ RunTime:0.000693s ]
NOTIC: [8] Undefined index: 1 D:\www\31cms\_Core\Lib\Core\Action.class.php 第 208 行.
NOTIC: [2] Cannot use a scalar value as an array D:\www\31cms\_Core\Lib\Core\Action.class.php 第 208 行.
SQL: SHOW COLUMNS FROM `tp_agent` [ RunTime:0.013842s ]
SQL: SELECT * FROM `tp_agent` WHERE ( `siteurl` = 'http://localhost' ) LIMIT 1   [ RunTime:0.000815s ]
SQL: SHOW COLUMNS FROM `tp_users` [ RunTime:0.033931s ]
SQL: SELECT * FROM `tp_users` WHERE ( `username` = 'admin' ) LIMIT 1   [ RunTime:0.001144s ]
SQL: SHOW COLUMNS FROM `tp_token_open` [ RunTime:0.022436s ]
SQL: SELECT `token` FROM `tp_token_open` WHERE ( `uid` = 1 ) LIMIT 1   [ RunTime:0.000607s ]
SQL: SHOW COLUMNS FROM `tp_user_group` [ RunTime:0.008235s ]
SQL: SELECT * FROM `tp_user_group` WHERE ( `id` = 7 ) LIMIT 1   [ RunTime:0.001426s ]
SQL: UPDATE `tp_users` SET `lasttime`=1432609508,`lastloginmonth`=5,`lastip`='0.0.0.0' WHERE ( `id` = 1 ) [ RunTime:0.001881s ]
INFO: [ view_template ] --START--
INFO: Run LocationTemplate Behavior [ RunTime:-1.190408s ]
INFO: [ view_template ] --END-- [ RunTime:0.001968s ]
INFO: [ view_parse ] --START--
INFO: Run ParseTemplate Behavior [ RunTime:-1.192462s ]
INFO: [ view_parse ] --END-- [ RunTime:0.025796s ]
INFO: [ view_filter ] --START--
INFO: Run ContentReplace Behavior [ RunTime:-1.218380s ]
INFO: Run TokenBuild Behavior [ RunTime:-1.219569s ]
INFO: Run WriteHtmlCache Behavior [ RunTime:-1.220378s ]
INFO: Run ShowRuntime Behavior [ RunTime:-1.220957s ]
INFO: [ view_filter ] --END-- [ RunTime:0.003469s ]
INFO: [ view_end ] --START--
INFO: Run ShowPageTrace Behavior [ RunTime:-1.221965s ]
INFO: [ view_end ] --END-- [ RunTime:0.001074s ]

[ 2015-05-26T11:05:10+08:00 ] 0.0.0.0 /index.php?g=User&m=Vote&a=index
INFO: [ app_begin ] --START--
INFO: Run ReadHtmlCache Behavior [ RunTime:0.000590s ]
INFO: [ app_begin ] --END-- [ RunTime:0.000691s ]
NOTIC: [8] Undefined index: 1 D:\www\31cms\_Core\Lib\Core\Action.class.php 第 208 行.
NOTIC: [2] Cannot use a scalar value as an array D:\www\31cms\_Core\Lib\Core\Action.class.php 第 208 行.
SQL: SHOW COLUMNS FROM `tp_agent` [ RunTime:0.007303s ]
SQL: SELECT * FROM `tp_agent` WHERE ( `siteurl` = 'http://localhost' ) LIMIT 1   [ RunTime:0.001448s ]
SQL: SHOW COLUMNS FROM `tp_user_group` [ RunTime:0.005978s ]
SQL: SELECT * FROM `tp_user_group` WHERE ( `id` = 7 ) LIMIT 1   [ RunTime:0.000579s ]
SQL: SHOW COLUMNS FROM `tp_users` [ RunTime:0.007431s ]
SQL: SELECT * FROM `tp_users` WHERE ( `id` = 1 ) LIMIT 1   [ RunTime:0.000824s ]
SQL: SELECT * FROM `tp_users` WHERE ( `id` = 1 ) LIMIT 1   [ RunTime:0.000659s ]
SQL: SHOW COLUMNS FROM `tp_wxuser` [ RunTime:0.029148s ]
SQL: SELECT `wxname`,`weixin`,`wxid`,`headerpic` FROM `tp_wxuser` WHERE ( `token` = 'vjcbgt1414375209' ) AND ( `uid` = 1 ) LIMIT 1   [ RunTime:0.000672s ]
SQL: SHOW COLUMNS FROM `tp_token_open` [ RunTime:0.005157s ]
SQL: SELECT `queryname` FROM `tp_token_open` WHERE ( `token` = 'vjcbgt1414375209' ) LIMIT 1   [ RunTime:0.000631s ]
SQL: SELECT `gid`,`activitynum` FROM `tp_users` WHERE ( `id` = 1 ) LIMIT 1   [ RunTime:0.000512s ]
SQL: SELECT * FROM `tp_user_group` WHERE ( `id` = 7 ) LIMIT 1   [ RunTime:0.000522s ]
SQL: SHOW COLUMNS FROM `tp_vote` [ RunTime:0.033218s ]
SQL: SELECT * FROM `tp_vote` WHERE ( `token` = 'vjcbgt1414375209' ) ORDER BY id DESC  [ RunTime:0.001190s ]
SQL: SELECT COUNT(*) AS tp_count FROM `tp_vote` WHERE ( `token` = 'vjcbgt1414375209' ) LIMIT 1   [ RunTime:0.000733s ]
INFO: [ view_template ] --START--
INFO: Run LocationTemplate Behavior [ RunTime:-1.181082s ]
INFO: [ view_template ] --END-- [ RunTime:0.022418s ]
INFO: [ view_parse ] --START--
NOTIC: [8] Undefined variable: info D:\www\Conf\logs\Cache\User\f70321ef24e437eb7147c67ab8f0460a.php 第 5 行.
NOTIC: [8] Undefined variable: ok D:\www\Conf\logs\Cache\User\f70321ef24e437eb7147c67ab8f0460a.php 第 165 行.
NOTIC: [8] Undefined index: id D:\www\Conf\logs\Cache\User\f70321ef24e437eb7147c67ab8f0460a.php 第 181 行.
NOTIC: [8] Undefined variable: myurl D:\www\Conf\logs\Cache\User\f70321ef24e437eb7147c67ab8f0460a.php 第 213 行.
INFO: Run ParseTemplate Behavior [ RunTime:-1.203562s ]
INFO: [ view_parse ] --END-- [ RunTime:0.030245s ]
INFO: [ view_filter ] --START--
INFO: Run ContentReplace Behavior [ RunTime:-1.233951s ]
INFO: Run TokenBuild Behavior [ RunTime:-1.234612s ]
INFO: Run WriteHtmlCache Behavior [ RunTime:-1.235285s ]
INFO: Run ShowRuntime Behavior [ RunTime:-1.235730s ]
INFO: [ view_filter ] --END-- [ RunTime:0.002495s ]
INFO: [ view_end ] --START--
INFO: Run ShowPageTrace Behavior [ RunTime:-1.236590s ]
INFO: [ view_end ] --END-- [ RunTime:0.000942s ]

[ 2015-05-26T11:05:11+08:00 ] 0.0.0.0 /index.php?g=User&m=Vote&a=index
INFO: [ app_begin ] --START--
INFO: Run ReadHtmlCache Behavior [ RunTime:0.000956s ]
INFO: [ app_begin ] --END-- [ RunTime:0.001080s ]
NOTIC: [8] Undefined index: 1 D:\www\31cms\_Core\Lib\Core\Action.class.php 第 208 行.
NOTIC: [2] Cannot use a scalar value as an array D:\www\31cms\_Core\Lib\Core\Action.class.php 第 208 行.
SQL: SHOW COLUMNS FROM `tp_agent` [ RunTime:0.004686s ]
SQL: SELECT * FROM `tp_agent` WHERE ( `siteurl` = 'http://localhost' ) LIMIT 1   [ RunTime:0.000616s ]
SQL: SHOW COLUMNS FROM `tp_user_group` [ RunTime:0.004395s ]
SQL: SELECT * FROM `tp_user_group` WHERE ( `id` = 7 ) LIMIT 1   [ RunTime:0.000521s ]
SQL: SHOW COLUMNS FROM `tp_users` [ RunTime:0.007350s ]
SQL: SELECT * FROM `tp_users` WHERE ( `id` = 1 ) LIMIT 1   [ RunTime:0.000730s ]
SQL: SELECT * FROM `tp_users` WHERE ( `id` = 1 ) LIMIT 1   [ RunTime:0.000594s ]
SQL: SHOW COLUMNS FROM `tp_wxuser` [ RunTime:0.005678s ]
SQL: SELECT `wxname`,`weixin`,`wxid`,`headerpic` FROM `tp_wxuser` WHERE ( `token` = 'vjcbgt1414375209' ) AND ( `uid` = 1 ) LIMIT 1   [ RunTime:0.000458s ]
SQL: SHOW COLUMNS FROM `tp_token_open` [ RunTime:0.004004s ]
SQL: SELECT `queryname` FROM `tp_token_open` WHERE ( `token` = 'vjcbgt1414375209' ) LIMIT 1   [ RunTime:0.000378s ]
SQL: SELECT `gid`,`activitynum` FROM `tp_users` WHERE ( `id` = 1 ) LIMIT 1   [ RunTime:0.000322s ]
SQL: SELECT * FROM `tp_user_group` WHERE ( `id` = 7 ) LIMIT 1   [ RunTime:0.000366s ]
SQL: SHOW COLUMNS FROM `tp_vote` [ RunTime:0.004278s ]
SQL: SELECT * FROM `tp_vote` WHERE ( `token` = 'vjcbgt1414375209' ) ORDER BY id DESC  [ RunTime:0.000531s ]
SQL: SELECT COUNT(*) AS tp_count FROM `tp_vote` WHERE ( `token` = 'vjcbgt1414375209' ) LIMIT 1   [ RunTime:0.000448s ]
INFO: [ view_template ] --START--
INFO: Run LocationTemplate Behavior [ RunTime:-2.135314s ]
INFO: [ view_template ] --END-- [ RunTime:0.001156s ]
INFO: [ view_parse ] --START--
NOTIC: [8] Undefined variable: info D:\www\Conf\logs\Cache\User\f70321ef24e437eb7147c67ab8f0460a.php 第 5 行.
NOTIC: [8] Undefined variable: ok D:\www\Conf\logs\Cache\User\f70321ef24e437eb7147c67ab8f0460a.php 第 165 行.
NOTIC: [8] Undefined index: id D:\www\Conf\logs\Cache\User\f70321ef24e437eb7147c67ab8f0460a.php 第 181 行.
NOTIC: [8] Undefined variable: myurl D:\www\Conf\logs\Cache\User\f70321ef24e437eb7147c67ab8f0460a.php 第 213 行.
INFO: Run ParseTemplate Behavior [ RunTime:-2.136522s ]
INFO: [ view_parse ] --END-- [ RunTime:0.018322s ]
INFO: [ view_filter ] --START--
INFO: Run ContentReplace Behavior [ RunTime:-2.154903s ]
INFO: Run TokenBuild Behavior [ RunTime:-2.155669s ]
INFO: Run WriteHtmlCache Behavior [ RunTime:-2.156453s ]
INFO: Run ShowRuntime Behavior [ RunTime:-2.157053s ]
INFO: [ view_filter ] --END-- [ RunTime:0.002922s ]
INFO: [ view_end ] --START--
INFO: Run ShowPageTrace Behavior [ RunTime:-2.157916s ]
INFO: [ view_end ] --END-- [ RunTime:0.000890s ]

[ 2015-05-26T11:05:12+08:00 ] ERR: (ThinkException) 无法加载模块:tpl
[ 2015-05-26T11:05:12+08:00 ] ERR: (ThinkException) 无法加载模块:tpl
[ 2015-05-26T11:05:15+08:00 ] 0.0.0.0 /index.php?g=Wap&m=Vote&a=index&token=vjcbgt1414375209&tid=18
INFO: [ app_begin ] --START--
INFO: Run ReadHtmlCache Behavior [ RunTime:0.000729s ]
INFO: [ app_begin ] --END-- [ RunTime:0.000856s ]
NOTIC: [2048] Declaration of VoteAction::show() should be compatible with that of Action::show() D:\www\31cms\Lib\Action\Wap\VoteAction.class.php 第 2 行.
NOTIC: [8] Undefined index: 1 D:\www\31cms\_Core\Lib\Core\Action.class.php 第 208 行.
NOTIC: [2] Cannot use a scalar value as an array D:\www\31cms\_Core\Lib\Core\Action.class.php 第 208 行.
SQL: SHOW COLUMNS FROM `tp_agent` [ RunTime:0.015297s ]
SQL: SELECT * FROM `tp_agent` WHERE ( `siteurl` = 'http://localhost' ) LIMIT 1   [ RunTime:0.001667s ]
SQL: SHOW COLUMNS FROM `tp_vote` [ RunTime:0.007922s ]
SQL: SHOW COLUMNS FROM `tp_vote_record` [ RunTime:0.029430s ]
SQL: SHOW COLUMNS FROM `tp_token_open` [ RunTime:0.004771s ]
SQL: SHOW COLUMNS FROM `tp_users` [ RunTime:0.006678s ]
SQL: SELECT `uid` FROM `tp_token_open` WHERE ( `token` = 'vjcbgt1414375209' ) LIMIT 1   [ RunTime:0.000441s ]
SQL: SELECT * FROM `tp_vote` WHERE ( `token` = 'vjcbgt1414375209' ) AND ( `id` = 18 ) LIMIT 1   [ RunTime:0.000527s ]
SQL: SELECT * FROM `tp_users` WHERE ( `id` = 1 ) LIMIT 1   [ RunTime:0.000663s ]
NOTIC: [8] Undefined index: search D:\www\31cms\Lib\Action\Wap\VoteAction.class.php 第 55 行.
NOTIC: [8] Undefined index: search D:\www\31cms\Lib\Action\Wap\VoteAction.class.php 第 59 行.
SQL: SHOW COLUMNS FROM `tp_vote_item` [ RunTime:0.016535s ]
SQL: SELECT COUNT(*) AS tp_count FROM `tp_vote_item` WHERE ( `vid` = 18 ) AND ( `status` = 1 ) LIMIT 1   [ RunTime:0.009258s ]
SQL: SHOW COLUMNS FROM `tp_vote_record` [ RunTime:0.003993s ]
SQL: SELECT COUNT(*) AS tp_count FROM `tp_vote_record` LIMIT 1   [ RunTime:0.000355s ]
SQL: SELECT * FROM `tp_vote_item` WHERE ( `vid` = 18 ) AND ( `status` = 1 ) ORDER BY `rank` asc,`id` desc LIMIT 0,6   [ RunTime:0.000555s ]
SQL: SELECT * FROM `tp_vote_item` WHERE ( `vid` = 18 ) AND ( `status` = 1 ) ORDER BY vcount desc LIMIT 0,6   [ RunTime:0.000544s ]
SQL: SELECT * FROM `tp_vote_record` WHERE ( `wecha_id` = null ) AND ( `vid` = 18 ) LIMIT 1   [ RunTime:0.000502s ]
SQL: SELECT * FROM `tp_vote_item` WHERE ( `vid` = 18 ) AND ( `status` = 1 ) ORDER BY `rank` asc,`id` desc LIMIT 0,6   [ RunTime:0.000556s ]
NOTIC: [8] Undefined variable: vcount D:\www\31cms\Lib\Action\Wap\VoteAction.class.php 第 104 行.
NOTIC: [2] Division by zero D:\www\31cms\Lib\Action\Wap\VoteAction.class.php 第 104 行.
NOTIC: [8] Undefined variable: vcount D:\www\31cms\Lib\Action\Wap\VoteAction.class.php 第 104 行.
NOTIC: [2] Division by zero D:\www\31cms\Lib\Action\Wap\VoteAction.class.php 第 104 行.
NOTIC: [8] Undefined variable: vcount D:\www\31cms\Lib\Action\Wap\VoteAction.class.php 第 104 行.
NOTIC: [2] Division by zero D:\www\31cms\Lib\Action\Wap\VoteAction.class.php 第 104 行.
NOTIC: [8] Undefined variable: vcount D:\www\31cms\Lib\Action\Wap\VoteAction.class.php 第 104 行.
NOTIC: [2] Division by zero D:\www\31cms\Lib\Action\Wap\VoteAction.class.php 第 104 行.
NOTIC: [8] Undefined variable: vcount D:\www\31cms\Lib\Action\Wap\VoteAction.class.php 第 104 行.
NOTIC: [2] Division by zero D:\www\31cms\Lib\Action\Wap\VoteAction.class.php 第 104 行.
NOTIC: [8] Undefined variable: vcount D:\www\31cms\Lib\Action\Wap\VoteAction.class.php 第 104 行.
NOTIC: [2] Division by zero D:\www\31cms\Lib\Action\Wap\VoteAction.class.php 第 104 行.
NOTIC: [8] Undefined variable: show D:\www\31cms\Lib\Action\Wap\VoteAction.class.php 第 133 行.
NOTIC: [8] Undefined variable: total D:\www\31cms\Lib\Action\Wap\VoteAction.class.php 第 136 行.
INFO: [ view_template ] --START--
INFO: Run LocationTemplate Behavior [ RunTime:-1.152940s ]
INFO: [ view_template ] --END-- [ RunTime:0.000886s ]
INFO: [ view_parse ] --START--
INFO: Run ParseTemplate Behavior [ RunTime:-1.153878s ]
INFO: [ view_parse ] --END-- [ RunTime:0.049261s ]
INFO: [ view_filter ] --START--
INFO: Run ContentReplace Behavior [ RunTime:-1.203231s ]
INFO: Run TokenBuild Behavior [ RunTime:-1.204132s ]
INFO: Run WriteHtmlCache Behavior [ RunTime:-1.205048s ]
INFO: Run ShowRuntime Behavior [ RunTime:-1.205984s ]
INFO: [ view_filter ] --END-- [ RunTime:0.006707s ]
INFO: [ view_end ] --START--
INFO: Run ShowPageTrace Behavior [ RunTime:-1.210245s ]
INFO: [ view_end ] --END-- [ RunTime:0.002216s ]

[ 2015-05-26T11:05:16+08:00 ] ERR: (ThinkException) 无法加载模块:tpl
[ 2015-05-26T11:05:26+08:00 ] 0.0.0.0 /index.php?g=User&m=Vote&a=eitem&token=vjcbgt1414375209&id=18
INFO: [ app_begin ] --START--
INFO: Run ReadHtmlCache Behavior [ RunTime:0.000910s ]
INFO: [ app_begin ] --END-- [ RunTime:0.001024s ]
NOTIC: [8] Undefined index: 1 D:\www\31cms\_Core\Lib\Core\Action.class.php 第 208 行.
NOTIC: [2] Cannot use a scalar value as an array D:\www\31cms\_Core\Lib\Core\Action.class.php 第 208 行.
SQL: SHOW COLUMNS FROM `tp_agent` [ RunTime:0.015293s ]
SQL: SELECT * FROM `tp_agent` WHERE ( `siteurl` = 'http://localhost' ) LIMIT 1   [ RunTime:0.002186s ]
SQL: SHOW COLUMNS FROM `tp_user_group` [ RunTime:0.012841s ]
SQL: SELECT * FROM `tp_user_group` WHERE ( `id` = 7 ) LIMIT 1   [ RunTime:0.000671s ]
SQL: SHOW COLUMNS FROM `tp_users` [ RunTime:0.009625s ]
SQL: SELECT * FROM `tp_users` WHERE ( `id` = 1 ) LIMIT 1   [ RunTime:0.001006s ]
SQL: SELECT * FROM `tp_users` WHERE ( `id` = 1 ) LIMIT 1   [ RunTime:0.000836s ]
SQL: SHOW COLUMNS FROM `tp_wxuser` [ RunTime:0.007902s ]
SQL: SELECT `wxname`,`weixin`,`wxid`,`headerpic` FROM `tp_wxuser` WHERE ( `token` = 'vjcbgt1414375209' ) AND ( `uid` = 1 ) LIMIT 1   [ RunTime:0.000556s ]
SQL: SHOW COLUMNS FROM `tp_token_open` [ RunTime:0.005174s ]
SQL: SELECT `queryname` FROM `tp_token_open` WHERE ( `token` = 'vjcbgt1414375209' ) LIMIT 1   [ RunTime:0.000523s ]
SQL: SHOW COLUMNS FROM `tp_vote_item` [ RunTime:0.004263s ]
SQL: SELECT COUNT(*) AS tp_count FROM `tp_vote_item` WHERE ( `vid` = 18 ) AND ( `status` = 1 ) LIMIT 1   [ RunTime:0.000474s ]
SQL: SELECT * FROM `tp_vote_item` WHERE ( `vid` = 18 ) AND ( `status` = 1 ) ORDER BY id DESC LIMIT 0,60   [ RunTime:0.000622s ]
NOTIC: [8] Undefined variable: vote D:\www\31cms\Lib\Action\User\VoteAction.class.php 第 718 行.
SQL: SELECT SUM(vcount) AS tp_sum FROM `tp_vote_item` WHERE ( `vid` = null ) LIMIT 1   [ RunTime:0.000453s ]
INFO: [ view_template ] --START--
INFO: Run LocationTemplate Behavior [ RunTime:-1.147319s ]
INFO: [ view_template ] --END-- [ RunTime:0.001687s ]
INFO: [ view_parse ] --START--
NOTIC: [8] Undefined variable: info D:\www\Conf\logs\Cache\User\81da8b6e05eaad148eb0c454090d4123.php 第 5 行.
INFO: Run ParseTemplate Behavior [ RunTime:-1.149055s ]
INFO: [ view_parse ] --END-- [ RunTime:0.023860s ]
INFO: [ view_filter ] --START--
INFO: Run ContentReplace Behavior [ RunTime:-1.172971s ]
INFO: Run TokenBuild Behavior [ RunTime:-1.173832s ]
INFO: Run WriteHtmlCache Behavior [ RunTime:-1.174706s ]
INFO: Run ShowRuntime Behavior [ RunTime:-1.175334s ]
INFO: [ view_filter ] --END-- [ RunTime:0.003195s ]
INFO: [ view_end ] --START--
INFO: Run ShowPageTrace Behavior [ RunTime:-1.176253s ]
INFO: [ view_end ] --END-- [ RunTime:0.000953s ]

[ 2015-05-26T11:05:32+08:00 ] 0.0.0.0 /index.php?g=User&m=Vote&a=editplayer&token=vjcbgt1414375209&id=18&uid=8
INFO: [ app_begin ] --START--
INFO: Run ReadHtmlCache Behavior [ RunTime:0.000708s ]
INFO: [ app_begin ] --END-- [ RunTime:0.000825s ]
NOTIC: [8] Undefined index: 1 D:\www\31cms\_Core\Lib\Core\Action.class.php 第 208 行.
NOTIC: [2] Cannot use a scalar value as an array D:\www\31cms\_Core\Lib\Core\Action.class.php 第 208 行.
SQL: SHOW COLUMNS FROM `tp_agent` [ RunTime:0.004841s ]
SQL: SELECT * FROM `tp_agent` WHERE ( `siteurl` = 'http://localhost' ) LIMIT 1   [ RunTime:0.000603s ]
SQL: SHOW COLUMNS FROM `tp_user_group` [ RunTime:0.004153s ]
SQL: SELECT * FROM `tp_user_group` WHERE ( `id` = 7 ) LIMIT 1   [ RunTime:0.000520s ]
SQL: SHOW COLUMNS FROM `tp_users` [ RunTime:0.006436s ]
SQL: SELECT * FROM `tp_users` WHERE ( `id` = 1 ) LIMIT 1   [ RunTime:0.000774s ]
SQL: SELECT * FROM `tp_users` WHERE ( `id` = 1 ) LIMIT 1   [ RunTime:0.000781s ]
SQL: SHOW COLUMNS FROM `tp_wxuser` [ RunTime:0.005810s ]
SQL: SELECT `wxname`,`weixin`,`wxid`,`headerpic` FROM `tp_wxuser` WHERE ( `token` = 'vjcbgt1414375209' ) AND ( `uid` = 1 ) LIMIT 1   [ RunTime:0.000472s ]
SQL: SHOW COLUMNS FROM `tp_token_open` [ RunTime:0.003836s ]
SQL: SELECT `queryname` FROM `tp_token_open` WHERE ( `token` = 'vjcbgt1414375209' ) LIMIT 1   [ RunTime:0.000453s ]
SQL: SHOW COLUMNS FROM `tp_vote_item` [ RunTime:0.004762s ]
SQL: SELECT * FROM `tp_vote_item` WHERE ( `id` = 8 ) LIMIT 1   [ RunTime:0.000466s ]
SQL: SELECT COUNT(*) AS tp_count FROM `tp_vote_item` WHERE ( `vid` = 18 ) AND ( `status` = 1 ) LIMIT 1   [ RunTime:0.000435s ]
SQL: SELECT * FROM `tp_vote_item` WHERE ( `vid` = 18 ) AND ( `status` = 1 ) ORDER BY id DESC LIMIT 0,60   [ RunTime:0.000642s ]
NOTIC: [8] Undefined variable: vote D:\www\31cms\Lib\Action\User\VoteAction.class.php 第 792 行.
SQL: SELECT SUM(vcount) AS tp_sum FROM `tp_vote_item` WHERE ( `vid` = null ) LIMIT 1   [ RunTime:0.000462s ]
INFO: [ view_template ] --START--
INFO: Run LocationTemplate Behavior [ RunTime:-1.061510s ]
INFO: [ view_template ] --END-- [ RunTime:0.000853s ]
INFO: [ view_parse ] --START--
NOTIC: [8] Undefined variable: info D:\www\Conf\logs\Cache\User\d677d01512639c529aeba3891642bff3.php 第 5 行.
INFO: Run ParseTemplate Behavior [ RunTime:-1.062415s ]
INFO: [ view_parse ] --END-- [ RunTime:0.032481s ]
INFO: [ view_filter ] --START--
INFO: Run ContentReplace Behavior [ RunTime:-1.094948s ]
INFO: Run TokenBuild Behavior [ RunTime:-1.095595s ]
INFO: Run WriteHtmlCache Behavior [ RunTime:-1.096219s ]
INFO: Run ShowRuntime Behavior [ RunTime:-1.096667s ]
INFO: [ view_filter ] --END-- [ RunTime:0.002357s ]
INFO: [ view_end ] --START--
INFO: Run ShowPageTrace Behavior [ RunTime:-1.097393s ]
INFO: [ view_end ] --END-- [ RunTime:0.000777s ]

[ 2015-05-26T11:16:33+08:00 ] 0.0.0.0 /index.php?g=User&m=Vote&a=editplayer&token=vjcbgt1414375209&id=18&uid=8
INFO: [ app_begin ] --START--
INFO: Run ReadHtmlCache Behavior [ RunTime:0.000970s ]
INFO: [ app_begin ] --END-- [ RunTime:0.001096s ]
NOTIC: [8] Undefined index: 1 D:\www\31cms\_Core\Lib\Core\Action.class.php 第 208 行.
NOTIC: [2] Cannot use a scalar value as an array D:\www\31cms\_Core\Lib\Core\Action.class.php 第 208 行.
SQL: SHOW COLUMNS FROM `tp_agent` [ RunTime:0.017059s ]
SQL: SELECT * FROM `tp_agent` WHERE ( `siteurl` = 'http://localhost' ) LIMIT 1   [ RunTime:0.001531s ]
SQL: SHOW COLUMNS FROM `tp_user_group` [ RunTime:0.007735s ]
SQL: SELECT * FROM `tp_user_group` WHERE ( `id` = 7 ) LIMIT 1   [ RunTime:0.000632s ]
SQL: SHOW COLUMNS FROM `tp_users` [ RunTime:0.010088s ]
SQL: SELECT * FROM `tp_users` WHERE ( `id` = 1 ) LIMIT 1   [ RunTime:0.001003s ]
SQL: SELECT * FROM `tp_users` WHERE ( `id` = 1 ) LIMIT 1   [ RunTime:0.000842s ]
SQL: SHOW COLUMNS FROM `tp_wxuser` [ RunTime:0.007820s ]
SQL: SELECT `wxname`,`weixin`,`wxid`,`headerpic` FROM `tp_wxuser` WHERE ( `token` = 'vjcbgt1414375209' ) AND ( `uid` = 1 ) LIMIT 1   [ RunTime:0.000463s ]
SQL: SHOW COLUMNS FROM `tp_token_open` [ RunTime:0.003750s ]
SQL: SELECT `queryname` FROM `tp_token_open` WHERE ( `token` = 'vjcbgt1414375209' ) LIMIT 1   [ RunTime:0.000553s ]
SQL: SHOW COLUMNS FROM `tp_vote_item` [ RunTime:0.004096s ]
SQL: SELECT * FROM `tp_vote_item` WHERE ( `id` = 8 ) LIMIT 1   [ RunTime:0.000455s ]
SQL: SELECT COUNT(*) AS tp_count FROM `tp_vote_item` WHERE ( `vid` = 18 ) AND ( `status` = 1 ) LIMIT 1   [ RunTime:0.000435s ]
SQL: SELECT * FROM `tp_vote_item` WHERE ( `vid` = 18 ) AND ( `status` = 1 ) ORDER BY id DESC LIMIT 0,60   [ RunTime:0.000583s ]
NOTIC: [8] Undefined variable: vote D:\www\31cms\Lib\Action\User\VoteAction.class.php 第 808 行.
SQL: SELECT SUM(vcount) AS tp_sum FROM `tp_vote_item` WHERE ( `vid` = null ) LIMIT 1   [ RunTime:0.000422s ]
INFO: [ view_template ] --START--
INFO: Run LocationTemplate Behavior [ RunTime:-1.090341s ]
INFO: [ view_template ] --END-- [ RunTime:0.001656s ]
INFO: [ view_parse ] --START--
NOTIC: [8] Undefined variable: info D:\www\Conf\logs\Cache\User\d677d01512639c529aeba3891642bff3.php 第 5 行.
INFO: Run ParseTemplate Behavior [ RunTime:-1.092053s ]
INFO: [ view_parse ] --END-- [ RunTime:0.012802s ]
INFO: [ view_filter ] --START--
INFO: Run ContentReplace Behavior [ RunTime:-1.104923s ]
INFO: Run TokenBuild Behavior [ RunTime:-1.105691s ]
INFO: Run WriteHtmlCache Behavior [ RunTime:-1.106413s ]
INFO: Run ShowRuntime Behavior [ RunTime:-1.106975s ]
INFO: [ view_filter ] --END-- [ RunTime:0.002772s ]
INFO: [ view_end ] --START--
INFO: Run ShowPageTrace Behavior [ RunTime:-1.107774s ]
INFO: [ view_end ] --END-- [ RunTime:0.001734s ]

[ 2015-05-26T11:16:41+08:00 ] 0.0.0.0 /index.php?g=User&m=Vote&a=eitem&token=vjcbgt1414375209&id=18
INFO: [ app_begin ] --START--
INFO: Run ReadHtmlCache Behavior [ RunTime:0.001307s ]
INFO: [ app_begin ] --END-- [ RunTime:0.001426s ]
NOTIC: [8] Undefined index: 1 D:\www\31cms\_Core\Lib\Core\Action.class.php 第 208 行.
NOTIC: [2] Cannot use a scalar value as an array D:\www\31cms\_Core\Lib\Core\Action.class.php 第 208 行.
SQL: SHOW COLUMNS FROM `tp_agent` [ RunTime:0.004851s ]
SQL: SELECT * FROM `tp_agent` WHERE ( `siteurl` = 'http://localhost' ) LIMIT 1   [ RunTime:0.000604s ]
SQL: SHOW COLUMNS FROM `tp_user_group` [ RunTime:0.010774s ]
SQL: SELECT * FROM `tp_user_group` WHERE ( `id` = 7 ) LIMIT 1   [ RunTime:0.001095s ]
SQL: SHOW COLUMNS FROM `tp_users` [ RunTime:0.021132s ]
SQL: SELECT * FROM `tp_users` WHERE ( `id` = 1 ) LIMIT 1   [ RunTime:0.001046s ]
SQL: SELECT * FROM `tp_users` WHERE ( `id` = 1 ) LIMIT 1   [ RunTime:0.000845s ]
SQL: SHOW COLUMNS FROM `tp_wxuser` [ RunTime:0.009780s ]
SQL: SELECT `wxname`,`weixin`,`wxid`,`headerpic` FROM `tp_wxuser` WHERE ( `token` = 'vjcbgt1414375209' ) AND ( `uid` = 1 ) LIMIT 1   [ RunTime:0.000558s ]
SQL: SHOW COLUMNS FROM `tp_token_open` [ RunTime:0.006019s ]
SQL: SELECT `queryname` FROM `tp_token_open` WHERE ( `token` = 'vjcbgt1414375209' ) LIMIT 1   [ RunTime:0.000568s ]
SQL: SHOW COLUMNS FROM `tp_vote_item` [ RunTime:0.007375s ]
SQL: SELECT COUNT(*) AS tp_count FROM `tp_vote_item` WHERE ( `vid` = 18 ) AND ( `status` = 1 ) LIMIT 1   [ RunTime:0.000485s ]
SQL: SELECT * FROM `tp_vote_item` WHERE ( `vid` = 18 ) AND ( `status` = 1 ) ORDER BY id DESC LIMIT 0,60   [ RunTime:0.000614s ]
NOTIC: [8] Undefined variable: vote D:\www\31cms\Lib\Action\User\VoteAction.class.php 第 718 行.
SQL: SELECT SUM(vcount) AS tp_sum FROM `tp_vote_item` WHERE ( `vid` = null ) LIMIT 1   [ RunTime:0.000436s ]
INFO: [ view_template ] --START--
INFO: Run LocationTemplate Behavior [ RunTime:-1.097831s ]
INFO: [ view_template ] --END-- [ RunTime:0.001485s ]
INFO: [ view_parse ] --START--
NOTIC: [8] Undefined variable: info D:\www\Conf\logs\Cache\User\81da8b6e05eaad148eb0c454090d4123.php 第 5 行.
INFO: Run ParseTemplate Behavior [ RunTime:-1.099363s ]
INFO: [ view_parse ] --END-- [ RunTime:0.015684s ]
INFO: [ view_filter ] --START--
INFO: Run ContentReplace Behavior [ RunTime:-1.115102s ]
INFO: Run TokenBuild Behavior [ RunTime:-1.115911s ]
INFO: Run WriteHtmlCache Behavior [ RunTime:-1.116702s ]
INFO: Run ShowRuntime Behavior [ RunTime:-1.117300s ]
INFO: [ view_filter ] --END-- [ RunTime:0.002975s ]
INFO: [ view_end ] --START--
INFO: Run ShowPageTrace Behavior [ RunTime:-1.118161s ]
INFO: [ view_end ] --END-- [ RunTime:0.001405s ]

[ 2015-05-26T11:16:57+08:00 ] 0.0.0.0 /index.php?g=User&m=Vote&a=editplayer&token=vjcbgt1414375209&id=18&uid=9
INFO: [ app_begin ] --START--
INFO: Run ReadHtmlCache Behavior [ RunTime:0.000723s ]
INFO: [ app_begin ] --END-- [ RunTime:0.000846s ]
NOTIC: [8] Undefined index: 1 D:\www\31cms\_Core\Lib\Core\Action.class.php 第 208 行.
NOTIC: [2] Cannot use a scalar value as an array D:\www\31cms\_Core\Lib\Core\Action.class.php 第 208 行.
SQL: SHOW COLUMNS FROM `tp_agent` [ RunTime:0.005064s ]
SQL: SELECT * FROM `tp_agent` WHERE ( `siteurl` = 'http://localhost' ) LIMIT 1   [ RunTime:0.000820s ]
SQL: SHOW COLUMNS FROM `tp_user_group` [ RunTime:0.004323s ]
SQL: SELECT * FROM `tp_user_group` WHERE ( `id` = 7 ) LIMIT 1   [ RunTime:0.000521s ]
SQL: SHOW COLUMNS FROM `tp_users` [ RunTime:0.006650s ]
SQL: SELECT * FROM `tp_users` WHERE ( `id` = 1 ) LIMIT 1   [ RunTime:0.000771s ]
SQL: SELECT * FROM `tp_users` WHERE ( `id` = 1 ) LIMIT 1   [ RunTime:0.000683s ]
SQL: SHOW COLUMNS FROM `tp_wxuser` [ RunTime:0.005786s ]
SQL: SELECT `wxname`,`weixin`,`wxid`,`headerpic` FROM `tp_wxuser` WHERE ( `token` = 'vjcbgt1414375209' ) AND ( `uid` = 1 ) LIMIT 1   [ RunTime:0.000475s ]
SQL: SHOW COLUMNS FROM `tp_token_open` [ RunTime:0.003936s ]
SQL: SELECT `queryname` FROM `tp_token_open` WHERE ( `token` = 'vjcbgt1414375209' ) LIMIT 1   [ RunTime:0.000440s ]
SQL: SHOW COLUMNS FROM `tp_vote_item` [ RunTime:0.004740s ]
SQL: SELECT * FROM `tp_vote_item` WHERE ( `id` = 9 ) LIMIT 1   [ RunTime:0.000514s ]
SQL: SELECT COUNT(*) AS tp_count FROM `tp_vote_item` WHERE ( `vid` = 18 ) AND ( `status` = 1 ) LIMIT 1   [ RunTime:0.000462s ]
SQL: SELECT * FROM `tp_vote_item` WHERE ( `vid` = 18 ) AND ( `status` = 1 ) ORDER BY id DESC LIMIT 0,60   [ RunTime:0.000613s ]
NOTIC: [8] Undefined variable: vote D:\www\31cms\Lib\Action\User\VoteAction.class.php 第 808 行.
SQL: SELECT SUM(vcount) AS tp_sum FROM `tp_vote_item` WHERE ( `vid` = null ) LIMIT 1   [ RunTime:0.000453s ]
INFO: [ view_template ] --START--
INFO: Run LocationTemplate Behavior [ RunTime:-1.066069s ]
INFO: [ view_template ] --END-- [ RunTime:0.000754s ]
INFO: [ view_parse ] --START--
NOTIC: [8] Undefined variable: info D:\www\Conf\logs\Cache\User\d677d01512639c529aeba3891642bff3.php 第 5 行.
INFO: Run ParseTemplate Behavior [ RunTime:-1.066872s ]
INFO: [ view_parse ] --END-- [ RunTime:0.011936s ]
INFO: [ view_filter ] --START--
INFO: Run ContentReplace Behavior [ RunTime:-1.078860s ]
INFO: Run TokenBuild Behavior [ RunTime:-1.079489s ]
INFO: Run WriteHtmlCache Behavior [ RunTime:-1.080095s ]
INFO: Run ShowRuntime Behavior [ RunTime:-1.080526s ]
INFO: [ view_filter ] --END-- [ RunTime:0.002524s ]
INFO: [ view_end ] --START--
INFO: Run ShowPageTrace Behavior [ RunTime:-1.081553s ]
INFO: [ view_end ] --END-- [ RunTime:0.001066s ]

[ 2015-05-26T11:17:20+08:00 ] 0.0.0.0 /index.php?g=User&m=Vote&a=editplayer&token=vjcbgt1414375209&id=18&uid=9
INFO: [ app_begin ] --START--
INFO: Run ReadHtmlCache Behavior [ RunTime:0.000643s ]
INFO: [ app_begin ] --END-- [ RunTime:0.000755s ]
NOTIC: [8] Undefined index: 1 D:\www\31cms\_Core\Lib\Core\Action.class.php 第 208 行.
NOTIC: [2] Cannot use a scalar value as an array D:\www\31cms\_Core\Lib\Core\Action.class.php 第 208 行.
SQL: SHOW COLUMNS FROM `tp_agent` [ RunTime:0.005642s ]
SQL: SELECT * FROM `tp_agent` WHERE ( `siteurl` = 'http://localhost' ) LIMIT 1   [ RunTime:0.000626s ]
SQL: SHOW COLUMNS FROM `tp_user_group` [ RunTime:0.005038s ]
SQL: SELECT * FROM `tp_user_group` WHERE ( `id` = 7 ) LIMIT 1   [ RunTime:0.000540s ]
SQL: SHOW COLUMNS FROM `tp_users` [ RunTime:0.008583s ]
SQL: SELECT * FROM `tp_users` WHERE ( `id` = 1 ) LIMIT 1   [ RunTime:0.000780s ]
SQL: SELECT * FROM `tp_users` WHERE ( `id` = 1 ) LIMIT 1   [ RunTime:0.000650s ]
SQL: SHOW COLUMNS FROM `tp_wxuser` [ RunTime:0.007290s ]
SQL: SELECT `wxname`,`weixin`,`wxid`,`headerpic` FROM `tp_wxuser` WHERE ( `token` = 'vjcbgt1414375209' ) AND ( `uid` = 1 ) LIMIT 1   [ RunTime:0.000458s ]
SQL: SHOW COLUMNS FROM `tp_token_open` [ RunTime:0.005846s ]
SQL: SELECT `queryname` FROM `tp_token_open` WHERE ( `token` = 'vjcbgt1414375209' ) LIMIT 1   [ RunTime:0.000498s ]
SQL: SHOW COLUMNS FROM `tp_vote_item` [ RunTime:0.004517s ]
SQL: SELECT * FROM `tp_vote_item` WHERE ( `id` = 9 ) LIMIT 1   [ RunTime:0.000530s ]
SQL: SELECT COUNT(*) AS tp_count FROM `tp_vote_item` WHERE ( `vid` = 18 ) AND ( `status` = 1 ) LIMIT 1   [ RunTime:0.000512s ]
SQL: SELECT * FROM `tp_vote_item` WHERE ( `vid` = 18 ) AND ( `status` = 1 ) ORDER BY id DESC LIMIT 0,60   [ RunTime:0.000680s ]
NOTIC: [8] Undefined variable: vote D:\www\31cms\Lib\Action\User\VoteAction.class.php 第 808 行.
SQL: SELECT SUM(vcount) AS tp_sum FROM `tp_vote_item` WHERE ( `vid` = null ) LIMIT 1   [ RunTime:0.000431s ]
INFO: [ view_template ] --START--
INFO: Run LocationTemplate Behavior [ RunTime:-1.069715s ]
INFO: [ view_template ] --END-- [ RunTime:0.000736s ]
INFO: [ view_parse ] --START--
NOTIC: [8] Undefined variable: info D:\www\Conf\logs\Cache\User\d677d01512639c529aeba3891642bff3.php 第 5 行.
INFO: Run ParseTemplate Behavior [ RunTime:-1.070503s ]
INFO: [ view_parse ] --END-- [ RunTime:0.012387s ]
INFO: [ view_filter ] --START--
INFO: Run ContentReplace Behavior [ RunTime:-1.082959s ]
INFO: Run TokenBuild Behavior [ RunTime:-1.083633s ]
INFO: Run WriteHtmlCache Behavior [ RunTime:-1.084214s ]
INFO: Run ShowRuntime Behavior [ RunTime:-1.084634s ]
INFO: [ view_filter ] --END-- [ RunTime:0.002303s ]
INFO: [ view_end ] --START--
INFO: Run ShowPageTrace Behavior [ RunTime:-1.085340s ]
INFO: [ view_end ] --END-- [ RunTime:0.000738s ]

[ 2015-05-26T11:17:34+08:00 ] 0.0.0.0 /index.php?g=User&m=Vote&a=editplayer&token=vjcbgt1414375209&id=18&uid=9
INFO: [ app_begin ] --START--
INFO: Run ReadHtmlCache Behavior [ RunTime:0.001120s ]
INFO: [ app_begin ] --END-- [ RunTime:0.001282s ]
NOTIC: [8] Undefined index: 1 D:\www\31cms\_Core\Lib\Core\Action.class.php 第 208 行.
NOTIC: [2] Cannot use a scalar value as an array D:\www\31cms\_Core\Lib\Core\Action.class.php 第 208 行.
SQL: SHOW COLUMNS FROM `tp_agent` [ RunTime:0.008234s ]
SQL: SELECT * FROM `tp_agent` WHERE ( `siteurl` = 'http://localhost' ) LIMIT 1   [ RunTime:0.000818s ]
SQL: SHOW COLUMNS FROM `tp_user_group` [ RunTime:0.006357s ]
SQL: SELECT * FROM `tp_user_group` WHERE ( `id` = 7 ) LIMIT 1   [ RunTime:0.000684s ]
SQL: SHOW COLUMNS FROM `tp_users` [ RunTime:0.010604s ]
SQL: SELECT * FROM `tp_users` WHERE ( `id` = 1 ) LIMIT 1   [ RunTime:0.001089s ]
SQL: SELECT * FROM `tp_users` WHERE ( `id` = 1 ) LIMIT 1   [ RunTime:0.000609s ]
SQL: SHOW COLUMNS FROM `tp_wxuser` [ RunTime:0.005320s ]
SQL: SELECT `wxname`,`weixin`,`wxid`,`headerpic` FROM `tp_wxuser` WHERE ( `token` = 'vjcbgt1414375209' ) AND ( `uid` = 1 ) LIMIT 1   [ RunTime:0.000461s ]
SQL: SHOW COLUMNS FROM `tp_token_open` [ RunTime:0.004976s ]
SQL: SELECT `queryname` FROM `tp_token_open` WHERE ( `token` = 'vjcbgt1414375209' ) LIMIT 1   [ RunTime:0.000420s ]
SQL: SHOW COLUMNS FROM `tp_vote_item` [ RunTime:0.005120s ]
SQL: SELECT * FROM `tp_vote_item` WHERE ( `id` = 9 ) LIMIT 1   [ RunTime:0.000484s ]
SQL: SELECT COUNT(*) AS tp_count FROM `tp_vote_item` WHERE ( `vid` = 18 ) AND ( `status` = 1 ) LIMIT 1   [ RunTime:0.000441s ]
SQL: SELECT * FROM `tp_vote_item` WHERE ( `vid` = 18 ) AND ( `status` = 1 ) ORDER BY id DESC LIMIT 0,60   [ RunTime:0.000608s ]
NOTIC: [8] Undefined variable: vote D:\www\31cms\Lib\Action\User\VoteAction.class.php 第 808 行.
SQL: SELECT SUM(vcount) AS tp_sum FROM `tp_vote_item` WHERE ( `vid` = null ) LIMIT 1   [ RunTime:0.000424s ]
INFO: [ view_template ] --START--
INFO: Run LocationTemplate Behavior [ RunTime:-1.077712s ]
INFO: [ view_template ] --END-- [ RunTime:0.001504s ]
INFO: [ view_parse ] --START--
NOTIC: [8] Undefined variable: info D:\www\Conf\logs\Cache\User\d677d01512639c529aeba3891642bff3.php 第 5 行.
INFO: Run ParseTemplate Behavior [ RunTime:-1.079266s ]
INFO: [ view_parse ] --END-- [ RunTime:0.015101s ]
INFO: [ view_filter ] --START--
INFO: Run ContentReplace Behavior [ RunTime:-1.094419s ]
INFO: Run TokenBuild Behavior [ RunTime:-1.095383s ]
INFO: Run WriteHtmlCache Behavior [ RunTime:-1.096324s ]
INFO: Run ShowRuntime Behavior [ RunTime:-1.097141s ]
INFO: [ view_filter ] --END-- [ RunTime:0.003693s ]
INFO: [ view_end ] --START--
INFO: Run ShowPageTrace Behavior [ RunTime:-1.098191s ]
INFO: [ view_end ] --END-- [ RunTime:0.001076s ]

[ 2015-05-26T11:18:06+08:00 ] 0.0.0.0 /index.php?g=User&m=Vote&a=editplayer&token=vjcbgt1414375209&id=18&uid=9
INFO: [ app_begin ] --START--
INFO: Run ReadHtmlCache Behavior [ RunTime:0.002124s ]
INFO: [ app_begin ] --END-- [ RunTime:0.002275s ]
NOTIC: [8] Undefined index: 1 D:\www\31cms\_Core\Lib\Core\Action.class.php 第 208 行.
NOTIC: [2] Cannot use a scalar value as an array D:\www\31cms\_Core\Lib\Core\Action.class.php 第 208 行.
SQL: SHOW COLUMNS FROM `tp_agent` [ RunTime:0.015236s ]
SQL: SELECT * FROM `tp_agent` WHERE ( `siteurl` = 'http://localhost' ) LIMIT 1   [ RunTime:0.001483s ]
SQL: SHOW COLUMNS FROM `tp_user_group` [ RunTime:0.012717s ]
SQL: SELECT * FROM `tp_user_group` WHERE ( `id` = 7 ) LIMIT 1   [ RunTime:0.001105s ]
SQL: SHOW COLUMNS FROM `tp_users` [ RunTime:0.018397s ]
SQL: SELECT * FROM `tp_users` WHERE ( `id` = 1 ) LIMIT 1   [ RunTime:0.001037s ]
SQL: SELECT * FROM `tp_users` WHERE ( `id` = 1 ) LIMIT 1   [ RunTime:0.000850s ]
SQL: SHOW COLUMNS FROM `tp_wxuser` [ RunTime:0.008065s ]
SQL: SELECT `wxname`,`weixin`,`wxid`,`headerpic` FROM `tp_wxuser` WHERE ( `token` = 'vjcbgt1414375209' ) AND ( `uid` = 1 ) LIMIT 1   [ RunTime:0.000625s ]
SQL: SHOW COLUMNS FROM `tp_token_open` [ RunTime:0.006145s ]
SQL: SELECT `queryname` FROM `tp_token_open` WHERE ( `token` = 'vjcbgt1414375209' ) LIMIT 1   [ RunTime:0.000590s ]
SQL: SHOW COLUMNS FROM `tp_vote_item` [ RunTime:0.004612s ]
SQL: SELECT * FROM `tp_vote_item` WHERE ( `id` = 9 ) LIMIT 1   [ RunTime:0.000544s ]
SQL: SELECT COUNT(*) AS tp_count FROM `tp_vote_item` WHERE ( `vid` = 18 ) AND ( `status` = 1 ) LIMIT 1   [ RunTime:0.000448s ]
SQL: SELECT * FROM `tp_vote_item` WHERE ( `vid` = 18 ) AND ( `status` = 1 ) ORDER BY id DESC LIMIT 0,60   [ RunTime:0.000603s ]
NOTIC: [8] Undefined variable: vote D:\www\31cms\Lib\Action\User\VoteAction.class.php 第 808 行.
SQL: SELECT SUM(vcount) AS tp_sum FROM `tp_vote_item` WHERE ( `vid` = null ) LIMIT 1   [ RunTime:0.000451s ]
INFO: [ view_template ] --START--
INFO: Run LocationTemplate Behavior [ RunTime:-1.119387s ]
INFO: [ view_template ] --END-- [ RunTime:0.002330s ]
INFO: [ view_parse ] --START--
NOTIC: [8] Undefined variable: info D:\www\Conf\logs\Cache\User\d677d01512639c529aeba3891642bff3.php 第 5 行.
INFO: Run ParseTemplate Behavior [ RunTime:-1.121762s ]
INFO: [ view_parse ] --END-- [ RunTime:0.019964s ]
INFO: [ view_filter ] --START--
INFO: Run ContentReplace Behavior [ RunTime:-1.141775s ]
INFO: Run TokenBuild Behavior [ RunTime:-1.143406s ]
INFO: Run WriteHtmlCache Behavior [ RunTime:-1.144968s ]
INFO: Run ShowRuntime Behavior [ RunTime:-1.146383s ]
INFO: [ view_filter ] --END-- [ RunTime:0.006605s ]
INFO: [ view_end ] --START--
INFO: Run ShowPageTrace Behavior [ RunTime:-1.148465s ]
INFO: [ view_end ] --END-- [ RunTime:0.001696s ]

[ 2015-05-26T11:19:28+08:00 ] 0.0.0.0 /index.php?g=User&m=Vote&a=editplayer&token=vjcbgt1414375209&id=18&uid=9
INFO: [ app_begin ] --START--
INFO: Run ReadHtmlCache Behavior [ RunTime:0.001551s ]
INFO: [ app_begin ] --END-- [ RunTime:0.001661s ]
NOTIC: [8] Undefined index: 1 D:\www\31cms\_Core\Lib\Core\Action.class.php 第 208 行.
NOTIC: [2] Cannot use a scalar value as an array D:\www\31cms\_Core\Lib\Core\Action.class.php 第 208 行.
SQL: SHOW COLUMNS FROM `tp_agent` [ RunTime:0.018493s ]
SQL: SELECT * FROM `tp_agent` WHERE ( `siteurl` = 'http://localhost' ) LIMIT 1   [ RunTime:0.000956s ]
SQL: SHOW COLUMNS FROM `tp_user_group` [ RunTime:0.005862s ]
SQL: SELECT * FROM `tp_user_group` WHERE ( `id` = 7 ) LIMIT 1   [ RunTime:0.000673s ]
SQL: SHOW COLUMNS FROM `tp_users` [ RunTime:0.010632s ]
SQL: SELECT * FROM `tp_users` WHERE ( `id` = 1 ) LIMIT 1   [ RunTime:0.001016s ]
SQL: SELECT * FROM `tp_users` WHERE ( `id` = 1 ) LIMIT 1   [ RunTime:0.000843s ]
SQL: SHOW COLUMNS FROM `tp_wxuser` [ RunTime:0.007610s ]
SQL: SELECT `wxname`,`weixin`,`wxid`,`headerpic` FROM `tp_wxuser` WHERE ( `token` = 'vjcbgt1414375209' ) AND ( `uid` = 1 ) LIMIT 1   [ RunTime:0.000472s ]
SQL: SHOW COLUMNS FROM `tp_token_open` [ RunTime:0.003864s ]
SQL: SELECT `queryname` FROM `tp_token_open` WHERE ( `token` = 'vjcbgt1414375209' ) LIMIT 1   [ RunTime:0.000438s ]
SQL: SHOW COLUMNS FROM `tp_vote_item` [ RunTime:0.004646s ]
SQL: SELECT * FROM `tp_vote_item` WHERE ( `id` = 9 ) LIMIT 1   [ RunTime:0.000507s ]
SQL: SELECT COUNT(*) AS tp_count FROM `tp_vote_item` WHERE ( `vid` = 18 ) AND ( `status` = 1 ) LIMIT 1   [ RunTime:0.000444s ]
SQL: SELECT * FROM `tp_vote_item` WHERE ( `vid` = 18 ) AND ( `status` = 1 ) ORDER BY id DESC LIMIT 0,60   [ RunTime:0.000610s ]
NOTIC: [8] Undefined variable: vote D:\www\31cms\Lib\Action\User\VoteAction.class.php 第 808 行.
SQL: SELECT SUM(vcount) AS tp_sum FROM `tp_vote_item` WHERE ( `vid` = null ) LIMIT 1   [ RunTime:0.000475s ]
INFO: [ view_template ] --START--
INFO: Run LocationTemplate Behavior [ RunTime:-1.097851s ]
INFO: [ view_template ] --END-- [ RunTime:0.002142s ]
INFO: [ view_parse ] --START--
NOTIC: [8] Undefined variable: info D:\www\Conf\logs\Cache\User\d677d01512639c529aeba3891642bff3.php 第 5 行.
INFO: Run ParseTemplate Behavior [ RunTime:-1.100041s ]
INFO: [ view_parse ] --END-- [ RunTime:0.017682s ]
INFO: [ view_filter ] --START--
INFO: Run ContentReplace Behavior [ RunTime:-1.117776s ]
INFO: Run TokenBuild Behavior [ RunTime:-1.119340s ]
INFO: Run WriteHtmlCache Behavior [ RunTime:-1.120838s ]
INFO: Run ShowRuntime Behavior [ RunTime:-1.122216s ]
INFO: [ view_filter ] --END-- [ RunTime:0.005964s ]
INFO: [ view_end ] --START--
INFO: Run ShowPageTrace Behavior [ RunTime:-1.123818s ]
INFO: [ view_end ] --END-- [ RunTime:0.001674s ]

[ 2015-05-26T11:20:05+08:00 ] 0.0.0.0 /index.php?g=User&m=Vote&a=editplayer&token=vjcbgt1414375209&id=18&uid=9
INFO: [ app_begin ] --START--
INFO: Run ReadHtmlCache Behavior [ RunTime:0.000933s ]
INFO: [ app_begin ] --END-- [ RunTime:0.001034s ]
NOTIC: [8] Undefined index: 1 D:\www\31cms\_Core\Lib\Core\Action.class.php 第 208 行.
NOTIC: [2] Cannot use a scalar value as an array D:\www\31cms\_Core\Lib\Core\Action.class.php 第 208 行.
SQL: SHOW COLUMNS FROM `tp_agent` [ RunTime:0.008025s ]
SQL: SELECT * FROM `tp_agent` WHERE ( `siteurl` = 'http://localhost' ) LIMIT 1   [ RunTime:0.000646s ]
SQL: SHOW COLUMNS FROM `tp_user_group` [ RunTime:0.004256s ]
SQL: SELECT * FROM `tp_user_group` WHERE ( `id` = 7 ) LIMIT 1   [ RunTime:0.000503s ]
SQL: SHOW COLUMNS FROM `tp_users` [ RunTime:0.006387s ]
SQL: SELECT * FROM `tp_users` WHERE ( `id` = 1 ) LIMIT 1   [ RunTime:0.000734s ]
SQL: SELECT * FROM `tp_users` WHERE ( `id` = 1 ) LIMIT 1   [ RunTime:0.000630s ]
SQL: SHOW COLUMNS FROM `tp_wxuser` [ RunTime:0.005766s ]
SQL: SELECT `wxname`,`weixin`,`wxid`,`headerpic` FROM `tp_wxuser` WHERE ( `token` = 'vjcbgt1414375209' ) AND ( `uid` = 1 ) LIMIT 1   [ RunTime:0.000469s ]
SQL: SHOW COLUMNS FROM `tp_token_open` [ RunTime:0.003691s ]
SQL: SELECT `queryname` FROM `tp_token_open` WHERE ( `token` = 'vjcbgt1414375209' ) LIMIT 1   [ RunTime:0.000423s ]
SQL: SHOW COLUMNS FROM `tp_vote_item` [ RunTime:0.004204s ]
SQL: SELECT * FROM `tp_vote_item` WHERE ( `id` = 9 ) LIMIT 1   [ RunTime:0.000592s ]
SQL: SELECT COUNT(*) AS tp_count FROM `tp_vote_item` WHERE ( `vid` = 18 ) AND ( `status` = 1 ) LIMIT 1   [ RunTime:0.000554s ]
SQL: SELECT * FROM `tp_vote_item` WHERE ( `vid` = 18 ) AND ( `status` = 1 ) ORDER BY id DESC LIMIT 0,60   [ RunTime:0.000683s ]
NOTIC: [8] Undefined variable: vote D:\www\31cms\Lib\Action\User\VoteAction.class.php 第 808 行.
SQL: SELECT SUM(vcount) AS tp_sum FROM `tp_vote_item` WHERE ( `vid` = null ) LIMIT 1   [ RunTime:0.000430s ]
INFO: [ view_template ] --START--
INFO: Run LocationTemplate Behavior [ RunTime:-1.066126s ]
INFO: [ view_template ] --END-- [ RunTime:0.001360s ]
INFO: [ view_parse ] --START--
NOTIC: [8] Undefined variable: info D:\www\Conf\logs\Cache\User\d677d01512639c529aeba3891642bff3.php 第 5 行.
INFO: Run ParseTemplate Behavior [ RunTime:-1.067536s ]
INFO: [ view_parse ] --END-- [ RunTime:0.014893s ]
INFO: [ view_filter ] --START--
INFO: Run ContentReplace Behavior [ RunTime:-1.082480s ]
INFO: Run TokenBuild Behavior [ RunTime:-1.083348s ]
INFO: Run WriteHtmlCache Behavior [ RunTime:-1.084175s ]
INFO: Run ShowRuntime Behavior [ RunTime:-1.084865s ]
INFO: [ view_filter ] --END-- [ RunTime:0.003207s ]
INFO: [ view_end ] --START--
INFO: Run ShowPageTrace Behavior [ RunTime:-1.085769s ]
INFO: [ view_end ] --END-- [ RunTime:0.000960s ]

[ 2015-05-26T20:50:30+08:00 ] ERR: (ThinkException) 无法加载模块:browserconfig.xml
[ 2015-05-26T20:59:15+08:00 ] 0.0.0.0 /
INFO: [ app_begin ] --START--
INFO: Run ReadHtmlCache Behavior [ RunTime:0.001405s ]
INFO: [ app_begin ] --END-- [ RunTime:0.001522s ]
NOTIC: [2048] Declaration of IndexAction::show() should be compatible with that of Action::show() D:\www\31cms\Lib\Action\Home\IndexAction.class.php 第 2 行.
NOTIC: [8] Undefined index: 1 D:\www\31cms\_Core\Lib\Core\Action.class.php 第 208 行.
NOTIC: [2] Cannot use a scalar value as an array D:\www\31cms\_Core\Lib\Core\Action.class.php 第 208 行.
SQL: SHOW COLUMNS FROM `tp_agent` [ RunTime:0.492438s ]
SQL: SELECT * FROM `tp_agent` WHERE ( `siteurl` = 'http://localhost' ) LIMIT 1   [ RunTime:0.000745s ]
INFO: [ view_template ] --START--
INFO: Run LocationTemplate Behavior [ RunTime:-2.148417s ]
INFO: [ view_template ] --END-- [ RunTime:0.073776s ]
INFO: [ view_parse ] --START--
INFO: Run ParseTemplate Behavior [ RunTime:-2.222249s ]
INFO: [ view_parse ] --END-- [ RunTime:0.151314s ]
INFO: [ view_filter ] --START--
INFO: Run ContentReplace Behavior [ RunTime:-2.373618s ]
INFO: Run TokenBuild Behavior [ RunTime:-2.374956s ]
INFO: Run WriteHtmlCache Behavior [ RunTime:-2.376298s ]
INFO: Run ShowRuntime Behavior [ RunTime:-2.377494s ]
INFO: [ view_filter ] --END-- [ RunTime:0.005612s ]
INFO: [ view_end ] --START--
INFO: Run ShowPageTrace Behavior [ RunTime:-2.379330s ]
INFO: [ view_end ] --END-- [ RunTime:0.001578s ]

[ 2015-05-26T20:59:16+08:00 ] ERR: (ThinkException) 无法加载模块:tpl
[ 2015-05-26T20:59:16+08:00 ] ERR: (ThinkException) 无法加载模块:tpl
[ 2015-05-26T20:59:16+08:00 ] ERR: (ThinkException) 无法加载模块:tpl
[ 2015-05-26T20:59:32+08:00 ] 0.0.0.0 /index.php?m=Users&a=checklogin
INFO: [ app_begin ] --START--
INFO: Run ReadHtmlCache Behavior [ RunTime:0.001200s ]
INFO: [ app_begin ] --END-- [ RunTime:0.001321s ]
NOTIC: [8] Undefined index: 1 D:\www\31cms\_Core\Lib\Core\Action.class.php 第 208 行.
NOTIC: [2] Cannot use a scalar value as an array D:\www\31cms\_Core\Lib\Core\Action.class.php 第 208 行.
SQL: SHOW COLUMNS FROM `tp_agent` [ RunTime:0.014866s ]
SQL: SELECT * FROM `tp_agent` WHERE ( `siteurl` = 'http://localhost' ) LIMIT 1   [ RunTime:0.000631s ]
SQL: SHOW COLUMNS FROM `tp_users` [ RunTime:0.141759s ]
SQL: SELECT * FROM `tp_users` WHERE ( `username` = 'admin' ) LIMIT 1   [ RunTime:0.001557s ]
SQL: SHOW COLUMNS FROM `tp_token_open` [ RunTime:0.056547s ]
SQL: SELECT `token` FROM `tp_token_open` WHERE ( `uid` = 1 ) LIMIT 1   [ RunTime:0.000495s ]
SQL: SHOW COLUMNS FROM `tp_user_group` [ RunTime:0.012665s ]
SQL: SELECT * FROM `tp_user_group` WHERE ( `id` = 7 ) LIMIT 1   [ RunTime:0.032780s ]
SQL: UPDATE `tp_users` SET `lasttime`=1432645172,`lastloginmonth`=5,`lastip`='0.0.0.0' WHERE ( `id` = 1 ) [ RunTime:0.015420s ]
INFO: [ view_template ] --START--
INFO: Run LocationTemplate Behavior [ RunTime:-1.565416s ]
INFO: [ view_template ] --END-- [ RunTime:0.013738s ]
INFO: [ view_parse ] --START--
INFO: Run ParseTemplate Behavior [ RunTime:-1.579212s ]
INFO: [ view_parse ] --END-- [ RunTime:0.234384s ]
INFO: [ view_filter ] --START--
INFO: Run ContentReplace Behavior [ RunTime:-1.813652s ]
INFO: Run TokenBuild Behavior [ RunTime:-1.814516s ]
INFO: Run WriteHtmlCache Behavior [ RunTime:-1.815638s ]
INFO: Run ShowRuntime Behavior [ RunTime:-1.816398s ]
INFO: [ view_filter ] --END-- [ RunTime:0.003627s ]
INFO: [ view_end ] --START--
INFO: Run ShowPageTrace Behavior [ RunTime:-1.817364s ]
INFO: [ view_end ] --END-- [ RunTime:0.001076s ]

[ 2015-05-26T20:59:35+08:00 ] 0.0.0.0 /index.php?g=User&m=Vote&a=index
INFO: [ app_begin ] --START--
INFO: Run ReadHtmlCache Behavior [ RunTime:0.000816s ]
INFO: [ app_begin ] --END-- [ RunTime:0.000918s ]
NOTIC: [8] Undefined index: 1 D:\www\31cms\_Core\Lib\Core\Action.class.php 第 208 行.
NOTIC: [2] Cannot use a scalar value as an array D:\www\31cms\_Core\Lib\Core\Action.class.php 第 208 行.
SQL: SHOW COLUMNS FROM `tp_agent` [ RunTime:0.005146s ]
SQL: SELECT * FROM `tp_agent` WHERE ( `siteurl` = 'http://localhost' ) LIMIT 1   [ RunTime:0.000622s ]
SQL: SHOW COLUMNS FROM `tp_user_group` [ RunTime:0.004346s ]
SQL: SELECT * FROM `tp_user_group` WHERE ( `id` = 7 ) LIMIT 1   [ RunTime:0.000715s ]
SQL: SHOW COLUMNS FROM `tp_users` [ RunTime:0.007005s ]
SQL: SELECT * FROM `tp_users` WHERE ( `id` = 1 ) LIMIT 1   [ RunTime:0.000914s ]
SQL: SELECT * FROM `tp_users` WHERE ( `id` = 1 ) LIMIT 1   [ RunTime:0.000654s ]
SQL: SHOW COLUMNS FROM `tp_wxuser` [ RunTime:0.037954s ]
SQL: SELECT `wxname`,`weixin`,`wxid`,`headerpic` FROM `tp_wxuser` WHERE ( `token` = 'vjcbgt1414375209' ) AND ( `uid` = 1 ) LIMIT 1   [ RunTime:0.000769s ]
SQL: SHOW COLUMNS FROM `tp_token_open` [ RunTime:0.004080s ]
SQL: SELECT `queryname` FROM `tp_token_open` WHERE ( `token` = 'vjcbgt1414375209' ) LIMIT 1   [ RunTime:0.000429s ]
SQL: SELECT `gid`,`activitynum` FROM `tp_users` WHERE ( `id` = 1 ) LIMIT 1   [ RunTime:0.000470s ]
SQL: SELECT * FROM `tp_user_group` WHERE ( `id` = 7 ) LIMIT 1   [ RunTime:0.000487s ]
SQL: SHOW COLUMNS FROM `tp_vote` [ RunTime:0.029372s ]
SQL: SELECT * FROM `tp_vote` WHERE ( `token` = 'vjcbgt1414375209' ) ORDER BY id DESC  [ RunTime:0.017992s ]
SQL: SELECT COUNT(*) AS tp_count FROM `tp_vote` WHERE ( `token` = 'vjcbgt1414375209' ) LIMIT 1   [ RunTime:0.000439s ]
INFO: [ view_template ] --START--
INFO: Run LocationTemplate Behavior [ RunTime:-1.239607s ]
INFO: [ view_template ] --END-- [ RunTime:0.030412s ]
INFO: [ view_parse ] --START--
NOTIC: [8] Undefined variable: info D:\www\Conf\logs\Cache\User\f70321ef24e437eb7147c67ab8f0460a.php 第 5 行.
NOTIC: [8] Undefined variable: ok D:\www\Conf\logs\Cache\User\f70321ef24e437eb7147c67ab8f0460a.php 第 165 行.
NOTIC: [8] Undefined index: id D:\www\Conf\logs\Cache\User\f70321ef24e437eb7147c67ab8f0460a.php 第 181 行.
NOTIC: [8] Undefined variable: myurl D:\www\Conf\logs\Cache\User\f70321ef24e437eb7147c67ab8f0460a.php 第 213 行.
INFO: Run ParseTemplate Behavior [ RunTime:-1.270068s ]
INFO: [ view_parse ] --END-- [ RunTime:0.048336s ]
INFO: [ view_filter ] --START--
INFO: Run ContentReplace Behavior [ RunTime:-1.318469s ]
INFO: Run TokenBuild Behavior [ RunTime:-1.319372s ]
INFO: Run WriteHtmlCache Behavior [ RunTime:-1.320273s ]
INFO: Run ShowRuntime Behavior [ RunTime:-1.321007s ]
INFO: [ view_filter ] --END-- [ RunTime:0.003449s ]
INFO: [ view_end ] --START--
INFO: Run ShowPageTrace Behavior [ RunTime:-1.322007s ]
INFO: [ view_end ] --END-- [ RunTime:0.001029s ]

[ 2015-05-26T20:59:35+08:00 ] ERR: (ThinkException) 无法加载模块:tpl
[ 2015-05-26T20:59:35+08:00 ] ERR: (ThinkException) 无法加载模块:tpl
[ 2015-05-26T20:59:48+08:00 ] 0.0.0.0 /index.php?g=User&m=Vote&a=edit&type=img&id=18
INFO: [ app_begin ] --START--
INFO: Run ReadHtmlCache Behavior [ RunTime:0.000903s ]
INFO: [ app_begin ] --END-- [ RunTime:0.001023s ]
NOTIC: [8] Undefined index: 1 D:\www\31cms\_Core\Lib\Core\Action.class.php 第 208 行.
NOTIC: [2] Cannot use a scalar value as an array D:\www\31cms\_Core\Lib\Core\Action.class.php 第 208 行.
SQL: SHOW COLUMNS FROM `tp_agent` [ RunTime:0.005151s ]
SQL: SELECT * FROM `tp_agent` WHERE ( `siteurl` = 'http://localhost' ) LIMIT 1   [ RunTime:0.000696s ]
SQL: SHOW COLUMNS FROM `tp_user_group` [ RunTime:0.004700s ]
SQL: SELECT * FROM `tp_user_group` WHERE ( `id` = 7 ) LIMIT 1   [ RunTime:0.000630s ]
SQL: SHOW COLUMNS FROM `tp_users` [ RunTime:0.007240s ]
SQL: SELECT * FROM `tp_users` WHERE ( `id` = 1 ) LIMIT 1   [ RunTime:0.001023s ]
SQL: SELECT * FROM `tp_users` WHERE ( `id` = 1 ) LIMIT 1   [ RunTime:0.000928s ]
SQL: SHOW COLUMNS FROM `tp_wxuser` [ RunTime:0.006056s ]
SQL: SELECT `wxname`,`weixin`,`wxid`,`headerpic` FROM `tp_wxuser` WHERE ( `token` = 'vjcbgt1414375209' ) AND ( `uid` = 1 ) LIMIT 1   [ RunTime:0.000516s ]
SQL: SHOW COLUMNS FROM `tp_token_open` [ RunTime:0.004281s ]
SQL: SELECT `queryname` FROM `tp_token_open` WHERE ( `token` = 'vjcbgt1414375209' ) LIMIT 1   [ RunTime:0.000569s ]
SQL: SHOW COLUMNS FROM `tp_vote` [ RunTime:0.005067s ]
SQL: SELECT * FROM `tp_vote` WHERE ( `id` = 18 ) AND ( `token` = 'vjcbgt1414375209' ) LIMIT 1   [ RunTime:0.000648s ]
SQL: SELECT * FROM `tp_vote` WHERE ( `id` = 18 ) AND ( `token` = 'vjcbgt1414375209' ) LIMIT 1   [ RunTime:0.000591s ]
SQL: SHOW COLUMNS FROM `tp_vote_item` [ RunTime:0.049675s ]
SQL: SELECT * FROM `tp_vote_item` WHERE ( `vid` = 18 ) AND ( `status` = 1 ) ORDER BY rank DESC  [ RunTime:0.034669s ]
SQL: SHOW COLUMNS FROM `tp_guanggao` [ RunTime:0.027202s ]
SQL: SELECT * FROM `tp_guanggao` WHERE ( `vid` = 18 )  [ RunTime:0.000539s ]
INFO: [ view_template ] --START--
INFO: Run LocationTemplate Behavior [ RunTime:-1.180140s ]
INFO: [ view_template ] --END-- [ RunTime:0.021510s ]
INFO: [ view_parse ] --START--
NOTIC: [8] Undefined variable: info D:\www\Conf\logs\Cache\User\06910c565e1450d396eed27237367a2f.php 第 5 行.
NOTIC: [8] Undefined variable: reslist D:\www\Conf\logs\Cache\User\06910c565e1450d396eed27237367a2f.php 第 192 行.
NOTIC: [8] Undefined variable: reslist D:\www\Conf\logs\Cache\User\06910c565e1450d396eed27237367a2f.php 第 199 行.
NOTIC: [8] Undefined index: picurl_guanggao D:\www\Conf\logs\Cache\User\06910c565e1450d396eed27237367a2f.php 第 237 行.
NOTIC: [8] Undefined index: picurl_guanggao D:\www\Conf\logs\Cache\User\06910c565e1450d396eed27237367a2f.php 第 250 行.
INFO: Run ParseTemplate Behavior [ RunTime:-1.201738s ]
INFO: [ view_parse ] --END-- [ RunTime:0.022958s ]
INFO: [ view_filter ] --START--
INFO: Run ContentReplace Behavior [ RunTime:-1.224734s ]
INFO: Run TokenBuild Behavior [ RunTime:-1.225662s ]
INFO: Run WriteHtmlCache Behavior [ RunTime:-1.226593s ]
INFO: Run ShowRuntime Behavior [ RunTime:-1.227285s ]
INFO: [ view_filter ] --END-- [ RunTime:0.003432s ]
INFO: [ view_end ] --START--
INFO: Run ShowPageTrace Behavior [ RunTime:-1.228235s ]
INFO: [ view_end ] --END-- [ RunTime:0.001106s ]

[ 2015-05-26T20:59:48+08:00 ] ERR: (ThinkException) 无法加载模块:tpl
