[ 2015-06-30T14:41:06+08:00 ] 0.0.0.0 /
INFO: [ app_begin ] --START--
INFO: Run ReadHtmlCache Behavior [ RunTime:0.016695s ]
INFO: [ app_begin ] --END-- [ RunTime:0.018003s ]
NOTIC: [2048] Declaration of IndexAction::show() should be compatible with that of Action::show() D:\www\31cms\Lib\Action\Home\IndexAction.class.php 第 2 行.
NOTIC: [8] Undefined index: 1 D:\www\31cms\_Core\Lib\Core\Action.class.php 第 208 行.
NOTIC: [2] Cannot use a scalar value as an array D:\www\31cms\_Core\Lib\Core\Action.class.php 第 208 行.
SQL: SHOW COLUMNS FROM `tp_agent` [ RunTime:0.138573s ]
SQL: SELECT * FROM `tp_agent` WHERE ( `siteurl` = 'http://localhost' ) LIMIT 1   [ RunTime:0.018349s ]
INFO: [ view_template ] --START--
INFO: Run LocationTemplate Behavior [ RunTime:-1.781077s ]
INFO: [ view_template ] --END-- [ RunTime:0.033353s ]
INFO: [ view_parse ] --START--
INFO: Run ParseTemplate Behavior [ RunTime:-1.814498s ]
INFO: [ view_parse ] --END-- [ RunTime:0.108299s ]
INFO: [ view_filter ] --START--
INFO: Run ContentReplace Behavior [ RunTime:-1.922843s ]
INFO: Run TokenBuild Behavior [ RunTime:-1.924376s ]
INFO: Run WriteHtmlCache Behavior [ RunTime:-1.925599s ]
INFO: Run ShowRuntime Behavior [ RunTime:-1.942821s ]
INFO: [ view_filter ] --END-- [ RunTime:0.021216s ]
INFO: [ view_end ] --START--
INFO: Run ShowPageTrace Behavior [ RunTime:-1.944138s ]
INFO: [ view_end ] --END-- [ RunTime:0.001522s ]

[ 2015-06-30T14:41:07+08:00 ] ERR: (ThinkException) 无法加载模块:tpl
[ 2015-06-30T14:41:07+08:00 ] ERR: (ThinkException) 无法加载模块:tpl
[ 2015-06-30T14:41:26+08:00 ] 0.0.0.0 /index.php?g=User&m=Bm&a=index&token=vjcbgt1414375209&tid=18
INFO: [ app_begin ] --START--
INFO: Run ReadHtmlCache Behavior [ RunTime:0.001030s ]
INFO: [ app_begin ] --END-- [ RunTime:0.001172s ]
NOTIC: [8] Undefined index: 1 D:\www\31cms\_Core\Lib\Core\Action.class.php 第 208 行.
NOTIC: [2] Cannot use a scalar value as an array D:\www\31cms\_Core\Lib\Core\Action.class.php 第 208 行.
SQL: SHOW COLUMNS FROM `tp_agent` [ RunTime:0.005985s ]
SQL: SELECT * FROM `tp_agent` WHERE ( `siteurl` = 'http://localhost' ) LIMIT 1   [ RunTime:0.000626s ]
SQL: SHOW COLUMNS FROM `tp_vote` [ RunTime:0.051132s ]
SQL: SELECT * FROM `tp_vote` WHERE ( `token` = 'vjcbgt1414375209' ) AND ( `id` = 18 ) LIMIT 1   [ RunTime:0.012160s ]
INFO: [ view_template ] --START--
INFO: Run LocationTemplate Behavior [ RunTime:-1.111741s ]
INFO: [ view_template ] --END-- [ RunTime:0.017778s ]
INFO: [ view_parse ] --START--
NOTIC: [8] Undefined variable: token D:\www\Conf\logs\Cache\User\aa05bb32a8cfdb3e4f56c7863b94746e.php 第 211 行.
INFO: Run ParseTemplate Behavior [ RunTime:-1.129586s ]
INFO: [ view_parse ] --END-- [ RunTime:0.106766s ]
INFO: [ view_filter ] --START--
INFO: Run ContentReplace Behavior [ RunTime:-1.236400s ]
INFO: Run TokenBuild Behavior [ RunTime:-1.238188s ]
INFO: Run WriteHtmlCache Behavior [ RunTime:-1.245882s ]
INFO: Run ShowRuntime Behavior [ RunTime:-1.249635s ]
INFO: [ view_filter ] --END-- [ RunTime:0.016867s ]
INFO: [ view_end ] --START--
INFO: Run ShowPageTrace Behavior [ RunTime:-1.253581s ]
INFO: [ view_end ] --END-- [ RunTime:0.011075s ]

[ 2015-06-30T14:42:50+08:00 ] 0.0.0.0 /index.php?g=User&m=Bm&a=wap&token=vjcbgt1414375209&tid=18
INFO: [ app_begin ] --START--
INFO: Run ReadHtmlCache Behavior [ RunTime:0.001074s ]
INFO: [ app_begin ] --END-- [ RunTime:0.001181s ]
NOTIC: [8] Undefined index: 1 D:\www\31cms\_Core\Lib\Core\Action.class.php 第 208 行.
NOTIC: [2] Cannot use a scalar value as an array D:\www\31cms\_Core\Lib\Core\Action.class.php 第 208 行.
SQL: SHOW COLUMNS FROM `tp_agent` [ RunTime:0.009201s ]
SQL: SELECT * FROM `tp_agent` WHERE ( `siteurl` = 'http://localhost' ) LIMIT 1   [ RunTime:0.000945s ]
SQL: SHOW COLUMNS FROM `tp_vote` [ RunTime:0.008319s ]
SQL: SELECT * FROM `tp_vote` WHERE ( `token` = 'vjcbgt1414375209' ) AND ( `id` = 18 ) LIMIT 1   [ RunTime:0.000756s ]
INFO: [ view_template ] --START--
INFO: Run LocationTemplate Behavior [ RunTime:-1.040846s ]
INFO: [ view_template ] --END-- [ RunTime:0.002281s ]
INFO: [ view_parse ] --START--
NOTIC: [8] Undefined variable: token D:\www\Conf\logs\Cache\User\a8dca2e681e60e0da4a370355aa1aaf1.php 第 211 行.
INFO: Run ParseTemplate Behavior [ RunTime:-1.043218s ]
INFO: [ view_parse ] --END-- [ RunTime:0.015077s ]
INFO: [ view_filter ] --START--
INFO: Run ContentReplace Behavior [ RunTime:-1.058335s ]
INFO: Run TokenBuild Behavior [ RunTime:-1.059431s ]
INFO: Run WriteHtmlCache Behavior [ RunTime:-1.060534s ]
INFO: Run ShowRuntime Behavior [ RunTime:-1.061335s ]
INFO: [ view_filter ] --END-- [ RunTime:0.004100s ]
INFO: [ view_end ] --START--
INFO: Run ShowPageTrace Behavior [ RunTime:-1.062876s ]
INFO: [ view_end ] --END-- [ RunTime:0.001675s ]

[ 2015-06-30T14:48:58+08:00 ] 0.0.0.0 /index.php?g=User&m=Bm&a=wap&token=vjcbgt1414375209&tid=18
INFO: [ app_begin ] --START--
INFO: Run ReadHtmlCache Behavior [ RunTime:0.002223s ]
INFO: [ app_begin ] --END-- [ RunTime:0.002351s ]
NOTIC: [8] Undefined index: 1 D:\www\31cms\_Core\Lib\Core\Action.class.php 第 208 行.
NOTIC: [2] Cannot use a scalar value as an array D:\www\31cms\_Core\Lib\Core\Action.class.php 第 208 行.
SQL: SHOW COLUMNS FROM `tp_agent` [ RunTime:0.008057s ]
SQL: SELECT * FROM `tp_agent` WHERE ( `siteurl` = 'http://localhost' ) LIMIT 1   [ RunTime:0.000890s ]
SQL: SHOW COLUMNS FROM `tp_vote` [ RunTime:0.006677s ]
SQL: SELECT * FROM `tp_vote` WHERE ( `token` = 'vjcbgt1414375209' ) AND ( `id` = 18 ) LIMIT 1   [ RunTime:0.000727s ]
INFO: [ view_template ] --START--
INFO: Run LocationTemplate Behavior [ RunTime:-1.042757s ]
INFO: [ view_template ] --END-- [ RunTime:0.001561s ]
INFO: [ view_parse ] --START--
INFO: Run ParseTemplate Behavior [ RunTime:-1.044375s ]
INFO: [ view_parse ] --END-- [ RunTime:0.012111s ]
INFO: [ view_filter ] --START--
INFO: Run ContentReplace Behavior [ RunTime:-1.056547s ]
INFO: Run TokenBuild Behavior [ RunTime:-1.057376s ]
INFO: Run WriteHtmlCache Behavior [ RunTime:-1.058283s ]
INFO: Run ShowRuntime Behavior [ RunTime:-1.058933s ]
INFO: [ view_filter ] --END-- [ RunTime:0.003238s ]
INFO: [ view_end ] --START--
INFO: Run ShowPageTrace Behavior [ RunTime:-1.059868s ]
INFO: [ view_end ] --END-- [ RunTime:0.000957s ]

[ 2015-06-30T14:52:23+08:00 ] 0.0.0.0 /index.php?g=User&m=Bm&a=index&token=vjcbgt1414375209&tid=18
INFO: [ app_begin ] --START--
INFO: Run ReadHtmlCache Behavior [ RunTime:0.001022s ]
INFO: [ app_begin ] --END-- [ RunTime:0.001130s ]
NOTIC: [8] Undefined index: 1 D:\www\31cms\_Core\Lib\Core\Action.class.php 第 208 行.
NOTIC: [2] Cannot use a scalar value as an array D:\www\31cms\_Core\Lib\Core\Action.class.php 第 208 行.
SQL: SHOW COLUMNS FROM `tp_agent` [ RunTime:0.017992s ]
SQL: SELECT * FROM `tp_agent` WHERE ( `siteurl` = 'http://localhost' ) LIMIT 1   [ RunTime:0.001054s ]
SQL: SHOW COLUMNS FROM `tp_vote` [ RunTime:0.004762s ]
SQL: SELECT * FROM `tp_vote` WHERE ( `token` = 'vjcbgt1414375209' ) AND ( `id` = 18 ) LIMIT 1   [ RunTime:0.000596s ]
INFO: [ view_template ] --START--
INFO: Run LocationTemplate Behavior [ RunTime:-1.048263s ]
INFO: [ view_template ] --END-- [ RunTime:0.001432s ]
INFO: [ view_parse ] --START--
NOTIC: [8] Undefined variable: token D:\www\Conf\logs\Cache\User\aa05bb32a8cfdb3e4f56c7863b94746e.php 第 211 行.
INFO: Run ParseTemplate Behavior [ RunTime:-1.049773s ]
INFO: [ view_parse ] --END-- [ RunTime:0.015837s ]
INFO: [ view_filter ] --START--
INFO: Run ContentReplace Behavior [ RunTime:-1.065660s ]
INFO: Run TokenBuild Behavior [ RunTime:-1.066608s ]
INFO: Run WriteHtmlCache Behavior [ RunTime:-1.067577s ]
INFO: Run ShowRuntime Behavior [ RunTime:-1.068342s ]
INFO: [ view_filter ] --END-- [ RunTime:0.003609s ]
INFO: [ view_end ] --START--
INFO: Run ShowPageTrace Behavior [ RunTime:-1.069363s ]
INFO: [ view_end ] --END-- [ RunTime:0.001096s ]

[ 2015-06-30T14:53:43+08:00 ] 0.0.0.0 /index.php?g=User&m=Bm&a=wap&token=vjcbgt1414375209&tid=18
INFO: [ app_begin ] --START--
INFO: Run ReadHtmlCache Behavior [ RunTime:0.000926s ]
INFO: [ app_begin ] --END-- [ RunTime:0.001039s ]
NOTIC: [8] Undefined index: 1 D:\www\31cms\_Core\Lib\Core\Action.class.php 第 208 行.
NOTIC: [2] Cannot use a scalar value as an array D:\www\31cms\_Core\Lib\Core\Action.class.php 第 208 行.
SQL: SHOW COLUMNS FROM `tp_agent` [ RunTime:0.005165s ]
SQL: SELECT * FROM `tp_agent` WHERE ( `siteurl` = 'http://localhost' ) LIMIT 1   [ RunTime:0.000569s ]
SQL: SHOW COLUMNS FROM `tp_vote` [ RunTime:0.005597s ]
SQL: SELECT * FROM `tp_vote` WHERE ( `token` = 'vjcbgt1414375209' ) AND ( `id` = 18 ) LIMIT 1   [ RunTime:0.000586s ]
INFO: [ view_template ] --START--
INFO: Run LocationTemplate Behavior [ RunTime:-1.027355s ]
INFO: [ view_template ] --END-- [ RunTime:0.001448s ]
INFO: [ view_parse ] --START--
NOTIC: [8] Undefined variable: token D:\www\Conf\logs\Cache\User\a8dca2e681e60e0da4a370355aa1aaf1.php 第 116 行.
INFO: Run ParseTemplate Behavior [ RunTime:-1.028854s ]
INFO: [ view_parse ] --END-- [ RunTime:0.012299s ]
INFO: [ view_filter ] --START--
INFO: Run ContentReplace Behavior [ RunTime:-1.041207s ]
INFO: Run TokenBuild Behavior [ RunTime:-1.042250s ]
INFO: Run WriteHtmlCache Behavior [ RunTime:-1.043423s ]
INFO: Run ShowRuntime Behavior [ RunTime:-1.044294s ]
INFO: [ view_filter ] --END-- [ RunTime:0.004042s ]
INFO: [ view_end ] --START--
INFO: Run ShowPageTrace Behavior [ RunTime:-1.045342s ]
INFO: [ view_end ] --END-- [ RunTime:0.001048s ]

[ 2015-06-30T14:53:51+08:00 ] 0.0.0.0 /index.php?g=User&m=Bm&a=wap&token=vjcbgt1414375209&tid=18
INFO: [ app_begin ] --START--
INFO: Run ReadHtmlCache Behavior [ RunTime:0.001007s ]
INFO: [ app_begin ] --END-- [ RunTime:0.001118s ]
NOTIC: [8] Undefined index: 1 D:\www\31cms\_Core\Lib\Core\Action.class.php 第 208 行.
NOTIC: [2] Cannot use a scalar value as an array D:\www\31cms\_Core\Lib\Core\Action.class.php 第 208 行.
SQL: SHOW COLUMNS FROM `tp_agent` [ RunTime:0.005207s ]
SQL: SELECT * FROM `tp_agent` WHERE ( `siteurl` = 'http://localhost' ) LIMIT 1   [ RunTime:0.000654s ]
SQL: SHOW COLUMNS FROM `tp_vote` [ RunTime:0.005116s ]
SQL: SELECT * FROM `tp_vote` WHERE ( `token` = 'vjcbgt1414375209' ) AND ( `id` = 18 ) LIMIT 1   [ RunTime:0.000563s ]
INFO: [ view_template ] --START--
INFO: Run LocationTemplate Behavior [ RunTime:-1.040857s ]
INFO: [ view_template ] --END-- [ RunTime:0.002069s ]
INFO: [ view_parse ] --START--
NOTIC: [8] Undefined variable: token D:\www\Conf\logs\Cache\User\a8dca2e681e60e0da4a370355aa1aaf1.php 第 116 行.
INFO: Run ParseTemplate Behavior [ RunTime:-1.042974s ]
INFO: [ view_parse ] --END-- [ RunTime:0.012882s ]
INFO: [ view_filter ] --START--
INFO: Run ContentReplace Behavior [ RunTime:-1.055911s ]
INFO: Run TokenBuild Behavior [ RunTime:-1.056869s ]
INFO: Run WriteHtmlCache Behavior [ RunTime:-1.057838s ]
INFO: Run ShowRuntime Behavior [ RunTime:-1.058627s ]
INFO: [ view_filter ] --END-- [ RunTime:0.003740s ]
INFO: [ view_end ] --START--
INFO: Run ShowPageTrace Behavior [ RunTime:-1.059742s ]
INFO: [ view_end ] --END-- [ RunTime:0.001089s ]

[ 2015-06-30T14:53:52+08:00 ] 0.0.0.0 /index.php?g=User&m=Bm&a=wap&token=vjcbgt1414375209&tid=18
INFO: [ app_begin ] --START--
INFO: Run ReadHtmlCache Behavior [ RunTime:0.001072s ]
INFO: [ app_begin ] --END-- [ RunTime:0.001195s ]
NOTIC: [8] Undefined index: 1 D:\www\31cms\_Core\Lib\Core\Action.class.php 第 208 行.
NOTIC: [2] Cannot use a scalar value as an array D:\www\31cms\_Core\Lib\Core\Action.class.php 第 208 行.
SQL: SHOW COLUMNS FROM `tp_agent` [ RunTime:0.005509s ]
SQL: SELECT * FROM `tp_agent` WHERE ( `siteurl` = 'http://localhost' ) LIMIT 1   [ RunTime:0.000632s ]
SQL: SHOW COLUMNS FROM `tp_vote` [ RunTime:0.004956s ]
SQL: SELECT * FROM `tp_vote` WHERE ( `token` = 'vjcbgt1414375209' ) AND ( `id` = 18 ) LIMIT 1   [ RunTime:0.000619s ]
INFO: [ view_template ] --START--
INFO: Run LocationTemplate Behavior [ RunTime:-1.966086s ]
INFO: [ view_template ] --END-- [ RunTime:0.001318s ]
INFO: [ view_parse ] --START--
NOTIC: [8] Undefined variable: token D:\www\Conf\logs\Cache\User\a8dca2e681e60e0da4a370355aa1aaf1.php 第 116 行.
INFO: Run ParseTemplate Behavior [ RunTime:-1.967451s ]
INFO: [ view_parse ] --END-- [ RunTime:0.012187s ]
INFO: [ view_filter ] --START--
INFO: Run ContentReplace Behavior [ RunTime:-1.979697s ]
INFO: Run TokenBuild Behavior [ RunTime:-1.980599s ]
INFO: Run WriteHtmlCache Behavior [ RunTime:-1.981497s ]
INFO: Run ShowRuntime Behavior [ RunTime:-1.982228s ]
INFO: [ view_filter ] --END-- [ RunTime:0.003410s ]
INFO: [ view_end ] --START--
INFO: Run ShowPageTrace Behavior [ RunTime:-1.983187s ]
INFO: [ view_end ] --END-- [ RunTime:0.000954s ]

[ 2015-06-30T14:53:53+08:00 ] 0.0.0.0 /index.php?g=User&m=Bm&a=wap&token=vjcbgt1414375209&tid=18
INFO: [ app_begin ] --START--
INFO: Run ReadHtmlCache Behavior [ RunTime:0.001198s ]
INFO: [ app_begin ] --END-- [ RunTime:0.001371s ]
NOTIC: [8] Undefined index: 1 D:\www\31cms\_Core\Lib\Core\Action.class.php 第 208 行.
NOTIC: [2] Cannot use a scalar value as an array D:\www\31cms\_Core\Lib\Core\Action.class.php 第 208 行.
SQL: SHOW COLUMNS FROM `tp_agent` [ RunTime:0.007666s ]
SQL: SELECT * FROM `tp_agent` WHERE ( `siteurl` = 'http://localhost' ) LIMIT 1   [ RunTime:0.000895s ]
SQL: SHOW COLUMNS FROM `tp_vote` [ RunTime:0.018588s ]
SQL: SELECT * FROM `tp_vote` WHERE ( `token` = 'vjcbgt1414375209' ) AND ( `id` = 18 ) LIMIT 1   [ RunTime:0.000522s ]
INFO: [ view_template ] --START--
INFO: Run LocationTemplate Behavior [ RunTime:-2.889423s ]
INFO: [ view_template ] --END-- [ RunTime:0.001378s ]
INFO: [ view_parse ] --START--
NOTIC: [8] Undefined variable: token D:\www\Conf\logs\Cache\User\a8dca2e681e60e0da4a370355aa1aaf1.php 第 116 行.
INFO: Run ParseTemplate Behavior [ RunTime:-2.890852s ]
INFO: [ view_parse ] --END-- [ RunTime:0.012671s ]
INFO: [ view_filter ] --START--
INFO: Run ContentReplace Behavior [ RunTime:-2.903581s ]
INFO: Run TokenBuild Behavior [ RunTime:-2.904411s ]
INFO: Run WriteHtmlCache Behavior [ RunTime:-2.905256s ]
INFO: Run ShowRuntime Behavior [ RunTime:-2.905923s ]
INFO: [ view_filter ] --END-- [ RunTime:0.003167s ]
INFO: [ view_end ] --START--
INFO: Run ShowPageTrace Behavior [ RunTime:-2.906830s ]
INFO: [ view_end ] --END-- [ RunTime:0.000989s ]

[ 2015-06-30T14:54:42+08:00 ] 0.0.0.0 /index.php?g=User&m=Bm&a=wap&token=vjcbgt1414375209&tid=18
INFO: [ app_begin ] --START--
INFO: Run ReadHtmlCache Behavior [ RunTime:0.000979s ]
INFO: [ app_begin ] --END-- [ RunTime:0.001116s ]
NOTIC: [8] Undefined index: 1 D:\www\31cms\_Core\Lib\Core\Action.class.php 第 208 行.
NOTIC: [2] Cannot use a scalar value as an array D:\www\31cms\_Core\Lib\Core\Action.class.php 第 208 行.
SQL: SHOW COLUMNS FROM `tp_agent` [ RunTime:0.005187s ]
SQL: SELECT * FROM `tp_agent` WHERE ( `siteurl` = 'http://localhost' ) LIMIT 1   [ RunTime:0.000593s ]
SQL: SHOW COLUMNS FROM `tp_vote` [ RunTime:0.005469s ]
SQL: SELECT * FROM `tp_vote` WHERE ( `token` = 'vjcbgt1414375209' ) AND ( `id` = 18 ) LIMIT 1   [ RunTime:0.000560s ]
INFO: [ view_template ] --START--
INFO: Run LocationTemplate Behavior [ RunTime:-1.041900s ]
INFO: [ view_template ] --END-- [ RunTime:0.001554s ]
INFO: [ view_parse ] --START--
NOTIC: [8] Undefined variable: token D:\www\Conf\logs\Cache\User\a8dca2e681e60e0da4a370355aa1aaf1.php 第 127 行.
INFO: Run ParseTemplate Behavior [ RunTime:-1.043508s ]
INFO: [ view_parse ] --END-- [ RunTime:0.012768s ]
INFO: [ view_filter ] --START--
INFO: Run ContentReplace Behavior [ RunTime:-1.056333s ]
INFO: Run TokenBuild Behavior [ RunTime:-1.057204s ]
INFO: Run WriteHtmlCache Behavior [ RunTime:-1.058050s ]
INFO: Run ShowRuntime Behavior [ RunTime:-1.058701s ]
INFO: [ view_filter ] --END-- [ RunTime:0.003232s ]
INFO: [ view_end ] --START--
INFO: Run ShowPageTrace Behavior [ RunTime:-1.059650s ]
INFO: [ view_end ] --END-- [ RunTime:0.000974s ]

[ 2015-06-30T14:55:01+08:00 ] 0.0.0.0 /index.php?g=User&m=Bm&a=wap&token=vjcbgt1414375209&tid=18
INFO: [ app_begin ] --START--
INFO: Run ReadHtmlCache Behavior [ RunTime:0.001448s ]
INFO: [ app_begin ] --END-- [ RunTime:0.001562s ]
NOTIC: [8] Undefined index: 1 D:\www\31cms\_Core\Lib\Core\Action.class.php 第 208 行.
NOTIC: [2] Cannot use a scalar value as an array D:\www\31cms\_Core\Lib\Core\Action.class.php 第 208 行.
SQL: SHOW COLUMNS FROM `tp_agent` [ RunTime:0.005560s ]
SQL: SELECT * FROM `tp_agent` WHERE ( `siteurl` = 'http://localhost' ) LIMIT 1   [ RunTime:0.000636s ]
SQL: SHOW COLUMNS FROM `tp_vote` [ RunTime:0.005074s ]
SQL: SELECT * FROM `tp_vote` WHERE ( `token` = 'vjcbgt1414375209' ) AND ( `id` = 18 ) LIMIT 1   [ RunTime:0.000532s ]
INFO: [ view_template ] --START--
INFO: Run LocationTemplate Behavior [ RunTime:-1.026134s ]
INFO: [ view_template ] --END-- [ RunTime:0.001425s ]
INFO: [ view_parse ] --START--
NOTIC: [8] Undefined variable: token D:\www\Conf\logs\Cache\User\a8dca2e681e60e0da4a370355aa1aaf1.php 第 130 行.
INFO: Run ParseTemplate Behavior [ RunTime:-1.027607s ]
INFO: [ view_parse ] --END-- [ RunTime:0.014574s ]
INFO: [ view_filter ] --START--
INFO: Run ContentReplace Behavior [ RunTime:-1.042245s ]
INFO: Run TokenBuild Behavior [ RunTime:-1.043227s ]
INFO: Run WriteHtmlCache Behavior [ RunTime:-1.044217s ]
INFO: Run ShowRuntime Behavior [ RunTime:-1.045002s ]
INFO: [ view_filter ] --END-- [ RunTime:0.003892s ]
INFO: [ view_end ] --START--
INFO: Run ShowPageTrace Behavior [ RunTime:-1.046220s ]
INFO: [ view_end ] --END-- [ RunTime:0.001093s ]

[ 2015-06-30T14:55:23+08:00 ] 0.0.0.0 /index.php?g=User&m=Bm&a=wap&token=vjcbgt1414375209&tid=18
INFO: [ app_begin ] --START--
INFO: Run ReadHtmlCache Behavior [ RunTime:0.001114s ]
INFO: [ app_begin ] --END-- [ RunTime:0.001237s ]
NOTIC: [8] Undefined index: 1 D:\www\31cms\_Core\Lib\Core\Action.class.php 第 208 行.
NOTIC: [2] Cannot use a scalar value as an array D:\www\31cms\_Core\Lib\Core\Action.class.php 第 208 行.
SQL: SHOW COLUMNS FROM `tp_agent` [ RunTime:0.005357s ]
SQL: SELECT * FROM `tp_agent` WHERE ( `siteurl` = 'http://localhost' ) LIMIT 1   [ RunTime:0.000743s ]
SQL: SHOW COLUMNS FROM `tp_vote` [ RunTime:0.005519s ]
SQL: SELECT * FROM `tp_vote` WHERE ( `token` = 'vjcbgt1414375209' ) AND ( `id` = 18 ) LIMIT 1   [ RunTime:0.000657s ]
INFO: [ view_template ] --START--
INFO: Run LocationTemplate Behavior [ RunTime:-1.037248s ]
INFO: [ view_template ] --END-- [ RunTime:0.001209s ]
INFO: [ view_parse ] --START--
NOTIC: [8] Undefined variable: token D:\www\Conf\logs\Cache\User\a8dca2e681e60e0da4a370355aa1aaf1.php 第 130 行.
INFO: Run ParseTemplate Behavior [ RunTime:-1.038503s ]
INFO: [ view_parse ] --END-- [ RunTime:0.012817s ]
INFO: [ view_filter ] --START--
INFO: Run ContentReplace Behavior [ RunTime:-1.051381s ]
INFO: Run TokenBuild Behavior [ RunTime:-1.052284s ]
INFO: Run WriteHtmlCache Behavior [ RunTime:-1.053195s ]
INFO: Run ShowRuntime Behavior [ RunTime:-1.053857s ]
INFO: [ view_filter ] --END-- [ RunTime:0.003455s ]
INFO: [ view_end ] --START--
INFO: Run ShowPageTrace Behavior [ RunTime:-1.054920s ]
INFO: [ view_end ] --END-- [ RunTime:0.001036s ]

[ 2015-06-30T14:56:11+08:00 ] 0.0.0.0 /index.php?g=User&m=Upyun&a=upload&token=&width=700
INFO: [ app_begin ] --START--
INFO: Run ReadHtmlCache Behavior [ RunTime:0.001471s ]
INFO: [ app_begin ] --END-- [ RunTime:0.001605s ]
NOTIC: [8] Undefined index: 1 D:\www\31cms\_Core\Lib\Core\Action.class.php 第 208 行.
NOTIC: [2] Cannot use a scalar value as an array D:\www\31cms\_Core\Lib\Core\Action.class.php 第 208 行.
SQL: SHOW COLUMNS FROM `tp_agent` [ RunTime:0.005530s ]
SQL: SELECT * FROM `tp_agent` WHERE ( `siteurl` = 'http://localhost' ) LIMIT 1   [ RunTime:0.000745s ]
SQL: SHOW COLUMNS FROM `tp_user_group` [ RunTime:0.086399s ]
SQL: SELECT * FROM `tp_user_group` WHERE ( `id` = null ) LIMIT 1   [ RunTime:0.022398s ]
SQL: SHOW COLUMNS FROM `tp_users` [ RunTime:0.073058s ]
NOTIC: [8] Undefined index: uid D:\www\31cms\Lib\Action\UserAction.class.php 第 16 行.
SQL: SELECT * FROM `tp_users` WHERE ( `id` = null ) LIMIT 1   [ RunTime:0.000794s ]
NOTIC: [8] Undefined index: uid D:\www\31cms\Lib\Action\UserAction.class.php 第 21 行.
SQL: SELECT * FROM `tp_users` WHERE ( `id` = null ) LIMIT 1   [ RunTime:0.000741s ]
SQL: SHOW COLUMNS FROM `tp_wxuser` [ RunTime:0.083311s ]
SQL: SELECT `wxname`,`weixin`,`wxid`,`headerpic` FROM `tp_wxuser` WHERE ( `token` = null ) AND ( `uid` = null ) LIMIT 1   [ RunTime:0.018081s ]
SQL: SHOW COLUMNS FROM `tp_token_open` [ RunTime:0.086934s ]
SQL: SELECT `queryname` FROM `tp_token_open` WHERE ( `token` = null ) LIMIT 1   [ RunTime:0.000451s ]
INFO: [ view_template ] --START--
INFO: Run LocationTemplate Behavior [ RunTime:-1.480745s ]
INFO: [ view_template ] --END-- [ RunTime:0.013306s ]
INFO: [ view_parse ] --START--
NOTIC: [8] Undefined variable: apikey D:\www\Conf\logs\Cache\User\98b8848b68e15d866cd61a62155341bf.php 第 11 行.
INFO: Run ParseTemplate Behavior [ RunTime:-1.494098s ]
INFO: [ view_parse ] --END-- [ RunTime:0.024016s ]
INFO: [ view_filter ] --START--
INFO: Run ContentReplace Behavior [ RunTime:-1.518173s ]
INFO: Run TokenBuild Behavior [ RunTime:-1.519302s ]
INFO: Run WriteHtmlCache Behavior [ RunTime:-1.520298s ]
INFO: Run ShowRuntime Behavior [ RunTime:-1.521139s ]
INFO: [ view_filter ] --END-- [ RunTime:0.004151s ]
INFO: [ view_end ] --START--
INFO: Run ShowPageTrace Behavior [ RunTime:-1.522503s ]
INFO: [ view_end ] --END-- [ RunTime:0.001203s ]

[ 2015-06-30T14:56:24+08:00 ] ERR: (ThinkException) 无法加载模块:wap
[ 2015-06-30T14:56:30+08:00 ] 0.0.0.0 /index.php?g=User&m=Bm&a=wap&token=vjcbgt1414375209&tid=18
INFO: [ app_begin ] --START--
INFO: Run ReadHtmlCache Behavior [ RunTime:0.001184s ]
INFO: [ app_begin ] --END-- [ RunTime:0.001319s ]
NOTIC: [8] Undefined index: 1 D:\www\31cms\_Core\Lib\Core\Action.class.php 第 208 行.
NOTIC: [2] Cannot use a scalar value as an array D:\www\31cms\_Core\Lib\Core\Action.class.php 第 208 行.
SQL: SHOW COLUMNS FROM `tp_agent` [ RunTime:0.010005s ]
SQL: SELECT * FROM `tp_agent` WHERE ( `siteurl` = 'http://localhost' ) LIMIT 1   [ RunTime:0.000652s ]
SQL: SHOW COLUMNS FROM `tp_vote` [ RunTime:0.005115s ]
SQL: SELECT * FROM `tp_vote` WHERE ( `token` = 'vjcbgt1414375209' ) AND ( `id` = 18 ) LIMIT 1   [ RunTime:0.000609s ]
INFO: [ view_template ] --START--
INFO: Run LocationTemplate Behavior [ RunTime:-1.035142s ]
INFO: [ view_template ] --END-- [ RunTime:0.001688s ]
INFO: [ view_parse ] --START--
NOTIC: [8] Undefined variable: token D:\www\Conf\logs\Cache\User\a8dca2e681e60e0da4a370355aa1aaf1.php 第 130 行.
INFO: Run ParseTemplate Behavior [ RunTime:-1.036892s ]
INFO: [ view_parse ] --END-- [ RunTime:0.014835s ]
INFO: [ view_filter ] --START--
INFO: Run ContentReplace Behavior [ RunTime:-1.051788s ]
INFO: Run TokenBuild Behavior [ RunTime:-1.052673s ]
INFO: Run WriteHtmlCache Behavior [ RunTime:-1.053743s ]
INFO: Run ShowRuntime Behavior [ RunTime:-1.054404s ]
INFO: [ view_filter ] --END-- [ RunTime:0.003534s ]
INFO: [ view_end ] --START--
INFO: Run ShowPageTrace Behavior [ RunTime:-1.055410s ]
INFO: [ view_end ] --END-- [ RunTime:0.000957s ]

[ 2015-06-30T15:01:59+08:00 ] 0.0.0.0 /index.php?g=User&m=Upyun&a=upload&token=&width=700
INFO: [ app_begin ] --START--
INFO: Run ReadHtmlCache Behavior [ RunTime:0.001114s ]
INFO: [ app_begin ] --END-- [ RunTime:0.001331s ]
NOTIC: [8] Undefined index: 1 D:\www\31cms\_Core\Lib\Core\Action.class.php 第 208 行.
NOTIC: [2] Cannot use a scalar value as an array D:\www\31cms\_Core\Lib\Core\Action.class.php 第 208 行.
SQL: SHOW COLUMNS FROM `tp_agent` [ RunTime:0.005270s ]
SQL: SELECT * FROM `tp_agent` WHERE ( `siteurl` = 'http://localhost' ) LIMIT 1   [ RunTime:0.000668s ]
SQL: SHOW COLUMNS FROM `tp_user_group` [ RunTime:0.005847s ]
SQL: SELECT * FROM `tp_user_group` WHERE ( `id` = null ) LIMIT 1   [ RunTime:0.000490s ]
SQL: SHOW COLUMNS FROM `tp_users` [ RunTime:0.006782s ]
NOTIC: [8] Undefined index: uid D:\www\31cms\Lib\Action\UserAction.class.php 第 16 行.
SQL: SELECT * FROM `tp_users` WHERE ( `id` = null ) LIMIT 1   [ RunTime:0.000829s ]
NOTIC: [8] Undefined index: uid D:\www\31cms\Lib\Action\UserAction.class.php 第 21 行.
SQL: SELECT * FROM `tp_users` WHERE ( `id` = null ) LIMIT 1   [ RunTime:0.000775s ]
SQL: SHOW COLUMNS FROM `tp_wxuser` [ RunTime:0.005644s ]
SQL: SELECT `wxname`,`weixin`,`wxid`,`headerpic` FROM `tp_wxuser` WHERE ( `token` = null ) AND ( `uid` = null ) LIMIT 1   [ RunTime:0.000503s ]
SQL: SHOW COLUMNS FROM `tp_token_open` [ RunTime:0.004516s ]
SQL: SELECT `queryname` FROM `tp_token_open` WHERE ( `token` = null ) LIMIT 1   [ RunTime:0.000406s ]
INFO: [ view_template ] --START--
INFO: Run LocationTemplate Behavior [ RunTime:-1.080613s ]
INFO: [ view_template ] --END-- [ RunTime:0.001604s ]
INFO: [ view_parse ] --START--
NOTIC: [8] Undefined variable: apikey D:\www\Conf\logs\Cache\User\98b8848b68e15d866cd61a62155341bf.php 第 11 行.
INFO: Run ParseTemplate Behavior [ RunTime:-1.082266s ]
INFO: [ view_parse ] --END-- [ RunTime:0.011259s ]
INFO: [ view_filter ] --START--
INFO: Run ContentReplace Behavior [ RunTime:-1.093578s ]
INFO: Run TokenBuild Behavior [ RunTime:-1.094438s ]
INFO: Run WriteHtmlCache Behavior [ RunTime:-1.095318s ]
INFO: Run ShowRuntime Behavior [ RunTime:-1.096027s ]
INFO: [ view_filter ] --END-- [ RunTime:0.003359s ]
INFO: [ view_end ] --START--
INFO: Run ShowPageTrace Behavior [ RunTime:-1.097017s ]
INFO: [ view_end ] --END-- [ RunTime:0.001049s ]

[ 2015-06-30T15:20:19+08:00 ] 0.0.0.0 /index.php?g=User&m=Upyun&a=upload&token=&width=700
INFO: [ app_begin ] --START--
INFO: Run ReadHtmlCache Behavior [ RunTime:0.000950s ]
INFO: [ app_begin ] --END-- [ RunTime:0.001064s ]
NOTIC: [8] Undefined index: 1 D:\www\31cms\_Core\Lib\Core\Action.class.php 第 208 行.
NOTIC: [2] Cannot use a scalar value as an array D:\www\31cms\_Core\Lib\Core\Action.class.php 第 208 行.
SQL: SHOW COLUMNS FROM `tp_agent` [ RunTime:0.006320s ]
SQL: SELECT * FROM `tp_agent` WHERE ( `siteurl` = 'http://localhost' ) LIMIT 1   [ RunTime:0.014374s ]
SQL: SHOW COLUMNS FROM `tp_user_group` [ RunTime:0.004809s ]
SQL: SELECT * FROM `tp_user_group` WHERE ( `id` = null ) LIMIT 1   [ RunTime:0.000552s ]
SQL: SHOW COLUMNS FROM `tp_users` [ RunTime:0.007396s ]
NOTIC: [8] Undefined index: uid D:\www\31cms\Lib\Action\UserAction.class.php 第 16 行.
SQL: SELECT * FROM `tp_users` WHERE ( `id` = null ) LIMIT 1   [ RunTime:0.000855s ]
NOTIC: [8] Undefined index: uid D:\www\31cms\Lib\Action\UserAction.class.php 第 21 行.
SQL: SELECT * FROM `tp_users` WHERE ( `id` = null ) LIMIT 1   [ RunTime:0.001037s ]
SQL: SHOW COLUMNS FROM `tp_wxuser` [ RunTime:0.006340s ]
SQL: SELECT `wxname`,`weixin`,`wxid`,`headerpic` FROM `tp_wxuser` WHERE ( `token` = null ) AND ( `uid` = null ) LIMIT 1   [ RunTime:0.000554s ]
SQL: SHOW COLUMNS FROM `tp_token_open` [ RunTime:0.005498s ]
SQL: SELECT `queryname` FROM `tp_token_open` WHERE ( `token` = null ) LIMIT 1   [ RunTime:0.000445s ]
INFO: [ view_template ] --START--
INFO: Run LocationTemplate Behavior [ RunTime:-1.078995s ]
INFO: [ view_template ] --END-- [ RunTime:0.001766s ]
INFO: [ view_parse ] --START--
NOTIC: [8] Undefined variable: apikey D:\www\Conf\logs\Cache\User\98b8848b68e15d866cd61a62155341bf.php 第 11 行.
INFO: Run ParseTemplate Behavior [ RunTime:-1.080816s ]
INFO: [ view_parse ] --END-- [ RunTime:0.010516s ]
INFO: [ view_filter ] --START--
INFO: Run ContentReplace Behavior [ RunTime:-1.091380s ]
INFO: Run TokenBuild Behavior [ RunTime:-1.092182s ]
INFO: Run WriteHtmlCache Behavior [ RunTime:-1.093295s ]
INFO: Run ShowRuntime Behavior [ RunTime:-1.094024s ]
INFO: [ view_filter ] --END-- [ RunTime:0.004302s ]
INFO: [ view_end ] --START--
INFO: Run ShowPageTrace Behavior [ RunTime:-1.095767s ]
INFO: [ view_end ] --END-- [ RunTime:0.001393s ]

[ 2015-06-30T15:20:27+08:00 ] 0.0.0.0 /index.php?g=User&m=Upyun&a=upload&token=&width=700
INFO: [ app_begin ] --START--
INFO: Run ReadHtmlCache Behavior [ RunTime:0.000986s ]
INFO: [ app_begin ] --END-- [ RunTime:0.001114s ]
NOTIC: [8] Undefined index: 1 D:\www\31cms\_Core\Lib\Core\Action.class.php 第 208 行.
NOTIC: [2] Cannot use a scalar value as an array D:\www\31cms\_Core\Lib\Core\Action.class.php 第 208 行.
SQL: SHOW COLUMNS FROM `tp_agent` [ RunTime:0.005503s ]
SQL: SELECT * FROM `tp_agent` WHERE ( `siteurl` = 'http://localhost' ) LIMIT 1   [ RunTime:0.000603s ]
SQL: SHOW COLUMNS FROM `tp_user_group` [ RunTime:0.005239s ]
SQL: SELECT * FROM `tp_user_group` WHERE ( `id` = null ) LIMIT 1   [ RunTime:0.000404s ]
SQL: SHOW COLUMNS FROM `tp_users` [ RunTime:0.006981s ]
NOTIC: [8] Undefined index: uid D:\www\31cms\Lib\Action\UserAction.class.php 第 16 行.
SQL: SELECT * FROM `tp_users` WHERE ( `id` = null ) LIMIT 1   [ RunTime:0.000673s ]
NOTIC: [8] Undefined index: uid D:\www\31cms\Lib\Action\UserAction.class.php 第 21 行.
SQL: SELECT * FROM `tp_users` WHERE ( `id` = null ) LIMIT 1   [ RunTime:0.000677s ]
SQL: SHOW COLUMNS FROM `tp_wxuser` [ RunTime:0.005923s ]
SQL: SELECT `wxname`,`weixin`,`wxid`,`headerpic` FROM `tp_wxuser` WHERE ( `token` = null ) AND ( `uid` = null ) LIMIT 1   [ RunTime:0.000565s ]
SQL: SHOW COLUMNS FROM `tp_token_open` [ RunTime:0.004460s ]
SQL: SELECT `queryname` FROM `tp_token_open` WHERE ( `token` = null ) LIMIT 1   [ RunTime:0.000375s ]
INFO: [ view_template ] --START--
INFO: Run LocationTemplate Behavior [ RunTime:-1.061699s ]
INFO: [ view_template ] --END-- [ RunTime:0.002050s ]
INFO: [ view_parse ] --START--
NOTIC: [8] Undefined variable: apikey D:\www\Conf\logs\Cache\User\98b8848b68e15d866cd61a62155341bf.php 第 11 行.
INFO: Run ParseTemplate Behavior [ RunTime:-1.063806s ]
INFO: [ view_parse ] --END-- [ RunTime:0.010463s ]
INFO: [ view_filter ] --START--
INFO: Run ContentReplace Behavior [ RunTime:-1.074322s ]
INFO: Run TokenBuild Behavior [ RunTime:-1.075280s ]
INFO: Run WriteHtmlCache Behavior [ RunTime:-1.076268s ]
INFO: Run ShowRuntime Behavior [ RunTime:-1.077081s ]
INFO: [ view_filter ] --END-- [ RunTime:0.003860s ]
INFO: [ view_end ] --START--
INFO: Run ShowPageTrace Behavior [ RunTime:-1.078277s ]
INFO: [ view_end ] --END-- [ RunTime:0.001212s ]

[ 2015-06-30T15:21:18+08:00 ] 0.0.0.0 /index.php?g=User&m=Upyun&a=upload&token=&width=700
INFO: [ app_begin ] --START--
INFO: Run ReadHtmlCache Behavior [ RunTime:0.000982s ]
INFO: [ app_begin ] --END-- [ RunTime:0.001111s ]
NOTIC: [8] Undefined index: 1 D:\www\31cms\_Core\Lib\Core\Action.class.php 第 208 行.
NOTIC: [2] Cannot use a scalar value as an array D:\www\31cms\_Core\Lib\Core\Action.class.php 第 208 行.
SQL: SHOW COLUMNS FROM `tp_agent` [ RunTime:0.006152s ]
SQL: SELECT * FROM `tp_agent` WHERE ( `siteurl` = 'http://localhost' ) LIMIT 1   [ RunTime:0.000632s ]
SQL: SHOW COLUMNS FROM `tp_user_group` [ RunTime:0.004398s ]
SQL: SELECT * FROM `tp_user_group` WHERE ( `id` = null ) LIMIT 1   [ RunTime:0.000481s ]
SQL: SHOW COLUMNS FROM `tp_users` [ RunTime:0.007014s ]
NOTIC: [8] Undefined index: uid D:\www\31cms\Lib\Action\UserAction.class.php 第 16 行.
SQL: SELECT * FROM `tp_users` WHERE ( `id` = null ) LIMIT 1   [ RunTime:0.000704s ]
NOTIC: [8] Undefined index: uid D:\www\31cms\Lib\Action\UserAction.class.php 第 21 行.
SQL: SELECT * FROM `tp_users` WHERE ( `id` = null ) LIMIT 1   [ RunTime:0.000650s ]
SQL: SHOW COLUMNS FROM `tp_wxuser` [ RunTime:0.006284s ]
SQL: SELECT `wxname`,`weixin`,`wxid`,`headerpic` FROM `tp_wxuser` WHERE ( `token` = null ) AND ( `uid` = null ) LIMIT 1   [ RunTime:0.000465s ]
SQL: SHOW COLUMNS FROM `tp_token_open` [ RunTime:0.004116s ]
SQL: SELECT `queryname` FROM `tp_token_open` WHERE ( `token` = null ) LIMIT 1   [ RunTime:0.000479s ]

[ 2015-06-30T15:21:20+08:00 ] 0.0.0.0 /index.php?g=User&m=Upyun&a=upload&error=1&msg=%E6%B2%A1%E6%9C%89%E9%80%89%E6%8B%A9%E4%B8%8A%E4%BC%A0%E6%96%87%E4%BB%B6
INFO: [ app_begin ] --START--
INFO: Run ReadHtmlCache Behavior [ RunTime:0.001128s ]
INFO: [ app_begin ] --END-- [ RunTime:0.001255s ]
NOTIC: [8] Undefined index: 1 D:\www\31cms\_Core\Lib\Core\Action.class.php 第 208 行.
NOTIC: [2] Cannot use a scalar value as an array D:\www\31cms\_Core\Lib\Core\Action.class.php 第 208 行.
SQL: SHOW COLUMNS FROM `tp_agent` [ RunTime:0.005405s ]
SQL: SELECT * FROM `tp_agent` WHERE ( `siteurl` = 'http://localhost' ) LIMIT 1   [ RunTime:0.000710s ]
SQL: SHOW COLUMNS FROM `tp_user_group` [ RunTime:0.004657s ]
SQL: SELECT * FROM `tp_user_group` WHERE ( `id` = null ) LIMIT 1   [ RunTime:0.000491s ]
SQL: SHOW COLUMNS FROM `tp_users` [ RunTime:0.007635s ]
NOTIC: [8] Undefined index: uid D:\www\31cms\Lib\Action\UserAction.class.php 第 16 行.
SQL: SELECT * FROM `tp_users` WHERE ( `id` = null ) LIMIT 1   [ RunTime:0.000669s ]
NOTIC: [8] Undefined index: uid D:\www\31cms\Lib\Action\UserAction.class.php 第 21 行.
SQL: SELECT * FROM `tp_users` WHERE ( `id` = null ) LIMIT 1   [ RunTime:0.000660s ]
SQL: SHOW COLUMNS FROM `tp_wxuser` [ RunTime:0.006170s ]
SQL: SELECT `wxname`,`weixin`,`wxid`,`headerpic` FROM `tp_wxuser` WHERE ( `token` = null ) AND ( `uid` = null ) LIMIT 1   [ RunTime:0.000496s ]
SQL: SHOW COLUMNS FROM `tp_token_open` [ RunTime:0.004218s ]
SQL: SELECT `queryname` FROM `tp_token_open` WHERE ( `token` = null ) LIMIT 1   [ RunTime:0.000401s ]
INFO: [ view_template ] --START--
INFO: Run LocationTemplate Behavior [ RunTime:-1.062402s ]
INFO: [ view_template ] --END-- [ RunTime:0.001788s ]
INFO: [ view_parse ] --START--
NOTIC: [8] Undefined variable: apikey D:\www\Conf\logs\Cache\User\98b8848b68e15d866cd61a62155341bf.php 第 11 行.
INFO: Run ParseTemplate Behavior [ RunTime:-1.064246s ]
INFO: [ view_parse ] --END-- [ RunTime:0.010291s ]
INFO: [ view_filter ] --START--
INFO: Run ContentReplace Behavior [ RunTime:-1.074593s ]
INFO: Run TokenBuild Behavior [ RunTime:-1.075507s ]
INFO: Run WriteHtmlCache Behavior [ RunTime:-1.076405s ]
INFO: Run ShowRuntime Behavior [ RunTime:-1.077238s ]
INFO: [ view_filter ] --END-- [ RunTime:0.003726s ]
INFO: [ view_end ] --START--
INFO: Run ShowPageTrace Behavior [ RunTime:-1.078394s ]
INFO: [ view_end ] --END-- [ RunTime:0.001075s ]

[ 2015-06-30T15:21:22+08:00 ] 0.0.0.0 /index.php?g=User&m=Upyun&a=upload&token=&width=700
INFO: [ app_begin ] --START--
INFO: Run ReadHtmlCache Behavior [ RunTime:0.000917s ]
INFO: [ app_begin ] --END-- [ RunTime:0.001056s ]
NOTIC: [8] Undefined index: 1 D:\www\31cms\_Core\Lib\Core\Action.class.php 第 208 行.
NOTIC: [2] Cannot use a scalar value as an array D:\www\31cms\_Core\Lib\Core\Action.class.php 第 208 行.
SQL: SHOW COLUMNS FROM `tp_agent` [ RunTime:0.005864s ]
SQL: SELECT * FROM `tp_agent` WHERE ( `siteurl` = 'http://localhost' ) LIMIT 1   [ RunTime:0.000608s ]
SQL: SHOW COLUMNS FROM `tp_user_group` [ RunTime:0.005212s ]
SQL: SELECT * FROM `tp_user_group` WHERE ( `id` = null ) LIMIT 1   [ RunTime:0.000512s ]
SQL: SHOW COLUMNS FROM `tp_users` [ RunTime:0.007286s ]
NOTIC: [8] Undefined index: uid D:\www\31cms\Lib\Action\UserAction.class.php 第 16 行.
SQL: SELECT * FROM `tp_users` WHERE ( `id` = null ) LIMIT 1   [ RunTime:0.000726s ]
NOTIC: [8] Undefined index: uid D:\www\31cms\Lib\Action\UserAction.class.php 第 21 行.
SQL: SELECT * FROM `tp_users` WHERE ( `id` = null ) LIMIT 1   [ RunTime:0.000663s ]
SQL: SHOW COLUMNS FROM `tp_wxuser` [ RunTime:0.005963s ]
SQL: SELECT `wxname`,`weixin`,`wxid`,`headerpic` FROM `tp_wxuser` WHERE ( `token` = null ) AND ( `uid` = null ) LIMIT 1   [ RunTime:0.000451s ]
SQL: SHOW COLUMNS FROM `tp_token_open` [ RunTime:0.004433s ]
SQL: SELECT `queryname` FROM `tp_token_open` WHERE ( `token` = null ) LIMIT 1   [ RunTime:0.000386s ]
INFO: [ view_template ] --START--
INFO: Run LocationTemplate Behavior [ RunTime:-1.054227s ]
INFO: [ view_template ] --END-- [ RunTime:0.001574s ]
INFO: [ view_parse ] --START--
NOTIC: [8] Undefined variable: apikey D:\www\Conf\logs\Cache\User\98b8848b68e15d866cd61a62155341bf.php 第 11 行.
INFO: Run ParseTemplate Behavior [ RunTime:-1.055849s ]
INFO: [ view_parse ] --END-- [ RunTime:0.011737s ]
INFO: [ view_filter ] --START--
INFO: Run ContentReplace Behavior [ RunTime:-1.067640s ]
INFO: Run TokenBuild Behavior [ RunTime:-1.068742s ]
INFO: Run WriteHtmlCache Behavior [ RunTime:-1.069643s ]
INFO: Run ShowRuntime Behavior [ RunTime:-1.070432s ]
INFO: [ view_filter ] --END-- [ RunTime:0.003859s ]
INFO: [ view_end ] --START--
INFO: Run ShowPageTrace Behavior [ RunTime:-1.071578s ]
INFO: [ view_end ] --END-- [ RunTime:0.001106s ]

[ 2015-06-30T15:21:30+08:00 ] 0.0.0.0 /index.php?g=User&m=Upyun&a=upload&token=&width=700
INFO: [ app_begin ] --START--
INFO: Run ReadHtmlCache Behavior [ RunTime:0.000901s ]
INFO: [ app_begin ] --END-- [ RunTime:0.001004s ]
NOTIC: [8] Undefined index: 1 D:\www\31cms\_Core\Lib\Core\Action.class.php 第 208 行.
NOTIC: [2] Cannot use a scalar value as an array D:\www\31cms\_Core\Lib\Core\Action.class.php 第 208 行.
SQL: SHOW COLUMNS FROM `tp_agent` [ RunTime:0.005331s ]
SQL: SELECT * FROM `tp_agent` WHERE ( `siteurl` = 'http://localhost' ) LIMIT 1   [ RunTime:0.000605s ]
SQL: SHOW COLUMNS FROM `tp_user_group` [ RunTime:0.004521s ]
SQL: SELECT * FROM `tp_user_group` WHERE ( `id` = null ) LIMIT 1   [ RunTime:0.000473s ]
SQL: SHOW COLUMNS FROM `tp_users` [ RunTime:0.007495s ]
NOTIC: [8] Undefined index: uid D:\www\31cms\Lib\Action\UserAction.class.php 第 16 行.
SQL: SELECT * FROM `tp_users` WHERE ( `id` = null ) LIMIT 1   [ RunTime:0.000944s ]
NOTIC: [8] Undefined index: uid D:\www\31cms\Lib\Action\UserAction.class.php 第 21 行.
SQL: SELECT * FROM `tp_users` WHERE ( `id` = null ) LIMIT 1   [ RunTime:0.000725s ]
SQL: SHOW COLUMNS FROM `tp_wxuser` [ RunTime:0.005677s ]
SQL: SELECT `wxname`,`weixin`,`wxid`,`headerpic` FROM `tp_wxuser` WHERE ( `token` = null ) AND ( `uid` = null ) LIMIT 1   [ RunTime:0.000472s ]
SQL: SHOW COLUMNS FROM `tp_token_open` [ RunTime:0.004978s ]
SQL: SELECT `queryname` FROM `tp_token_open` WHERE ( `token` = null ) LIMIT 1   [ RunTime:0.000454s ]
NOTIC: [8] Undefined variable: thumb D:\www\31cms\Lib\Action\User\UpyunAction.class.php 第 685 行.
SQL: UPDATE `tp_users` SET `attachmentsize`=attachmentsize+226690 WHERE ( `id` = null ) [ RunTime:0.042010s ]
SQL: SHOW COLUMNS FROM `tp_files` [ RunTime:0.033588s ]
SQL: INSERT INTO `tp_files` (`token`,`size`,`time`,`type`,`url`) VALUES ('admin',226690,1435648890,'jpg','http://localhost/uploads/a/admin/9/e/9/e/5592437a68033.jpg') [ RunTime:0.051611s ]

[ 2015-06-30T15:21:31+08:00 ] 0.0.0.0 /index.php?g=User&m=Upyun&a=upload&error=0&msg=http://localhost/uploads/a/admin/9/e/9/e/5592437a68033.jpg
INFO: [ app_begin ] --START--
INFO: Run ReadHtmlCache Behavior [ RunTime:0.000977s ]
INFO: [ app_begin ] --END-- [ RunTime:0.001100s ]
NOTIC: [8] Undefined index: 1 D:\www\31cms\_Core\Lib\Core\Action.class.php 第 208 行.
NOTIC: [2] Cannot use a scalar value as an array D:\www\31cms\_Core\Lib\Core\Action.class.php 第 208 行.
SQL: SHOW COLUMNS FROM `tp_agent` [ RunTime:0.005366s ]
SQL: SELECT * FROM `tp_agent` WHERE ( `siteurl` = 'http://localhost' ) LIMIT 1   [ RunTime:0.000598s ]
SQL: SHOW COLUMNS FROM `tp_user_group` [ RunTime:0.005489s ]
SQL: SELECT * FROM `tp_user_group` WHERE ( `id` = null ) LIMIT 1   [ RunTime:0.000468s ]
SQL: SHOW COLUMNS FROM `tp_users` [ RunTime:0.007136s ]
NOTIC: [8] Undefined index: uid D:\www\31cms\Lib\Action\UserAction.class.php 第 16 行.
SQL: SELECT * FROM `tp_users` WHERE ( `id` = null ) LIMIT 1   [ RunTime:0.000812s ]
NOTIC: [8] Undefined index: uid D:\www\31cms\Lib\Action\UserAction.class.php 第 21 行.
SQL: SELECT * FROM `tp_users` WHERE ( `id` = null ) LIMIT 1   [ RunTime:0.000676s ]
SQL: SHOW COLUMNS FROM `tp_wxuser` [ RunTime:0.005868s ]
SQL: SELECT `wxname`,`weixin`,`wxid`,`headerpic` FROM `tp_wxuser` WHERE ( `token` = null ) AND ( `uid` = null ) LIMIT 1   [ RunTime:0.000538s ]
SQL: SHOW COLUMNS FROM `tp_token_open` [ RunTime:0.004140s ]
SQL: SELECT `queryname` FROM `tp_token_open` WHERE ( `token` = null ) LIMIT 1   [ RunTime:0.000405s ]
INFO: [ view_template ] --START--
INFO: Run LocationTemplate Behavior [ RunTime:-1.050413s ]
INFO: [ view_template ] --END-- [ RunTime:0.001476s ]
INFO: [ view_parse ] --START--
NOTIC: [8] Undefined variable: apikey D:\www\Conf\logs\Cache\User\98b8848b68e15d866cd61a62155341bf.php 第 11 行.
INFO: Run ParseTemplate Behavior [ RunTime:-1.051931s ]
INFO: [ view_parse ] --END-- [ RunTime:0.010269s ]
INFO: [ view_filter ] --START--
INFO: Run ContentReplace Behavior [ RunTime:-1.062261s ]
INFO: Run TokenBuild Behavior [ RunTime:-1.063111s ]
INFO: Run WriteHtmlCache Behavior [ RunTime:-1.063961s ]
INFO: Run ShowRuntime Behavior [ RunTime:-1.064672s ]
INFO: [ view_filter ] --END-- [ RunTime:0.003342s ]
INFO: [ view_end ] --START--
INFO: Run ShowPageTrace Behavior [ RunTime:-1.065696s ]
INFO: [ view_end ] --END-- [ RunTime:0.001068s ]

[ 2015-06-30T15:24:21+08:00 ] 0.0.0.0 /index.php?g=User&m=Bm&a=index&token=vjcbgt1414375209&tid=18
INFO: [ app_begin ] --START--
INFO: Run ReadHtmlCache Behavior [ RunTime:0.001128s ]
INFO: [ app_begin ] --END-- [ RunTime:0.001285s ]
NOTIC: [8] Undefined index: 1 D:\www\31cms\_Core\Lib\Core\Action.class.php 第 208 行.
NOTIC: [2] Cannot use a scalar value as an array D:\www\31cms\_Core\Lib\Core\Action.class.php 第 208 行.
SQL: SHOW COLUMNS FROM `tp_agent` [ RunTime:0.006002s ]
SQL: SELECT * FROM `tp_agent` WHERE ( `siteurl` = 'http://localhost' ) LIMIT 1   [ RunTime:0.000742s ]
SQL: SHOW COLUMNS FROM `tp_vote` [ RunTime:0.004896s ]
SQL: SELECT * FROM `tp_vote` WHERE ( `token` = 'vjcbgt1414375209' ) AND ( `id` = 18 ) LIMIT 1   [ RunTime:0.012514s ]
INFO: [ view_template ] --START--
INFO: Run LocationTemplate Behavior [ RunTime:-1.058446s ]
INFO: [ view_template ] --END-- [ RunTime:0.001478s ]
INFO: [ view_parse ] --START--
NOTIC: [8] Undefined variable: token D:\www\Conf\logs\Cache\User\aa05bb32a8cfdb3e4f56c7863b94746e.php 第 211 行.
INFO: Run ParseTemplate Behavior [ RunTime:-1.059968s ]
INFO: [ view_parse ] --END-- [ RunTime:0.014478s ]
INFO: [ view_filter ] --START--
INFO: Run ContentReplace Behavior [ RunTime:-1.074502s ]
INFO: Run TokenBuild Behavior [ RunTime:-1.075424s ]
INFO: Run WriteHtmlCache Behavior [ RunTime:-1.076260s ]
INFO: Run ShowRuntime Behavior [ RunTime:-1.077091s ]
INFO: [ view_filter ] --END-- [ RunTime:0.003461s ]
INFO: [ view_end ] --START--
INFO: Run ShowPageTrace Behavior [ RunTime:-1.078045s ]
INFO: [ view_end ] --END-- [ RunTime:0.001281s ]

[ 2015-06-30T15:32:54+08:00 ] ERR: (ThinkException) 无法加载模块:jQuery
[ 2015-06-30T15:33:39+08:00 ] ERR: (ThinkException) 无法加载模块:jQuery
[ 2015-06-30T15:33:40+08:00 ] ERR: (ThinkException) 无法加载模块:123
[ 2015-06-30T15:35:20+08:00 ] 0.0.0.0 /
INFO: [ app_begin ] --START--
INFO: Run ReadHtmlCache Behavior [ RunTime:0.001190s ]
INFO: [ app_begin ] --END-- [ RunTime:0.001395s ]
NOTIC: [2048] Declaration of IndexAction::show() should be compatible with that of Action::show() D:\www\31cms\Lib\Action\Home\IndexAction.class.php 第 2 行.
NOTIC: [8] Undefined index: 1 D:\www\31cms\_Core\Lib\Core\Action.class.php 第 208 行.
NOTIC: [2] Cannot use a scalar value as an array D:\www\31cms\_Core\Lib\Core\Action.class.php 第 208 行.
SQL: SHOW COLUMNS FROM `tp_agent` [ RunTime:0.005743s ]
SQL: SELECT * FROM `tp_agent` WHERE ( `siteurl` = 'http://localhost' ) LIMIT 1   [ RunTime:0.000693s ]
INFO: [ view_template ] --START--
INFO: Run LocationTemplate Behavior [ RunTime:-1.025505s ]
INFO: [ view_template ] --END-- [ RunTime:0.001463s ]
INFO: [ view_parse ] --START--
INFO: Run ParseTemplate Behavior [ RunTime:-1.027018s ]
INFO: [ view_parse ] --END-- [ RunTime:0.010489s ]
INFO: [ view_filter ] --START--
INFO: Run ContentReplace Behavior [ RunTime:-1.037609s ]
INFO: Run TokenBuild Behavior [ RunTime:-1.038414s ]
INFO: Run WriteHtmlCache Behavior [ RunTime:-1.039283s ]
INFO: Run ShowRuntime Behavior [ RunTime:-1.039963s ]
INFO: [ view_filter ] --END-- [ RunTime:0.003232s ]
INFO: [ view_end ] --START--
INFO: Run ShowPageTrace Behavior [ RunTime:-1.040869s ]
INFO: [ view_end ] --END-- [ RunTime:0.000965s ]

[ 2015-06-30T15:35:20+08:00 ] ERR: (ThinkException) 无法加载模块:tpl
[ 2015-06-30T15:35:20+08:00 ] ERR: (ThinkException) 无法加载模块:tpl
