[ 2015-05-20T16:01:12+08:00 ] 0.0.0.0 /index.php?g=User&m=Bm&a=index&token=vjcbgt1414375209&id=18
INFO: [ app_begin ] --START--
INFO: Run ReadHtmlCache Behavior [ RunTime:0.000926s ]
INFO: [ app_begin ] --END-- [ RunTime:0.001064s ]
NOTIC: [8] Undefined index: 1 D:\www\31cms\_Core\Lib\Core\Action.class.php 第 208 行.
NOTIC: [2] Cannot use a scalar value as an array D:\www\31cms\_Core\Lib\Core\Action.class.php 第 208 行.
SQL: SHOW COLUMNS FROM `tp_agent` [ RunTime:0.006903s ]
SQL: SELECT * FROM `tp_agent` WHERE ( `siteurl` = 'http://localhost' ) LIMIT 1   [ RunTime:0.000737s ]
SQL: SHOW COLUMNS FROM `tp_vote` [ RunTime:0.004837s ]
SQL: SELECT * FROM `tp_vote` WHERE ( `token` = 'vjcbgt1414375209' ) AND ( `id` = 0 ) LIMIT 1   [ RunTime:0.000530s ]
INFO: [ view_template ] --START--
INFO: Run LocationTemplate Behavior [ RunTime:-1.032363s ]
INFO: [ view_template ] --END-- [ RunTime:0.001313s ]
INFO: [ view_parse ] --START--
NOTIC: [8] Undefined variable: token D:\www\Conf\logs\Cache\User\aa05bb32a8cfdb3e4f56c7863b94746e.php 第 211 行.
INFO: Run ParseTemplate Behavior [ RunTime:-1.033727s ]
INFO: [ view_parse ] --END-- [ RunTime:0.012148s ]
INFO: [ view_filter ] --START--
INFO: Run ContentReplace Behavior [ RunTime:-1.045933s ]
INFO: Run TokenBuild Behavior [ RunTime:-1.046725s ]
INFO: Run WriteHtmlCache Behavior [ RunTime:-1.047542s ]
INFO: Run ShowRuntime Behavior [ RunTime:-1.048199s ]
INFO: [ view_filter ] --END-- [ RunTime:0.003059s ]
INFO: [ view_end ] --START--
INFO: Run ShowPageTrace Behavior [ RunTime:-1.049073s ]
INFO: [ view_end ] --END-- [ RunTime:0.000883s ]

