[ 2015-06-11T13:51:22+08:00 ] 192.168.1.100 /
INFO: [ app_begin ] --START--
INFO: Run ReadHtmlCache Behavior [ RunTime:0.002084s ]
INFO: [ app_begin ] --END-- [ RunTime:0.022812s ]
NOTIC: [2048] Declaration of IndexAction::show() should be compatible with that of Action::show() D:\www\31cms\Lib\Action\Home\IndexAction.class.php 第 2 行.
NOTIC: [2] Cannot use a scalar value as an array D:\www\31cms\_Core\Lib\Core\Action.class.php 第 208 行.
SQL: SHOW COLUMNS FROM `tp_agent` [ RunTime:0.146466s ]
SQL: SELECT * FROM `tp_agent` WHERE ( `siteurl` = 'http://192.168.1.100' ) LIMIT 1   [ RunTime:0.001692s ]
INFO: [ view_template ] --START--
INFO: Run LocationTemplate Behavior [ RunTime:-2.127843s ]
INFO: [ view_template ] --END-- [ RunTime:0.008378s ]
INFO: [ view_parse ] --START--
INFO: Run ParseTemplate Behavior [ RunTime:-2.136278s ]
INFO: [ view_parse ] --END-- [ RunTime:0.066147s ]
INFO: [ view_filter ] --START--
INFO: Run ContentReplace Behavior [ RunTime:-2.202477s ]
INFO: Run TokenBuild Behavior [ RunTime:-2.203452s ]
INFO: Run WriteHtmlCache Behavior [ RunTime:-2.204542s ]
INFO: Run ShowRuntime Behavior [ RunTime:-2.205504s ]
INFO: [ view_filter ] --END-- [ RunTime:0.004148s ]
INFO: [ view_end ] --START--
INFO: Run ShowPageTrace Behavior [ RunTime:-2.206705s ]
INFO: [ view_end ] --END-- [ RunTime:0.001181s ]

[ 2015-06-11T13:51:23+08:00 ] ERR: (ThinkException) 无法加载模块:tpl
[ 2015-06-11T13:51:23+08:00 ] ERR: (ThinkException) 无法加载模块:tpl
[ 2015-06-11T13:51:23+08:00 ] ERR: (ThinkException) 无法加载模块:favicon.ico
[ 2015-06-11T13:51:33+08:00 ] 192.168.1.100 /index.php?m=Users&a=checklogin
INFO: [ app_begin ] --START--
INFO: Run ReadHtmlCache Behavior [ RunTime:0.001196s ]
INFO: [ app_begin ] --END-- [ RunTime:0.001318s ]
NOTIC: [2] Cannot use a scalar value as an array D:\www\31cms\_Core\Lib\Core\Action.class.php 第 208 行.
SQL: SHOW COLUMNS FROM `tp_agent` [ RunTime:0.006839s ]
SQL: SELECT * FROM `tp_agent` WHERE ( `siteurl` = 'http://192.168.1.100' ) LIMIT 1   [ RunTime:0.000624s ]
SQL: SHOW COLUMNS FROM `tp_users` [ RunTime:0.051667s ]
SQL: SELECT * FROM `tp_users` WHERE ( `username` = 'admin' ) LIMIT 1   [ RunTime:0.010650s ]
SQL: SHOW COLUMNS FROM `tp_token_open` [ RunTime:0.066739s ]
SQL: SELECT `token` FROM `tp_token_open` WHERE ( `uid` = 1 ) LIMIT 1   [ RunTime:0.027934s ]
SQL: SHOW COLUMNS FROM `tp_user_group` [ RunTime:0.029595s ]
SQL: SELECT * FROM `tp_user_group` WHERE ( `id` = 7 ) LIMIT 1   [ RunTime:0.029380s ]
SQL: UPDATE `tp_users` SET `lasttime`=1434001893,`lastloginmonth`=6,`lastip`='192.168.1.100' WHERE ( `id` = 1 ) [ RunTime:0.001632s ]
INFO: [ view_template ] --START--
INFO: Run LocationTemplate Behavior [ RunTime:-1.363022s ]
INFO: [ view_template ] --END-- [ RunTime:0.001441s ]
INFO: [ view_parse ] --START--
INFO: Run ParseTemplate Behavior [ RunTime:-1.364518s ]
INFO: [ view_parse ] --END-- [ RunTime:0.031055s ]
INFO: [ view_filter ] --START--
INFO: Run ContentReplace Behavior [ RunTime:-1.395627s ]
INFO: Run TokenBuild Behavior [ RunTime:-1.396313s ]
INFO: Run WriteHtmlCache Behavior [ RunTime:-1.396983s ]
INFO: Run ShowRuntime Behavior [ RunTime:-1.397556s ]
INFO: [ view_filter ] --END-- [ RunTime:0.002643s ]
INFO: [ view_end ] --START--
INFO: Run ShowPageTrace Behavior [ RunTime:-1.398385s ]
INFO: [ view_end ] --END-- [ RunTime:0.000870s ]

[ 2015-06-11T13:51:33+08:00 ] ERR: (ThinkException) 无法加载模块:favicon.ico
[ 2015-06-11T13:51:35+08:00 ] 192.168.1.100 /index.php?g=User&m=Vote&a=index
INFO: [ app_begin ] --START--
INFO: Run ReadHtmlCache Behavior [ RunTime:0.000710s ]
INFO: [ app_begin ] --END-- [ RunTime:0.000820s ]
NOTIC: [2] Cannot use a scalar value as an array D:\www\31cms\_Core\Lib\Core\Action.class.php 第 208 行.
SQL: SHOW COLUMNS FROM `tp_agent` [ RunTime:0.006803s ]
SQL: SELECT * FROM `tp_agent` WHERE ( `siteurl` = 'http://192.168.1.100' ) LIMIT 1   [ RunTime:0.000629s ]
SQL: SHOW COLUMNS FROM `tp_user_group` [ RunTime:0.004955s ]
SQL: SELECT * FROM `tp_user_group` WHERE ( `id` = 7 ) LIMIT 1   [ RunTime:0.000519s ]
SQL: SHOW COLUMNS FROM `tp_users` [ RunTime:0.008055s ]
SQL: SELECT * FROM `tp_users` WHERE ( `id` = 1 ) LIMIT 1   [ RunTime:0.000805s ]
SQL: SELECT * FROM `tp_users` WHERE ( `id` = 1 ) LIMIT 1   [ RunTime:0.000678s ]
SQL: SHOW COLUMNS FROM `tp_wxuser` [ RunTime:0.028310s ]
SQL: SELECT `wxname`,`weixin`,`wxid`,`headerpic` FROM `tp_wxuser` WHERE ( `token` = 'vjcbgt1414375209' ) AND ( `uid` = 1 ) LIMIT 1   [ RunTime:0.000733s ]
SQL: SHOW COLUMNS FROM `tp_token_open` [ RunTime:0.003881s ]
SQL: SELECT `queryname` FROM `tp_token_open` WHERE ( `token` = 'vjcbgt1414375209' ) LIMIT 1   [ RunTime:0.000500s ]
SQL: SELECT `gid`,`activitynum` FROM `tp_users` WHERE ( `id` = 1 ) LIMIT 1   [ RunTime:0.000446s ]
SQL: SELECT * FROM `tp_user_group` WHERE ( `id` = 7 ) LIMIT 1   [ RunTime:0.000458s ]
SQL: SHOW COLUMNS FROM `tp_vote` [ RunTime:0.038702s ]
SQL: SELECT * FROM `tp_vote` WHERE ( `token` = 'vjcbgt1414375209' ) ORDER BY id DESC  [ RunTime:0.000581s ]
SQL: SELECT COUNT(*) AS tp_count FROM `tp_vote` WHERE ( `token` = 'vjcbgt1414375209' ) LIMIT 1   [ RunTime:0.009819s ]
INFO: [ view_template ] --START--
INFO: Run LocationTemplate Behavior [ RunTime:-1.175092s ]
INFO: [ view_template ] --END-- [ RunTime:0.000982s ]
INFO: [ view_parse ] --START--
NOTIC: [8] Undefined variable: info D:\www\Conf\logs\Cache\User\f70321ef24e437eb7147c67ab8f0460a.php 第 5 行.
NOTIC: [8] Undefined variable: ok D:\www\Conf\logs\Cache\User\f70321ef24e437eb7147c67ab8f0460a.php 第 165 行.
NOTIC: [8] Undefined index: id D:\www\Conf\logs\Cache\User\f70321ef24e437eb7147c67ab8f0460a.php 第 181 行.
NOTIC: [8] Undefined variable: myurl D:\www\Conf\logs\Cache\User\f70321ef24e437eb7147c67ab8f0460a.php 第 217 行.
INFO: Run ParseTemplate Behavior [ RunTime:-1.176125s ]
INFO: [ view_parse ] --END-- [ RunTime:0.049971s ]
INFO: [ view_filter ] --START--
INFO: Run ContentReplace Behavior [ RunTime:-1.226153s ]
INFO: Run TokenBuild Behavior [ RunTime:-1.226854s ]
INFO: Run WriteHtmlCache Behavior [ RunTime:-1.227614s ]
INFO: Run ShowRuntime Behavior [ RunTime:-1.228106s ]
INFO: [ view_filter ] --END-- [ RunTime:0.002607s ]
INFO: [ view_end ] --START--
INFO: Run ShowPageTrace Behavior [ RunTime:-1.228844s ]
INFO: [ view_end ] --END-- [ RunTime:0.000754s ]

[ 2015-06-11T13:51:36+08:00 ] 192.168.1.100 /index.php?g=User&m=Vote&a=index
INFO: [ app_begin ] --START--
INFO: Run ReadHtmlCache Behavior [ RunTime:0.000688s ]
INFO: [ app_begin ] --END-- [ RunTime:0.000793s ]
NOTIC: [2] Cannot use a scalar value as an array D:\www\31cms\_Core\Lib\Core\Action.class.php 第 208 行.
SQL: SHOW COLUMNS FROM `tp_agent` [ RunTime:0.005389s ]
SQL: SELECT * FROM `tp_agent` WHERE ( `siteurl` = 'http://192.168.1.100' ) LIMIT 1   [ RunTime:0.000635s ]
SQL: SHOW COLUMNS FROM `tp_user_group` [ RunTime:0.004523s ]
SQL: SELECT * FROM `tp_user_group` WHERE ( `id` = 7 ) LIMIT 1   [ RunTime:0.000511s ]
SQL: SHOW COLUMNS FROM `tp_users` [ RunTime:0.006761s ]
SQL: SELECT * FROM `tp_users` WHERE ( `id` = 1 ) LIMIT 1   [ RunTime:0.000779s ]
SQL: SELECT * FROM `tp_users` WHERE ( `id` = 1 ) LIMIT 1   [ RunTime:0.000914s ]
SQL: SHOW COLUMNS FROM `tp_wxuser` [ RunTime:0.006137s ]
SQL: SELECT `wxname`,`weixin`,`wxid`,`headerpic` FROM `tp_wxuser` WHERE ( `token` = 'vjcbgt1414375209' ) AND ( `uid` = 1 ) LIMIT 1   [ RunTime:0.000446s ]
SQL: SHOW COLUMNS FROM `tp_token_open` [ RunTime:0.003677s ]
SQL: SELECT `queryname` FROM `tp_token_open` WHERE ( `token` = 'vjcbgt1414375209' ) LIMIT 1   [ RunTime:0.000441s ]
SQL: SELECT `gid`,`activitynum` FROM `tp_users` WHERE ( `id` = 1 ) LIMIT 1   [ RunTime:0.000455s ]
SQL: SELECT * FROM `tp_user_group` WHERE ( `id` = 7 ) LIMIT 1   [ RunTime:0.000519s ]
SQL: SHOW COLUMNS FROM `tp_vote` [ RunTime:0.004815s ]
SQL: SELECT * FROM `tp_vote` WHERE ( `token` = 'vjcbgt1414375209' ) ORDER BY id DESC  [ RunTime:0.000558s ]
SQL: SELECT COUNT(*) AS tp_count FROM `tp_vote` WHERE ( `token` = 'vjcbgt1414375209' ) LIMIT 1   [ RunTime:0.000502s ]
INFO: [ view_template ] --START--
INFO: Run LocationTemplate Behavior [ RunTime:-1.939376s ]
INFO: [ view_template ] --END-- [ RunTime:0.001039s ]
INFO: [ view_parse ] --START--
NOTIC: [8] Undefined variable: info D:\www\Conf\logs\Cache\User\f70321ef24e437eb7147c67ab8f0460a.php 第 5 行.
NOTIC: [8] Undefined variable: ok D:\www\Conf\logs\Cache\User\f70321ef24e437eb7147c67ab8f0460a.php 第 165 行.
NOTIC: [8] Undefined index: id D:\www\Conf\logs\Cache\User\f70321ef24e437eb7147c67ab8f0460a.php 第 181 行.
NOTIC: [8] Undefined variable: myurl D:\www\Conf\logs\Cache\User\f70321ef24e437eb7147c67ab8f0460a.php 第 217 行.
INFO: Run ParseTemplate Behavior [ RunTime:-1.940441s ]
INFO: [ view_parse ] --END-- [ RunTime:0.017468s ]
INFO: [ view_filter ] --START--
INFO: Run ContentReplace Behavior [ RunTime:-1.957968s ]
INFO: Run TokenBuild Behavior [ RunTime:-1.958643s ]
INFO: Run WriteHtmlCache Behavior [ RunTime:-1.959278s ]
INFO: Run ShowRuntime Behavior [ RunTime:-1.959736s ]
INFO: [ view_filter ] --END-- [ RunTime:0.002401s ]
INFO: [ view_end ] --START--
INFO: Run ShowPageTrace Behavior [ RunTime:-1.960456s ]
INFO: [ view_end ] --END-- [ RunTime:0.000751s ]

[ 2015-06-11T13:51:37+08:00 ] ERR: (ThinkException) 无法加载模块:tpl
[ 2015-06-11T13:51:37+08:00 ] ERR: (ThinkException) 无法加载模块:tpl
[ 2015-06-11T13:51:37+08:00 ] ERR: (ThinkException) 无法加载模块:favicon.ico
[ 2015-06-11T13:52:34+08:00 ] 192.168.1.100 /index.php?g=Wap&m=Vote&a=index&token=vjcbgt1414375209&tid=18
INFO: [ app_begin ] --START--
INFO: Run ReadHtmlCache Behavior [ RunTime:0.000729s ]
INFO: [ app_begin ] --END-- [ RunTime:0.000920s ]
NOTIC: [2048] Declaration of VoteAction::show() should be compatible with that of Action::show() D:\www\31cms\Lib\Action\Wap\VoteAction.class.php 第 2 行.
NOTIC: [2] Cannot use a scalar value as an array D:\www\31cms\_Core\Lib\Core\Action.class.php 第 208 行.
SQL: SHOW COLUMNS FROM `tp_agent` [ RunTime:0.018842s ]
SQL: SELECT * FROM `tp_agent` WHERE ( `siteurl` = 'http://192.168.1.100' ) LIMIT 1   [ RunTime:0.001672s ]
SQL: SHOW COLUMNS FROM `tp_vote` [ RunTime:0.006674s ]
SQL: SHOW COLUMNS FROM `tp_vote_record` [ RunTime:0.039565s ]
SQL: SHOW COLUMNS FROM `tp_token_open` [ RunTime:0.007750s ]
SQL: SHOW COLUMNS FROM `tp_users` [ RunTime:0.009693s ]
SQL: SELECT `uid` FROM `tp_token_open` WHERE ( `token` = 'vjcbgt1414375209' ) LIMIT 1   [ RunTime:0.000595s ]
SQL: SELECT * FROM `tp_vote` WHERE ( `token` = 'vjcbgt1414375209' ) AND ( `id` = 18 ) LIMIT 1   [ RunTime:0.000705s ]
SQL: SELECT * FROM `tp_users` WHERE ( `id` = 1 ) LIMIT 1   [ RunTime:0.001029s ]
NOTIC: [8] Undefined index: search D:\www\31cms\Lib\Action\Wap\VoteAction.class.php 第 55 行.
NOTIC: [8] Undefined index: search D:\www\31cms\Lib\Action\Wap\VoteAction.class.php 第 59 行.
SQL: SHOW COLUMNS FROM `tp_vote_item` [ RunTime:0.026245s ]
SQL: SELECT COUNT(*) AS tp_count FROM `tp_vote_item` WHERE ( `vid` = 18 ) AND ( `status` = 1 ) LIMIT 1   [ RunTime:0.007813s ]
SQL: SHOW COLUMNS FROM `tp_vote_record` [ RunTime:0.005576s ]
SQL: SELECT COUNT(*) AS tp_count FROM `tp_vote_record` LIMIT 1   [ RunTime:0.000650s ]
SQL: SELECT * FROM `tp_vote_item` WHERE ( `vid` = 18 ) AND ( `status` = 1 ) ORDER BY `rank` asc,`id` desc LIMIT 0,6   [ RunTime:0.025899s ]
SQL: SELECT * FROM `tp_vote_item` WHERE ( `vid` = 18 ) AND ( `status` = 1 ) ORDER BY vcount desc LIMIT 0,6   [ RunTime:0.000734s ]
SQL: SELECT * FROM `tp_vote_record` WHERE ( `wecha_id` = null ) AND ( `vid` = 18 ) LIMIT 1   [ RunTime:0.000677s ]
SQL: SELECT * FROM `tp_vote_item` WHERE ( `vid` = 18 ) AND ( `status` = 1 ) ORDER BY `rank` asc,`id` desc LIMIT 0,6   [ RunTime:0.000745s ]
NOTIC: [8] Undefined variable: vcount D:\www\31cms\Lib\Action\Wap\VoteAction.class.php 第 104 行.
NOTIC: [2] Division by zero D:\www\31cms\Lib\Action\Wap\VoteAction.class.php 第 104 行.
NOTIC: [8] Undefined variable: vcount D:\www\31cms\Lib\Action\Wap\VoteAction.class.php 第 104 行.
NOTIC: [2] Division by zero D:\www\31cms\Lib\Action\Wap\VoteAction.class.php 第 104 行.
NOTIC: [8] Undefined variable: vcount D:\www\31cms\Lib\Action\Wap\VoteAction.class.php 第 104 行.
NOTIC: [2] Division by zero D:\www\31cms\Lib\Action\Wap\VoteAction.class.php 第 104 行.
NOTIC: [8] Undefined variable: vcount D:\www\31cms\Lib\Action\Wap\VoteAction.class.php 第 104 行.
NOTIC: [2] Division by zero D:\www\31cms\Lib\Action\Wap\VoteAction.class.php 第 104 行.
NOTIC: [8] Undefined variable: vcount D:\www\31cms\Lib\Action\Wap\VoteAction.class.php 第 104 行.
NOTIC: [2] Division by zero D:\www\31cms\Lib\Action\Wap\VoteAction.class.php 第 104 行.
NOTIC: [8] Undefined variable: vcount D:\www\31cms\Lib\Action\Wap\VoteAction.class.php 第 104 行.
NOTIC: [2] Division by zero D:\www\31cms\Lib\Action\Wap\VoteAction.class.php 第 104 行.
NOTIC: [8] Undefined variable: show D:\www\31cms\Lib\Action\Wap\VoteAction.class.php 第 133 行.
NOTIC: [8] Undefined variable: total D:\www\31cms\Lib\Action\Wap\VoteAction.class.php 第 136 行.
INFO: [ view_template ] --START--
INFO: Run LocationTemplate Behavior [ RunTime:-1.253715s ]
INFO: [ view_template ] --END-- [ RunTime:0.012240s ]
INFO: [ view_parse ] --START--
INFO: Run ParseTemplate Behavior [ RunTime:-1.266039s ]
INFO: [ view_parse ] --END-- [ RunTime:0.054678s ]
INFO: [ view_filter ] --START--
INFO: Run ContentReplace Behavior [ RunTime:-1.320807s ]
INFO: Run TokenBuild Behavior [ RunTime:-1.321892s ]
INFO: Run WriteHtmlCache Behavior [ RunTime:-1.323383s ]
INFO: Run ShowRuntime Behavior [ RunTime:-1.324155s ]
INFO: [ view_filter ] --END-- [ RunTime:0.004434s ]
INFO: [ view_end ] --START--
INFO: Run ShowPageTrace Behavior [ RunTime:-1.325369s ]
INFO: [ view_end ] --END-- [ RunTime:0.001115s ]

[ 2015-06-11T13:52:34+08:00 ] ERR: (ThinkException) 无法加载模块:tpl
[ 2015-06-11T13:52:36+08:00 ] ERR: (ThinkException) 无法加载模块:favicon.ico
[ 2015-06-11T13:52:37+08:00 ] 192.168.1.100 /index.php?g=Wap&m=Vote&a=show&token=vjcbgt1414375209&id=2&wecha_id=&tid=18
INFO: [ app_begin ] --START--
INFO: Run ReadHtmlCache Behavior [ RunTime:0.000629s ]
INFO: [ app_begin ] --END-- [ RunTime:0.000735s ]
NOTIC: [2048] Declaration of VoteAction::show() should be compatible with that of Action::show() D:\www\31cms\Lib\Action\Wap\VoteAction.class.php 第 2 行.
NOTIC: [2] Cannot use a scalar value as an array D:\www\31cms\_Core\Lib\Core\Action.class.php 第 208 行.
SQL: SHOW COLUMNS FROM `tp_agent` [ RunTime:0.008224s ]
SQL: SELECT * FROM `tp_agent` WHERE ( `siteurl` = 'http://192.168.1.100' ) LIMIT 1   [ RunTime:0.001832s ]
SQL: SHOW COLUMNS FROM `tp_vote` [ RunTime:0.006296s ]
SQL: SELECT * FROM `tp_vote` WHERE ( `token` = 'vjcbgt1414375209' ) AND ( `id` = 18 ) LIMIT 1   [ RunTime:0.000731s ]
SQL: SHOW COLUMNS FROM `tp_vote_item` [ RunTime:0.006027s ]
SQL: SELECT * FROM `tp_vote_item` WHERE ( `id` = 2 ) LIMIT 1   [ RunTime:0.000716s ]
SQL: SELECT COUNT(*) AS tp_count FROM `tp_vote_item` WHERE ( `vid` = 18 ) AND ( `status` = 1 ) AND ( `vcount` > '1' ) LIMIT 1   [ RunTime:0.000645s ]
SQL: SHOW COLUMNS FROM `tp_users` [ RunTime:0.009997s ]
SQL: SELECT * FROM `tp_users` WHERE ( `username` = 'admin' ) LIMIT 1   [ RunTime:0.000858s ]
SQL: SHOW COLUMNS FROM `tp_guanggao` [ RunTime:0.044397s ]
SQL: SELECT * FROM `tp_guanggao` WHERE ( `vid` = 18 )  [ RunTime:0.000519s ]
SQL: SHOW COLUMNS FROM `tp_token_open` [ RunTime:0.003980s ]
SQL: SELECT `uid` FROM `tp_token_open` WHERE ( `token` = 'vjcbgt1414375209' ) LIMIT 1   [ RunTime:0.000621s ]
SQL: SELECT * FROM `tp_users` WHERE ( `id` = 1 ) LIMIT 1   [ RunTime:0.000659s ]
INFO: [ view_template ] --START--
INFO: Run LocationTemplate Behavior [ RunTime:-1.122238s ]
INFO: [ view_template ] --END-- [ RunTime:0.001417s ]
INFO: [ view_parse ] --START--
INFO: Run ParseTemplate Behavior [ RunTime:-1.123709s ]
INFO: [ view_parse ] --END-- [ RunTime:0.019914s ]
INFO: [ view_filter ] --START--
INFO: Run ContentReplace Behavior [ RunTime:-1.143681s ]
INFO: Run TokenBuild Behavior [ RunTime:-1.144506s ]
INFO: Run WriteHtmlCache Behavior [ RunTime:-1.145269s ]
INFO: Run ShowRuntime Behavior [ RunTime:-1.145833s ]
INFO: [ view_filter ] --END-- [ RunTime:0.003030s ]
INFO: [ view_end ] --START--
INFO: Run ShowPageTrace Behavior [ RunTime:-1.146802s ]
INFO: [ view_end ] --END-- [ RunTime:0.000901s ]

[ 2015-06-11T13:52:38+08:00 ] ERR: (ThinkException) 无法加载模块:favicon.ico
[ 2015-06-11T13:52:48+08:00 ] 192.168.1.101 /index.php?g=Wap&m=Vote&a=show&token=vjcbgt1414375209&id=2&wecha_id=&tid=18
INFO: [ app_begin ] --START--
INFO: Run ReadHtmlCache Behavior [ RunTime:0.000926s ]
INFO: [ app_begin ] --END-- [ RunTime:0.001077s ]
NOTIC: [2048] Declaration of VoteAction::show() should be compatible with that of Action::show() D:\www\31cms\Lib\Action\Wap\VoteAction.class.php 第 2 行.
NOTIC: [2] Cannot use a scalar value as an array D:\www\31cms\_Core\Lib\Core\Action.class.php 第 208 行.
SQL: SHOW COLUMNS FROM `tp_agent` [ RunTime:0.012847s ]
SQL: SELECT * FROM `tp_agent` WHERE ( `siteurl` = 'http://192.168.1.100' ) LIMIT 1   [ RunTime:0.000816s ]
SQL: SHOW COLUMNS FROM `tp_vote` [ RunTime:0.006139s ]
SQL: SELECT * FROM `tp_vote` WHERE ( `token` = 'vjcbgt1414375209' ) AND ( `id` = 18 ) LIMIT 1   [ RunTime:0.000689s ]
SQL: SHOW COLUMNS FROM `tp_vote_item` [ RunTime:0.006303s ]
SQL: SELECT * FROM `tp_vote_item` WHERE ( `id` = 2 ) LIMIT 1   [ RunTime:0.000648s ]
SQL: SELECT COUNT(*) AS tp_count FROM `tp_vote_item` WHERE ( `vid` = 18 ) AND ( `status` = 1 ) AND ( `vcount` > '1' ) LIMIT 1   [ RunTime:0.000565s ]
SQL: SHOW COLUMNS FROM `tp_users` [ RunTime:0.009394s ]
SQL: SELECT * FROM `tp_users` WHERE ( `username` = 'admin' ) LIMIT 1   [ RunTime:0.000696s ]
SQL: SHOW COLUMNS FROM `tp_guanggao` [ RunTime:0.003865s ]
SQL: SELECT * FROM `tp_guanggao` WHERE ( `vid` = 18 )  [ RunTime:0.000437s ]
SQL: SHOW COLUMNS FROM `tp_token_open` [ RunTime:0.003722s ]
SQL: SELECT `uid` FROM `tp_token_open` WHERE ( `token` = 'vjcbgt1414375209' ) LIMIT 1   [ RunTime:0.000443s ]
SQL: SELECT * FROM `tp_users` WHERE ( `id` = 1 ) LIMIT 1   [ RunTime:0.000603s ]
INFO: [ view_template ] --START--
INFO: Run LocationTemplate Behavior [ RunTime:-1.108160s ]
INFO: [ view_template ] --END-- [ RunTime:0.000621s ]
INFO: [ view_parse ] --START--
INFO: Run ParseTemplate Behavior [ RunTime:-1.108829s ]
INFO: [ view_parse ] --END-- [ RunTime:0.014543s ]
INFO: [ view_filter ] --START--
INFO: Run ContentReplace Behavior [ RunTime:-1.123426s ]
INFO: Run TokenBuild Behavior [ RunTime:-1.124025s ]
INFO: Run WriteHtmlCache Behavior [ RunTime:-1.124622s ]
INFO: Run ShowRuntime Behavior [ RunTime:-1.125044s ]
INFO: [ view_filter ] --END-- [ RunTime:0.002216s ]
INFO: [ view_end ] --START--
INFO: Run ShowPageTrace Behavior [ RunTime:-1.125723s ]
INFO: [ view_end ] --END-- [ RunTime:0.001413s ]

[ 2015-06-11T13:55:02+08:00 ] 192.168.1.101 /index.php?g=Wap&m=Vote&a=show&token=vjcbgt1414375209&id=2&wecha_id=&tid=18
INFO: [ app_begin ] --START--
INFO: Run ReadHtmlCache Behavior [ RunTime:0.000820s ]
INFO: [ app_begin ] --END-- [ RunTime:0.000932s ]
NOTIC: [2048] Declaration of VoteAction::show() should be compatible with that of Action::show() D:\www\31cms\Lib\Action\Wap\VoteAction.class.php 第 2 行.
NOTIC: [2] Cannot use a scalar value as an array D:\www\31cms\_Core\Lib\Core\Action.class.php 第 208 行.
SQL: SHOW COLUMNS FROM `tp_agent` [ RunTime:0.014400s ]
SQL: SELECT * FROM `tp_agent` WHERE ( `siteurl` = 'http://192.168.1.100' ) LIMIT 1   [ RunTime:0.000829s ]
SQL: SHOW COLUMNS FROM `tp_vote` [ RunTime:0.006177s ]
SQL: SELECT * FROM `tp_vote` WHERE ( `token` = 'vjcbgt1414375209' ) AND ( `id` = 18 ) LIMIT 1   [ RunTime:0.000714s ]
SQL: SHOW COLUMNS FROM `tp_vote_item` [ RunTime:0.006172s ]
SQL: SELECT * FROM `tp_vote_item` WHERE ( `id` = 2 ) LIMIT 1   [ RunTime:0.000703s ]
SQL: SELECT COUNT(*) AS tp_count FROM `tp_vote_item` WHERE ( `vid` = 18 ) AND ( `status` = 1 ) AND ( `vcount` > '1' ) LIMIT 1   [ RunTime:0.000628s ]
SQL: SHOW COLUMNS FROM `tp_users` [ RunTime:0.006875s ]
SQL: SELECT * FROM `tp_users` WHERE ( `username` = 'admin' ) LIMIT 1   [ RunTime:0.000702s ]
SQL: SHOW COLUMNS FROM `tp_guanggao` [ RunTime:0.003947s ]
SQL: SELECT * FROM `tp_guanggao` WHERE ( `vid` = 18 )  [ RunTime:0.000462s ]
SQL: SHOW COLUMNS FROM `tp_token_open` [ RunTime:0.003704s ]
SQL: SELECT `uid` FROM `tp_token_open` WHERE ( `token` = 'vjcbgt1414375209' ) LIMIT 1   [ RunTime:0.000437s ]
SQL: SELECT * FROM `tp_users` WHERE ( `id` = 1 ) LIMIT 1   [ RunTime:0.000624s ]
INFO: [ view_template ] --START--
INFO: Run LocationTemplate Behavior [ RunTime:-1.069908s ]
INFO: [ view_template ] --END-- [ RunTime:0.001226s ]
INFO: [ view_parse ] --START--
INFO: Run ParseTemplate Behavior [ RunTime:-1.071182s ]
INFO: [ view_parse ] --END-- [ RunTime:0.015265s ]
INFO: [ view_filter ] --START--
INFO: Run ContentReplace Behavior [ RunTime:-1.086510s ]
INFO: Run TokenBuild Behavior [ RunTime:-1.087285s ]
INFO: Run WriteHtmlCache Behavior [ RunTime:-1.088056s ]
INFO: Run ShowRuntime Behavior [ RunTime:-1.088641s ]
INFO: [ view_filter ] --END-- [ RunTime:0.002891s ]
INFO: [ view_end ] --START--
INFO: Run ShowPageTrace Behavior [ RunTime:-1.089493s ]
INFO: [ view_end ] --END-- [ RunTime:0.000885s ]

[ 2015-06-11T15:35:54+08:00 ] 0.0.0.0 /
INFO: [ app_begin ] --START--
INFO: Run ReadHtmlCache Behavior [ RunTime:0.001410s ]
INFO: [ app_begin ] --END-- [ RunTime:0.001521s ]
NOTIC: [2048] Declaration of IndexAction::show() should be compatible with that of Action::show() D:\www\31cms\Lib\Action\Home\IndexAction.class.php 第 2 行.
NOTIC: [8] Undefined index: 1 D:\www\31cms\_Core\Lib\Core\Action.class.php 第 208 行.
NOTIC: [2] Cannot use a scalar value as an array D:\www\31cms\_Core\Lib\Core\Action.class.php 第 208 行.
SQL: SHOW COLUMNS FROM `tp_agent` [ RunTime:0.027099s ]
SQL: SELECT * FROM `tp_agent` WHERE ( `siteurl` = 'http://localhost' ) LIMIT 1   [ RunTime:0.001013s ]
INFO: [ view_template ] --START--
INFO: Run LocationTemplate Behavior [ RunTime:-1.085066s ]
INFO: [ view_template ] --END-- [ RunTime:0.002849s ]
INFO: [ view_parse ] --START--
INFO: Run ParseTemplate Behavior [ RunTime:-1.087995s ]
INFO: [ view_parse ] --END-- [ RunTime:0.036570s ]
INFO: [ view_filter ] --START--
INFO: Run ContentReplace Behavior [ RunTime:-1.124607s ]
INFO: Run TokenBuild Behavior [ RunTime:-1.125801s ]
INFO: Run WriteHtmlCache Behavior [ RunTime:-1.127078s ]
INFO: Run ShowRuntime Behavior [ RunTime:-1.128032s ]
INFO: [ view_filter ] --END-- [ RunTime:0.004579s ]
INFO: [ view_end ] --START--
INFO: Run ShowPageTrace Behavior [ RunTime:-1.129260s ]
INFO: [ view_end ] --END-- [ RunTime:0.001297s ]

[ 2015-06-11T15:35:54+08:00 ] ERR: (ThinkException) 无法加载模块:tpl
[ 2015-06-11T15:35:54+08:00 ] ERR: (ThinkException) 无法加载模块:tpl
[ 2015-06-11T15:36:05+08:00 ] 0.0.0.0 /index.php?m=Users&a=checklogin
INFO: [ app_begin ] --START--
INFO: Run ReadHtmlCache Behavior [ RunTime:0.001021s ]
INFO: [ app_begin ] --END-- [ RunTime:0.001146s ]
NOTIC: [8] Undefined index: 1 D:\www\31cms\_Core\Lib\Core\Action.class.php 第 208 行.
NOTIC: [2] Cannot use a scalar value as an array D:\www\31cms\_Core\Lib\Core\Action.class.php 第 208 行.
SQL: SHOW COLUMNS FROM `tp_agent` [ RunTime:0.015271s ]
SQL: SELECT * FROM `tp_agent` WHERE ( `siteurl` = 'http://localhost' ) LIMIT 1   [ RunTime:0.001481s ]
SQL: SHOW COLUMNS FROM `tp_users` [ RunTime:0.022306s ]
SQL: SELECT * FROM `tp_users` WHERE ( `username` = 'admin' ) LIMIT 1   [ RunTime:0.004497s ]
SQL: SHOW COLUMNS FROM `tp_token_open` [ RunTime:0.016671s ]
SQL: SELECT `token` FROM `tp_token_open` WHERE ( `uid` = 1 ) LIMIT 1   [ RunTime:0.000819s ]
SQL: SHOW COLUMNS FROM `tp_user_group` [ RunTime:0.006963s ]
SQL: SELECT * FROM `tp_user_group` WHERE ( `id` = 7 ) LIMIT 1   [ RunTime:0.000783s ]
SQL: UPDATE `tp_users` SET `lasttime`=1434008165,`lastloginmonth`=6,`lastip`='0.0.0.0' WHERE ( `id` = 1 ) [ RunTime:0.000634s ]
INFO: [ view_template ] --START--
INFO: Run LocationTemplate Behavior [ RunTime:-1.125246s ]
INFO: [ view_template ] --END-- [ RunTime:0.001821s ]
INFO: [ view_parse ] --START--
INFO: Run ParseTemplate Behavior [ RunTime:-1.127149s ]
INFO: [ view_parse ] --END-- [ RunTime:0.019127s ]
INFO: [ view_filter ] --START--
INFO: Run ContentReplace Behavior [ RunTime:-1.146363s ]
INFO: Run TokenBuild Behavior [ RunTime:-1.147445s ]
INFO: Run WriteHtmlCache Behavior [ RunTime:-1.148594s ]
INFO: Run ShowRuntime Behavior [ RunTime:-1.149549s ]
INFO: [ view_filter ] --END-- [ RunTime:0.004422s ]
INFO: [ view_end ] --START--
INFO: Run ShowPageTrace Behavior [ RunTime:-1.150909s ]
INFO: [ view_end ] --END-- [ RunTime:0.001581s ]

[ 2015-06-11T15:36:07+08:00 ] 0.0.0.0 /index.php?g=User&m=Vote&a=index
INFO: [ app_begin ] --START--
INFO: Run ReadHtmlCache Behavior [ RunTime:0.001205s ]
INFO: [ app_begin ] --END-- [ RunTime:0.001314s ]
NOTIC: [8] Undefined index: 1 D:\www\31cms\_Core\Lib\Core\Action.class.php 第 208 行.
NOTIC: [2] Cannot use a scalar value as an array D:\www\31cms\_Core\Lib\Core\Action.class.php 第 208 行.
SQL: SHOW COLUMNS FROM `tp_agent` [ RunTime:0.007168s ]
SQL: SELECT * FROM `tp_agent` WHERE ( `siteurl` = 'http://localhost' ) LIMIT 1   [ RunTime:0.000790s ]
SQL: SHOW COLUMNS FROM `tp_user_group` [ RunTime:0.006280s ]
SQL: SELECT * FROM `tp_user_group` WHERE ( `id` = 7 ) LIMIT 1   [ RunTime:0.000695s ]
SQL: SHOW COLUMNS FROM `tp_users` [ RunTime:0.009770s ]
SQL: SELECT * FROM `tp_users` WHERE ( `id` = 1 ) LIMIT 1   [ RunTime:0.001086s ]
SQL: SELECT * FROM `tp_users` WHERE ( `id` = 1 ) LIMIT 1   [ RunTime:0.000938s ]
SQL: SHOW COLUMNS FROM `tp_wxuser` [ RunTime:0.017000s ]
SQL: SELECT `wxname`,`weixin`,`wxid`,`headerpic` FROM `tp_wxuser` WHERE ( `token` = 'vjcbgt1414375209' ) AND ( `uid` = 1 ) LIMIT 1   [ RunTime:0.000639s ]
SQL: SHOW COLUMNS FROM `tp_token_open` [ RunTime:0.004233s ]
SQL: SELECT `queryname` FROM `tp_token_open` WHERE ( `token` = 'vjcbgt1414375209' ) LIMIT 1   [ RunTime:0.000546s ]
SQL: SELECT `gid`,`activitynum` FROM `tp_users` WHERE ( `id` = 1 ) LIMIT 1   [ RunTime:0.000509s ]
SQL: SELECT * FROM `tp_user_group` WHERE ( `id` = 7 ) LIMIT 1   [ RunTime:0.000532s ]
SQL: SHOW COLUMNS FROM `tp_vote` [ RunTime:0.029042s ]
SQL: SELECT * FROM `tp_vote` WHERE ( `token` = 'vjcbgt1414375209' ) ORDER BY id DESC  [ RunTime:0.000590s ]
SQL: SELECT COUNT(*) AS tp_count FROM `tp_vote` WHERE ( `token` = 'vjcbgt1414375209' ) LIMIT 1   [ RunTime:0.000444s ]
INFO: [ view_template ] --START--
INFO: Run LocationTemplate Behavior [ RunTime:-1.130201s ]
INFO: [ view_template ] --END-- [ RunTime:0.001511s ]
INFO: [ view_parse ] --START--
NOTIC: [8] Undefined variable: info D:\www\Conf\logs\Cache\User\f70321ef24e437eb7147c67ab8f0460a.php 第 5 行.
NOTIC: [8] Undefined variable: ok D:\www\Conf\logs\Cache\User\f70321ef24e437eb7147c67ab8f0460a.php 第 165 行.
NOTIC: [8] Undefined index: id D:\www\Conf\logs\Cache\User\f70321ef24e437eb7147c67ab8f0460a.php 第 181 行.
NOTIC: [8] Undefined variable: myurl D:\www\Conf\logs\Cache\User\f70321ef24e437eb7147c67ab8f0460a.php 第 217 行.
INFO: Run ParseTemplate Behavior [ RunTime:-1.131786s ]
INFO: [ view_parse ] --END-- [ RunTime:0.038656s ]
INFO: [ view_filter ] --START--
INFO: Run ContentReplace Behavior [ RunTime:-1.170494s ]
INFO: Run TokenBuild Behavior [ RunTime:-1.171604s ]
INFO: Run WriteHtmlCache Behavior [ RunTime:-1.172761s ]
INFO: Run ShowRuntime Behavior [ RunTime:-1.173451s ]
INFO: [ view_filter ] --END-- [ RunTime:0.003924s ]
INFO: [ view_end ] --START--
INFO: Run ShowPageTrace Behavior [ RunTime:-1.174504s ]
INFO: [ view_end ] --END-- [ RunTime:0.001132s ]

[ 2015-06-11T15:36:08+08:00 ] 0.0.0.0 /index.php?g=User&m=Vote&a=index
INFO: [ app_begin ] --START--
INFO: Run ReadHtmlCache Behavior [ RunTime:0.000890s ]
INFO: [ app_begin ] --END-- [ RunTime:0.001014s ]
NOTIC: [8] Undefined index: 1 D:\www\31cms\_Core\Lib\Core\Action.class.php 第 208 行.
NOTIC: [2] Cannot use a scalar value as an array D:\www\31cms\_Core\Lib\Core\Action.class.php 第 208 行.
SQL: SHOW COLUMNS FROM `tp_agent` [ RunTime:0.005706s ]
SQL: SELECT * FROM `tp_agent` WHERE ( `siteurl` = 'http://localhost' ) LIMIT 1   [ RunTime:0.000608s ]
SQL: SHOW COLUMNS FROM `tp_user_group` [ RunTime:0.004211s ]
SQL: SELECT * FROM `tp_user_group` WHERE ( `id` = 7 ) LIMIT 1   [ RunTime:0.000489s ]
SQL: SHOW COLUMNS FROM `tp_users` [ RunTime:0.006424s ]
SQL: SELECT * FROM `tp_users` WHERE ( `id` = 1 ) LIMIT 1   [ RunTime:0.000722s ]
SQL: SELECT * FROM `tp_users` WHERE ( `id` = 1 ) LIMIT 1   [ RunTime:0.000641s ]
SQL: SHOW COLUMNS FROM `tp_wxuser` [ RunTime:0.005589s ]
SQL: SELECT `wxname`,`weixin`,`wxid`,`headerpic` FROM `tp_wxuser` WHERE ( `token` = 'vjcbgt1414375209' ) AND ( `uid` = 1 ) LIMIT 1   [ RunTime:0.000446s ]
SQL: SHOW COLUMNS FROM `tp_token_open` [ RunTime:0.003813s ]
SQL: SELECT `queryname` FROM `tp_token_open` WHERE ( `token` = 'vjcbgt1414375209' ) LIMIT 1   [ RunTime:0.000534s ]
SQL: SELECT `gid`,`activitynum` FROM `tp_users` WHERE ( `id` = 1 ) LIMIT 1   [ RunTime:0.000485s ]
SQL: SELECT * FROM `tp_user_group` WHERE ( `id` = 7 ) LIMIT 1   [ RunTime:0.000462s ]
SQL: SHOW COLUMNS FROM `tp_vote` [ RunTime:0.004265s ]
SQL: SELECT * FROM `tp_vote` WHERE ( `token` = 'vjcbgt1414375209' ) ORDER BY id DESC  [ RunTime:0.000525s ]
SQL: SELECT COUNT(*) AS tp_count FROM `tp_vote` WHERE ( `token` = 'vjcbgt1414375209' ) LIMIT 1   [ RunTime:0.000476s ]
INFO: [ view_template ] --START--
INFO: Run LocationTemplate Behavior [ RunTime:-2.223476s ]
INFO: [ view_template ] --END-- [ RunTime:0.001288s ]
INFO: [ view_parse ] --START--
NOTIC: [8] Undefined variable: info D:\www\Conf\logs\Cache\User\f70321ef24e437eb7147c67ab8f0460a.php 第 5 行.
NOTIC: [8] Undefined variable: ok D:\www\Conf\logs\Cache\User\f70321ef24e437eb7147c67ab8f0460a.php 第 165 行.
NOTIC: [8] Undefined index: id D:\www\Conf\logs\Cache\User\f70321ef24e437eb7147c67ab8f0460a.php 第 181 行.
NOTIC: [8] Undefined variable: myurl D:\www\Conf\logs\Cache\User\f70321ef24e437eb7147c67ab8f0460a.php 第 217 行.
INFO: Run ParseTemplate Behavior [ RunTime:-2.224814s ]
INFO: [ view_parse ] --END-- [ RunTime:0.018710s ]
INFO: [ view_filter ] --START--
INFO: Run ContentReplace Behavior [ RunTime:-2.243578s ]
INFO: Run TokenBuild Behavior [ RunTime:-2.244442s ]
INFO: Run WriteHtmlCache Behavior [ RunTime:-2.245310s ]
INFO: Run ShowRuntime Behavior [ RunTime:-2.245984s ]
INFO: [ view_filter ] --END-- [ RunTime:0.003247s ]
INFO: [ view_end ] --START--
INFO: Run ShowPageTrace Behavior [ RunTime:-2.246925s ]
INFO: [ view_end ] --END-- [ RunTime:0.001514s ]

[ 2015-06-11T15:36:08+08:00 ] ERR: (ThinkException) 无法加载模块:tpl
[ 2015-06-11T15:36:08+08:00 ] ERR: (ThinkException) 无法加载模块:tpl
