[ 2015-06-01T10:59:51+08:00 ] ERR: (ThinkException) 无法加载模块:phpmyadmin
[ 2015-06-01T10:59:51+08:00 ] ERR: (ThinkException) 无法加载模块:favicon.ico
[ 2015-06-01T17:06:51+08:00 ] 0.0.0.0 /index.php
INFO: [ app_begin ] --START--
INFO: Run ReadHtmlCache Behavior [ RunTime:0.047751s ]
INFO: [ app_begin ] --END-- [ RunTime:0.047884s ]
NOTIC: [2048] Declaration of IndexAction::show() should be compatible with that of Action::show() D:\www\31cms\Lib\Action\Home\IndexAction.class.php 第 2 行.
NOTIC: [8] Undefined index: 1 D:\www\31cms\_Core\Lib\Core\Action.class.php 第 208 行.
NOTIC: [2] Cannot use a scalar value as an array D:\www\31cms\_Core\Lib\Core\Action.class.php 第 208 行.
SQL: SHOW COLUMNS FROM `tp_agent` [ RunTime:0.234885s ]
SQL: SELECT * FROM `tp_agent` WHERE ( `siteurl` = 'http://localhost' ) LIMIT 1   [ RunTime:0.086410s ]
INFO: [ view_template ] --START--
INFO: Run LocationTemplate Behavior [ RunTime:-1.792382s ]
INFO: [ view_template ] --END-- [ RunTime:0.014290s ]
INFO: [ view_parse ] --START--
INFO: Run ParseTemplate Behavior [ RunTime:-1.806736s ]
INFO: [ view_parse ] --END-- [ RunTime:0.088479s ]
INFO: [ view_filter ] --START--
INFO: Run ContentReplace Behavior [ RunTime:-1.895267s ]
INFO: Run TokenBuild Behavior [ RunTime:-1.902277s ]
INFO: Run WriteHtmlCache Behavior [ RunTime:-1.903413s ]
INFO: Run ShowRuntime Behavior [ RunTime:-1.904397s ]
INFO: [ view_filter ] --END-- [ RunTime:0.010538s ]
INFO: [ view_end ] --START--
INFO: Run ShowPageTrace Behavior [ RunTime:-1.905898s ]
INFO: [ view_end ] --END-- [ RunTime:0.001489s ]

[ 2015-06-01T17:06:51+08:00 ] ERR: (ThinkException) 无法加载模块:tpl
[ 2015-06-01T17:06:51+08:00 ] ERR: (ThinkException) 无法加载模块:tpl
