[ 2015-04-17T14:15:08+08:00 ] 0.0.0.0 /
SQL: SHOW COLUMNS FROM `tp_agent` [ RunTime:0.266568s ]
SQL: SELECT * FROM `tp_agent` WHERE ( `siteurl` = 'http://localhost' ) LIMIT 1   [ RunTime:0.028661s ]
INFO: [ app_begin ] --START--
INFO: Run ReadHtmlCache Behavior [ RunTime:0.044133s ]
INFO: [ app_begin ] --END-- [ RunTime:0.044277s ]
NOTIC: [2048] Declaration of IndexAction::show() should be compatible with that of Action::show() D:\www\31cms\Lib\Action\Home\IndexAction.class.php 第 2 行.
SQL: SELECT * FROM `tp_agent` WHERE ( `siteurl` = 'http://localhost' ) LIMIT 1   [ RunTime:0.000996s ]
NOTIC: [8] Undefined index: 1 D:\www\31cms\_Core\Lib\Core\View.class.php 第 69 行.
NOTIC: [2] Cannot use a scalar value as an array D:\www\31cms\_Core\Lib\Core\View.class.php 第 69 行.
INFO: [ view_template ] --START--
INFO: Run LocationTemplate Behavior [ RunTime:-0.093184s ]
INFO: [ view_template ] --END-- [ RunTime:0.016729s ]
INFO: [ view_parse ] --START--
INFO: Run ParseTemplate Behavior [ RunTime:-0.109971s ]
INFO: [ view_parse ] --END-- [ RunTime:0.058075s ]
INFO: [ view_filter ] --START--
INFO: Run ContentReplace Behavior [ RunTime:-0.168116s ]
INFO: Run TokenBuild Behavior [ RunTime:-0.191833s ]
INFO: Run WriteHtmlCache Behavior [ RunTime:-0.193794s ]
INFO: Run ShowRuntime Behavior [ RunTime:-0.194658s ]
INFO: [ view_filter ] --END-- [ RunTime:0.027611s ]
INFO: [ view_end ] --START--
INFO: Run ShowPageTrace Behavior [ RunTime:-0.195788s ]
INFO: [ view_end ] --END-- [ RunTime:0.001966s ]

[ 2015-04-17T14:15:10+08:00 ] ERR: (ThinkException) 无法加载模块:tpl
[ 2015-04-17T14:15:11+08:00 ] ERR: (ThinkException) 无法加载模块:tpl
[ 2015-04-17T14:15:12+08:00 ] ERR: (ThinkException) 无法加载模块:tpl
[ 2015-04-17T14:15:36+08:00 ] ERR: (ThinkException) 无法加载模块:tpl
[ 2015-04-17T14:15:36+08:00 ] ERR: (ThinkException) 无法加载模块:tpl
[ 2015-04-17T14:15:38+08:00 ] 0.0.0.0 /index.php?m=Index&a=login
SQL: SHOW COLUMNS FROM `tp_agent` [ RunTime:0.015357s ]
SQL: SELECT * FROM `tp_agent` WHERE ( `siteurl` = 'http://localhost' ) LIMIT 1   [ RunTime:0.001455s ]
INFO: [ app_begin ] --START--
INFO: Run ReadHtmlCache Behavior [ RunTime:0.002074s ]
INFO: [ app_begin ] --END-- [ RunTime:0.002442s ]
NOTIC: [2048] Declaration of IndexAction::show() should be compatible with that of Action::show() D:\www\31cms\Lib\Action\Home\IndexAction.class.php 第 2 行.
SQL: SELECT * FROM `tp_agent` WHERE ( `siteurl` = 'http://localhost' ) LIMIT 1   [ RunTime:0.000830s ]
NOTIC: [8] Undefined index: 1 D:\www\31cms\_Core\Lib\Core\View.class.php 第 69 行.
NOTIC: [2] Cannot use a scalar value as an array D:\www\31cms\_Core\Lib\Core\View.class.php 第 69 行.
INFO: [ view_template ] --START--
INFO: Run LocationTemplate Behavior [ RunTime:-0.022444s ]
INFO: [ view_template ] --END-- [ RunTime:0.001125s ]
INFO: [ view_parse ] --START--
INFO: Run ParseTemplate Behavior [ RunTime:-0.023665s ]
INFO: [ view_parse ] --END-- [ RunTime:0.032612s ]
INFO: [ view_filter ] --START--
INFO: Run ContentReplace Behavior [ RunTime:-0.056359s ]
INFO: Run TokenBuild Behavior [ RunTime:-0.057294s ]
INFO: Run WriteHtmlCache Behavior [ RunTime:-0.058257s ]
INFO: Run ShowRuntime Behavior [ RunTime:-0.060475s ]
INFO: [ view_filter ] --END-- [ RunTime:0.005662s ]
INFO: [ view_end ] --START--
INFO: Run ShowPageTrace Behavior [ RunTime:-0.062635s ]
INFO: [ view_end ] --END-- [ RunTime:0.001606s ]

[ 2015-04-17T14:15:42+08:00 ] 0.0.0.0 /
SQL: SHOW COLUMNS FROM `tp_agent` [ RunTime:0.019875s ]
SQL: SELECT * FROM `tp_agent` WHERE ( `siteurl` = 'http://localhost' ) LIMIT 1   [ RunTime:0.000854s ]
INFO: [ app_begin ] --START--
INFO: Run ReadHtmlCache Behavior [ RunTime:0.000952s ]
INFO: [ app_begin ] --END-- [ RunTime:0.001062s ]
NOTIC: [2048] Declaration of IndexAction::show() should be compatible with that of Action::show() D:\www\31cms\Lib\Action\Home\IndexAction.class.php 第 2 行.
SQL: SELECT * FROM `tp_agent` WHERE ( `siteurl` = 'http://localhost' ) LIMIT 1   [ RunTime:0.000833s ]
NOTIC: [8] Undefined index: 1 D:\www\31cms\_Core\Lib\Core\View.class.php 第 69 行.
NOTIC: [2] Cannot use a scalar value as an array D:\www\31cms\_Core\Lib\Core\View.class.php 第 69 行.
INFO: [ view_template ] --START--
INFO: Run LocationTemplate Behavior [ RunTime:-0.007908s ]
INFO: [ view_template ] --END-- [ RunTime:0.001427s ]
INFO: [ view_parse ] --START--
INFO: Run ParseTemplate Behavior [ RunTime:-0.009443s ]
INFO: [ view_parse ] --END-- [ RunTime:0.012284s ]
INFO: [ view_filter ] --START--
INFO: Run ContentReplace Behavior [ RunTime:-0.021807s ]
INFO: Run TokenBuild Behavior [ RunTime:-0.022605s ]
INFO: Run WriteHtmlCache Behavior [ RunTime:-0.023482s ]
INFO: Run ShowRuntime Behavior [ RunTime:-0.024209s ]
INFO: [ view_filter ] --END-- [ RunTime:0.003634s ]
INFO: [ view_end ] --START--
INFO: Run ShowPageTrace Behavior [ RunTime:-0.025680s ]
INFO: [ view_end ] --END-- [ RunTime:0.001160s ]

[ 2015-04-17T14:15:43+08:00 ] ERR: (ThinkException) 无法加载模块:tpl
[ 2015-04-17T14:15:44+08:00 ] ERR: (ThinkException) 无法加载模块:tpl
[ 2015-04-17T14:15:45+08:00 ] ERR: (ThinkException) 无法加载模块:tpl
[ 2015-04-17T14:15:51+08:00 ] 0.0.0.0 /index.php?m=Users&a=checklogin
SQL: SHOW COLUMNS FROM `tp_agent` [ RunTime:0.007330s ]
SQL: SELECT * FROM `tp_agent` WHERE ( `siteurl` = 'http://localhost' ) LIMIT 1   [ RunTime:0.000795s ]
INFO: [ app_begin ] --START--
INFO: Run ReadHtmlCache Behavior [ RunTime:0.000945s ]
INFO: [ app_begin ] --END-- [ RunTime:0.001054s ]
SQL: SELECT * FROM `tp_agent` WHERE ( `siteurl` = 'http://localhost' ) LIMIT 1   [ RunTime:0.000875s ]
SQL: SHOW COLUMNS FROM `tp_users` [ RunTime:0.019266s ]
SQL: SELECT * FROM `tp_users` WHERE ( `username` = 'admin' ) LIMIT 1   [ RunTime:0.001361s ]
SQL: SHOW COLUMNS FROM `tp_token_open` [ RunTime:0.096137s ]
SQL: SELECT `token` FROM `tp_token_open` WHERE ( `uid` = 1 ) LIMIT 1   [ RunTime:0.002027s ]
SQL: SHOW COLUMNS FROM `tp_user_group` [ RunTime:0.096263s ]
SQL: SELECT * FROM `tp_user_group` WHERE ( `id` = 7 ) LIMIT 1   [ RunTime:0.041857s ]
SQL: UPDATE `tp_users` SET `lasttime`='1429251351',`lastloginmonth`='4',`lastip`='0.0.0.0' WHERE ( `id` = 1 ) [ RunTime:0.036966s ]
NOTIC: [8] Undefined index: 1 D:\www\31cms\_Core\Lib\Core\View.class.php 第 69 行.
NOTIC: [2] Cannot use a scalar value as an array D:\www\31cms\_Core\Lib\Core\View.class.php 第 69 行.
INFO: [ view_template ] --START--
INFO: Run LocationTemplate Behavior [ RunTime:-0.336337s ]
INFO: [ view_template ] --END-- [ RunTime:0.001998s ]
INFO: [ view_parse ] --START--
INFO: Run ParseTemplate Behavior [ RunTime:-0.338531s ]
INFO: [ view_parse ] --END-- [ RunTime:0.024317s ]
INFO: [ view_filter ] --START--
INFO: Run ContentReplace Behavior [ RunTime:-0.362878s ]
INFO: Run TokenBuild Behavior [ RunTime:-0.363470s ]
INFO: Run WriteHtmlCache Behavior [ RunTime:-0.364103s ]
INFO: Run ShowRuntime Behavior [ RunTime:-0.364579s ]
INFO: [ view_filter ] --END-- [ RunTime:0.002439s ]
INFO: [ view_end ] --START--
INFO: Run ShowPageTrace Behavior [ RunTime:-0.365412s ]
INFO: [ view_end ] --END-- [ RunTime:0.000901s ]

[ 2015-04-17T14:15:52+08:00 ] ERR: (ThinkException) 无法加载模块:tpl
[ 2015-04-17T14:15:52+08:00 ] ERR: (ThinkException) 无法加载模块:tpl
[ 2015-04-17T14:21:25+08:00 ] 0.0.0.0 /
SQL: SHOW COLUMNS FROM `tp_agent` [ RunTime:0.014163s ]
SQL: SELECT * FROM `tp_agent` WHERE ( `siteurl` = 'http://localhost' ) LIMIT 1   [ RunTime:0.000932s ]
INFO: [ app_begin ] --START--
INFO: Run ReadHtmlCache Behavior [ RunTime:0.001207s ]
INFO: [ app_begin ] --END-- [ RunTime:0.001338s ]
NOTIC: [2048] Declaration of IndexAction::show() should be compatible with that of Action::show() D:\www\31cms\Lib\Action\Home\IndexAction.class.php 第 2 行.
SQL: SELECT * FROM `tp_agent` WHERE ( `siteurl` = 'http://localhost' ) LIMIT 1   [ RunTime:0.000822s ]
NOTIC: [8] Undefined index: 1 D:\www\31cms\_Core\Lib\Core\View.class.php 第 69 行.
NOTIC: [2] Cannot use a scalar value as an array D:\www\31cms\_Core\Lib\Core\View.class.php 第 69 行.
INFO: [ view_template ] --START--
INFO: Run LocationTemplate Behavior [ RunTime:-0.007726s ]
INFO: [ view_template ] --END-- [ RunTime:0.001662s ]
INFO: [ view_parse ] --START--
INFO: Run ParseTemplate Behavior [ RunTime:-0.009482s ]
INFO: [ view_parse ] --END-- [ RunTime:0.014150s ]
INFO: [ view_filter ] --START--
INFO: Run ContentReplace Behavior [ RunTime:-0.023740s ]
INFO: Run TokenBuild Behavior [ RunTime:-0.024684s ]
INFO: Run WriteHtmlCache Behavior [ RunTime:-0.025700s ]
INFO: Run ShowRuntime Behavior [ RunTime:-0.026478s ]
INFO: [ view_filter ] --END-- [ RunTime:0.003805s ]
INFO: [ view_end ] --START--
INFO: Run ShowPageTrace Behavior [ RunTime:-0.027676s ]
INFO: [ view_end ] --END-- [ RunTime:0.001354s ]

[ 2015-04-17T14:21:27+08:00 ] ERR: (ThinkException) 无法加载模块:tpl
[ 2015-04-17T14:21:28+08:00 ] ERR: (ThinkException) 无法加载模块:tpl
[ 2015-04-17T14:21:29+08:00 ] ERR: (ThinkException) 无法加载模块:tpl
[ 2015-04-17T14:21:32+08:00 ] 0.0.0.0 /index.php?m=Users&a=checklogin
SQL: SHOW COLUMNS FROM `tp_agent` [ RunTime:0.007311s ]
SQL: SELECT * FROM `tp_agent` WHERE ( `siteurl` = 'http://localhost' ) LIMIT 1   [ RunTime:0.000989s ]
INFO: [ app_begin ] --START--
INFO: Run ReadHtmlCache Behavior [ RunTime:0.001531s ]
INFO: [ app_begin ] --END-- [ RunTime:0.001661s ]
SQL: SELECT * FROM `tp_agent` WHERE ( `siteurl` = 'http://localhost' ) LIMIT 1   [ RunTime:0.000846s ]
SQL: SHOW COLUMNS FROM `tp_users` [ RunTime:0.009544s ]
SQL: SELECT * FROM `tp_users` WHERE ( `username` = 'admin' ) LIMIT 1   [ RunTime:0.000926s ]
SQL: SHOW COLUMNS FROM `tp_token_open` [ RunTime:0.003730s ]
SQL: SELECT `token` FROM `tp_token_open` WHERE ( `uid` = 1 ) LIMIT 1   [ RunTime:0.000432s ]
SQL: SHOW COLUMNS FROM `tp_user_group` [ RunTime:0.004914s ]
SQL: SELECT * FROM `tp_user_group` WHERE ( `id` = 7 ) LIMIT 1   [ RunTime:0.000527s ]
SQL: UPDATE `tp_users` SET `lasttime`='1429251692',`lastloginmonth`='4',`lastip`='0.0.0.0' WHERE ( `id` = 1 ) [ RunTime:0.000482s ]
NOTIC: [8] Undefined index: 1 D:\www\31cms\_Core\Lib\Core\View.class.php 第 69 行.
NOTIC: [2] Cannot use a scalar value as an array D:\www\31cms\_Core\Lib\Core\View.class.php 第 69 行.
INFO: [ view_template ] --START--
INFO: Run LocationTemplate Behavior [ RunTime:-0.032858s ]
INFO: [ view_template ] --END-- [ RunTime:0.000715s ]
INFO: [ view_parse ] --START--
INFO: Run ParseTemplate Behavior [ RunTime:-0.033664s ]
INFO: [ view_parse ] --END-- [ RunTime:0.007691s ]
INFO: [ view_filter ] --START--
INFO: Run ContentReplace Behavior [ RunTime:-0.041384s ]
INFO: Run TokenBuild Behavior [ RunTime:-0.041926s ]
INFO: Run WriteHtmlCache Behavior [ RunTime:-0.042452s ]
INFO: Run ShowRuntime Behavior [ RunTime:-0.042963s ]
INFO: [ view_filter ] --END-- [ RunTime:0.002231s ]
INFO: [ view_end ] --START--
INFO: Run ShowPageTrace Behavior [ RunTime:-0.043732s ]
INFO: [ view_end ] --END-- [ RunTime:0.001231s ]

[ 2015-04-17T14:21:33+08:00 ] ERR: (ThinkException) 无法加载模块:tpl
[ 2015-04-17T14:21:33+08:00 ] ERR: (ThinkException) 无法加载模块:tpl
[ 2015-04-17T14:22:20+08:00 ] 0.0.0.0 /index.php?g=User&m=Vote&a=index
INFO: [ app_begin ] --START--
INFO: Run ReadHtmlCache Behavior [ RunTime:0.000901s ]
INFO: [ app_begin ] --END-- [ RunTime:0.001058s ]
SQL: SHOW COLUMNS FROM `tp_agent` [ RunTime:0.004846s ]
SQL: SELECT * FROM `tp_agent` WHERE ( `siteurl` = 'http://localhost' ) LIMIT 1   [ RunTime:0.000635s ]
SQL: SHOW COLUMNS FROM `tp_user_group` [ RunTime:0.005380s ]
SQL: SELECT * FROM `tp_user_group` WHERE ( `id` = 7 ) LIMIT 1   [ RunTime:0.000582s ]
SQL: SHOW COLUMNS FROM `tp_users` [ RunTime:0.021459s ]
SQL: SELECT * FROM `tp_users` WHERE ( `id` = 1 ) LIMIT 1   [ RunTime:0.001973s ]
SQL: SELECT * FROM `tp_users` WHERE ( `id` = 1 ) LIMIT 1   [ RunTime:0.002466s ]
SQL: SHOW COLUMNS FROM `tp_wxuser` [ RunTime:0.106898s ]
SQL: SELECT `wxname`,`weixin`,`wxid`,`headerpic` FROM `tp_wxuser` WHERE ( `token` = 'vjcbgt1414375209' ) AND ( `uid` = 1 ) LIMIT 1   [ RunTime:0.005997s ]
SQL: SHOW COLUMNS FROM `tp_token_open` [ RunTime:0.006558s ]
SQL: SELECT `queryname` FROM `tp_token_open` WHERE ( `token` = 'vjcbgt1414375209' ) LIMIT 1   [ RunTime:0.000555s ]
SQL: SELECT `gid`,`activitynum` FROM `tp_users` WHERE ( `id` = 1 ) LIMIT 1   [ RunTime:0.000512s ]
SQL: SELECT * FROM `tp_user_group` WHERE ( `id` = 7 ) LIMIT 1   [ RunTime:0.000589s ]
SQL: SHOW COLUMNS FROM `tp_vote` [ RunTime:0.031664s ]
SQL: SELECT * FROM `tp_vote` WHERE ( `token` = 'vjcbgt1414375209' ) ORDER BY id DESC  [ RunTime:0.001336s ]
SQL: SELECT COUNT(*) AS tp_count FROM `tp_vote` WHERE ( `token` = 'vjcbgt1414375209' ) LIMIT 1   [ RunTime:0.019036s ]
NOTIC: [8] Undefined index: 1 D:\www\31cms\_Core\Lib\Core\View.class.php 第 69 行.
NOTIC: [2] Cannot use a scalar value as an array D:\www\31cms\_Core\Lib\Core\View.class.php 第 69 行.
INFO: [ view_template ] --START--
INFO: Run LocationTemplate Behavior [ RunTime:-1.285198s ]
INFO: [ view_template ] --END-- [ RunTime:0.010157s ]
INFO: [ view_parse ] --START--
NOTIC: [8] Undefined variable: ok D:\www\Conf\logs\Cache\User\f70321ef24e437eb7147c67ab8f0460a.php 第 165 行.
NOTIC: [8] Undefined index: id D:\www\Conf\logs\Cache\User\f70321ef24e437eb7147c67ab8f0460a.php 第 180 行.
INFO: Run ParseTemplate Behavior [ RunTime:-1.295455s ]
INFO: [ view_parse ] --END-- [ RunTime:0.046053s ]
INFO: [ view_filter ] --START--
INFO: Run ContentReplace Behavior [ RunTime:-1.341725s ]
INFO: Run TokenBuild Behavior [ RunTime:-1.342768s ]
INFO: Run WriteHtmlCache Behavior [ RunTime:-1.343659s ]
INFO: Run ShowRuntime Behavior [ RunTime:-1.344363s ]
INFO: [ view_filter ] --END-- [ RunTime:0.003471s ]
INFO: [ view_end ] --START--
INFO: Run ShowPageTrace Behavior [ RunTime:-1.345222s ]
INFO: [ view_end ] --END-- [ RunTime:0.000854s ]

[ 2015-04-17T14:22:21+08:00 ] 0.0.0.0 /index.php?g=User&m=Vote&a=index
INFO: [ app_begin ] --START--
INFO: Run ReadHtmlCache Behavior [ RunTime:0.000700s ]
INFO: [ app_begin ] --END-- [ RunTime:0.000828s ]
SQL: SHOW COLUMNS FROM `tp_agent` [ RunTime:0.005230s ]
SQL: SELECT * FROM `tp_agent` WHERE ( `siteurl` = 'http://localhost' ) LIMIT 1   [ RunTime:0.000588s ]
SQL: SHOW COLUMNS FROM `tp_user_group` [ RunTime:0.005166s ]
SQL: SELECT * FROM `tp_user_group` WHERE ( `id` = 7 ) LIMIT 1   [ RunTime:0.000534s ]
SQL: SHOW COLUMNS FROM `tp_users` [ RunTime:0.006559s ]
SQL: SELECT * FROM `tp_users` WHERE ( `id` = 1 ) LIMIT 1   [ RunTime:0.000738s ]
SQL: SELECT * FROM `tp_users` WHERE ( `id` = 1 ) LIMIT 1   [ RunTime:0.000727s ]
SQL: SHOW COLUMNS FROM `tp_wxuser` [ RunTime:0.005689s ]
SQL: SELECT `wxname`,`weixin`,`wxid`,`headerpic` FROM `tp_wxuser` WHERE ( `token` = 'vjcbgt1414375209' ) AND ( `uid` = 1 ) LIMIT 1   [ RunTime:0.000466s ]
SQL: SHOW COLUMNS FROM `tp_token_open` [ RunTime:0.003784s ]
SQL: SELECT `queryname` FROM `tp_token_open` WHERE ( `token` = 'vjcbgt1414375209' ) LIMIT 1   [ RunTime:0.000436s ]
SQL: SELECT `gid`,`activitynum` FROM `tp_users` WHERE ( `id` = 1 ) LIMIT 1   [ RunTime:0.000440s ]
SQL: SELECT * FROM `tp_user_group` WHERE ( `id` = 7 ) LIMIT 1   [ RunTime:0.000477s ]
SQL: SHOW COLUMNS FROM `tp_vote` [ RunTime:0.004554s ]
SQL: SELECT * FROM `tp_vote` WHERE ( `token` = 'vjcbgt1414375209' ) ORDER BY id DESC  [ RunTime:0.000497s ]
SQL: SELECT COUNT(*) AS tp_count FROM `tp_vote` WHERE ( `token` = 'vjcbgt1414375209' ) LIMIT 1   [ RunTime:0.000404s ]
NOTIC: [8] Undefined index: 1 D:\www\31cms\_Core\Lib\Core\View.class.php 第 69 行.
NOTIC: [2] Cannot use a scalar value as an array D:\www\31cms\_Core\Lib\Core\View.class.php 第 69 行.
INFO: [ view_template ] --START--
INFO: Run LocationTemplate Behavior [ RunTime:-1.519847s ]
INFO: [ view_template ] --END-- [ RunTime:0.001077s ]
INFO: [ view_parse ] --START--
NOTIC: [8] Undefined variable: ok D:\www\Conf\logs\Cache\User\f70321ef24e437eb7147c67ab8f0460a.php 第 165 行.
NOTIC: [8] Undefined index: id D:\www\Conf\logs\Cache\User\f70321ef24e437eb7147c67ab8f0460a.php 第 180 行.
INFO: Run ParseTemplate Behavior [ RunTime:-1.520977s ]
INFO: [ view_parse ] --END-- [ RunTime:0.025241s ]
INFO: [ view_filter ] --START--
INFO: Run ContentReplace Behavior [ RunTime:-1.546269s ]
INFO: Run TokenBuild Behavior [ RunTime:-1.546935s ]
INFO: Run WriteHtmlCache Behavior [ RunTime:-1.547943s ]
INFO: Run ShowRuntime Behavior [ RunTime:-1.548669s ]
INFO: [ view_filter ] --END-- [ RunTime:0.003267s ]
INFO: [ view_end ] --START--
INFO: Run ShowPageTrace Behavior [ RunTime:-1.549620s ]
INFO: [ view_end ] --END-- [ RunTime:0.000756s ]

[ 2015-04-17T14:22:23+08:00 ] 0.0.0.0 /index.php?g=User&m=Vote&a=index
INFO: [ app_begin ] --START--
INFO: Run ReadHtmlCache Behavior [ RunTime:0.001257s ]
INFO: [ app_begin ] --END-- [ RunTime:0.001422s ]
SQL: SHOW COLUMNS FROM `tp_agent` [ RunTime:0.036283s ]
SQL: SELECT * FROM `tp_agent` WHERE ( `siteurl` = 'http://localhost' ) LIMIT 1   [ RunTime:0.000813s ]
SQL: SHOW COLUMNS FROM `tp_user_group` [ RunTime:0.005774s ]
SQL: SELECT * FROM `tp_user_group` WHERE ( `id` = 7 ) LIMIT 1   [ RunTime:0.000759s ]
SQL: SHOW COLUMNS FROM `tp_users` [ RunTime:0.009995s ]
SQL: SELECT * FROM `tp_users` WHERE ( `id` = 1 ) LIMIT 1   [ RunTime:0.001094s ]
SQL: SELECT * FROM `tp_users` WHERE ( `id` = 1 ) LIMIT 1   [ RunTime:0.000865s ]
SQL: SHOW COLUMNS FROM `tp_wxuser` [ RunTime:0.007455s ]
SQL: SELECT `wxname`,`weixin`,`wxid`,`headerpic` FROM `tp_wxuser` WHERE ( `token` = 'vjcbgt1414375209' ) AND ( `uid` = 1 ) LIMIT 1   [ RunTime:0.000600s ]
SQL: SHOW COLUMNS FROM `tp_token_open` [ RunTime:0.006507s ]
SQL: SELECT `queryname` FROM `tp_token_open` WHERE ( `token` = 'vjcbgt1414375209' ) LIMIT 1   [ RunTime:0.000556s ]
SQL: SELECT `gid`,`activitynum` FROM `tp_users` WHERE ( `id` = 1 ) LIMIT 1   [ RunTime:0.000641s ]
SQL: SELECT * FROM `tp_user_group` WHERE ( `id` = 7 ) LIMIT 1   [ RunTime:0.000590s ]
SQL: SHOW COLUMNS FROM `tp_vote` [ RunTime:0.005977s ]
SQL: SELECT * FROM `tp_vote` WHERE ( `token` = 'vjcbgt1414375209' ) ORDER BY id DESC  [ RunTime:0.000629s ]
SQL: SELECT COUNT(*) AS tp_count FROM `tp_vote` WHERE ( `token` = 'vjcbgt1414375209' ) LIMIT 1   [ RunTime:0.000557s ]
NOTIC: [8] Undefined index: 1 D:\www\31cms\_Core\Lib\Core\View.class.php 第 69 行.
NOTIC: [2] Cannot use a scalar value as an array D:\www\31cms\_Core\Lib\Core\View.class.php 第 69 行.
INFO: [ view_template ] --START--
INFO: Run LocationTemplate Behavior [ RunTime:-1.112980s ]
INFO: [ view_template ] --END-- [ RunTime:0.002482s ]
INFO: [ view_parse ] --START--
NOTIC: [8] Undefined variable: ok D:\www\Conf\logs\Cache\User\f70321ef24e437eb7147c67ab8f0460a.php 第 165 行.
NOTIC: [8] Undefined index: id D:\www\Conf\logs\Cache\User\f70321ef24e437eb7147c67ab8f0460a.php 第 180 行.
INFO: Run ParseTemplate Behavior [ RunTime:-1.115570s ]
INFO: [ view_parse ] --END-- [ RunTime:0.018800s ]
INFO: [ view_filter ] --START--
INFO: Run ContentReplace Behavior [ RunTime:-1.134470s ]
INFO: Run TokenBuild Behavior [ RunTime:-1.135242s ]
INFO: Run WriteHtmlCache Behavior [ RunTime:-1.136029s ]
INFO: Run ShowRuntime Behavior [ RunTime:-1.136619s ]
INFO: [ view_filter ] --END-- [ RunTime:0.002934s ]
INFO: [ view_end ] --START--
INFO: Run ShowPageTrace Behavior [ RunTime:-1.137488s ]
INFO: [ view_end ] --END-- [ RunTime:0.000984s ]

[ 2015-04-17T14:22:24+08:00 ] ERR: (ThinkException) 无法加载模块:tpl
[ 2015-04-17T14:22:35+08:00 ] 0.0.0.0 /index.php?g=User&m=Vote&a=index
INFO: [ app_begin ] --START--
INFO: Run ReadHtmlCache Behavior [ RunTime:0.000998s ]
INFO: [ app_begin ] --END-- [ RunTime:0.001148s ]
SQL: SHOW COLUMNS FROM `tp_agent` [ RunTime:0.007152s ]
SQL: SELECT * FROM `tp_agent` WHERE ( `siteurl` = 'http://localhost' ) LIMIT 1   [ RunTime:0.000813s ]
SQL: SHOW COLUMNS FROM `tp_user_group` [ RunTime:0.005847s ]
SQL: SELECT * FROM `tp_user_group` WHERE ( `id` = 7 ) LIMIT 1   [ RunTime:0.000686s ]
SQL: SHOW COLUMNS FROM `tp_users` [ RunTime:0.010019s ]
SQL: SELECT * FROM `tp_users` WHERE ( `id` = 1 ) LIMIT 1   [ RunTime:0.001005s ]
SQL: SELECT * FROM `tp_users` WHERE ( `id` = 1 ) LIMIT 1   [ RunTime:0.001247s ]
SQL: SHOW COLUMNS FROM `tp_wxuser` [ RunTime:0.007635s ]
SQL: SELECT `wxname`,`weixin`,`wxid`,`headerpic` FROM `tp_wxuser` WHERE ( `token` = 'vjcbgt1414375209' ) AND ( `uid` = 1 ) LIMIT 1   [ RunTime:0.000616s ]
SQL: SHOW COLUMNS FROM `tp_token_open` [ RunTime:0.005267s ]
SQL: SELECT `queryname` FROM `tp_token_open` WHERE ( `token` = 'vjcbgt1414375209' ) LIMIT 1   [ RunTime:0.000565s ]
SQL: SELECT `gid`,`activitynum` FROM `tp_users` WHERE ( `id` = 1 ) LIMIT 1   [ RunTime:0.000535s ]
SQL: SELECT * FROM `tp_user_group` WHERE ( `id` = 7 ) LIMIT 1   [ RunTime:0.000640s ]
SQL: SHOW COLUMNS FROM `tp_vote` [ RunTime:0.005960s ]
SQL: SELECT * FROM `tp_vote` WHERE ( `token` = 'vjcbgt1414375209' ) ORDER BY id DESC  [ RunTime:0.000665s ]
SQL: SELECT COUNT(*) AS tp_count FROM `tp_vote` WHERE ( `token` = 'vjcbgt1414375209' ) LIMIT 1   [ RunTime:0.000571s ]
NOTIC: [8] Undefined index: 1 D:\www\31cms\_Core\Lib\Core\View.class.php 第 69 行.
NOTIC: [2] Cannot use a scalar value as an array D:\www\31cms\_Core\Lib\Core\View.class.php 第 69 行.
INFO: [ view_template ] --START--
INFO: Run LocationTemplate Behavior [ RunTime:-1.086094s ]
INFO: [ view_template ] --END-- [ RunTime:0.002391s ]
INFO: [ view_parse ] --START--
NOTIC: [8] Undefined variable: ok D:\www\Conf\logs\Cache\User\f70321ef24e437eb7147c67ab8f0460a.php 第 165 行.
NOTIC: [8] Undefined index: id D:\www\Conf\logs\Cache\User\f70321ef24e437eb7147c67ab8f0460a.php 第 180 行.
INFO: Run ParseTemplate Behavior [ RunTime:-1.088592s ]
INFO: [ view_parse ] --END-- [ RunTime:0.022655s ]
INFO: [ view_filter ] --START--
INFO: Run ContentReplace Behavior [ RunTime:-1.111281s ]
INFO: Run TokenBuild Behavior [ RunTime:-1.112138s ]
INFO: Run WriteHtmlCache Behavior [ RunTime:-1.112925s ]
INFO: Run ShowRuntime Behavior [ RunTime:-1.113527s ]
INFO: [ view_filter ] --END-- [ RunTime:0.003063s ]
INFO: [ view_end ] --START--
INFO: Run ShowPageTrace Behavior [ RunTime:-1.114426s ]
INFO: [ view_end ] --END-- [ RunTime:0.000910s ]

[ 2015-04-17T14:22:36+08:00 ] ERR: (ThinkException) 无法加载模块:tpl
[ 2015-04-17T14:22:40+08:00 ] 0.0.0.0 /index.php?g=User&m=Vote&a=edit&type=img&id=13
INFO: [ app_begin ] --START--
INFO: Run ReadHtmlCache Behavior [ RunTime:0.000636s ]
INFO: [ app_begin ] --END-- [ RunTime:0.000737s ]
SQL: SHOW COLUMNS FROM `tp_agent` [ RunTime:0.016308s ]
SQL: SELECT * FROM `tp_agent` WHERE ( `siteurl` = 'http://localhost' ) LIMIT 1   [ RunTime:0.000956s ]
SQL: SHOW COLUMNS FROM `tp_user_group` [ RunTime:0.007095s ]
SQL: SELECT * FROM `tp_user_group` WHERE ( `id` = 7 ) LIMIT 1   [ RunTime:0.000662s ]
SQL: SHOW COLUMNS FROM `tp_users` [ RunTime:0.011200s ]
SQL: SELECT * FROM `tp_users` WHERE ( `id` = 1 ) LIMIT 1   [ RunTime:0.001009s ]
SQL: SELECT * FROM `tp_users` WHERE ( `id` = 1 ) LIMIT 1   [ RunTime:0.000949s ]
SQL: SHOW COLUMNS FROM `tp_wxuser` [ RunTime:0.006377s ]
SQL: SELECT `wxname`,`weixin`,`wxid`,`headerpic` FROM `tp_wxuser` WHERE ( `token` = 'vjcbgt1414375209' ) AND ( `uid` = 1 ) LIMIT 1   [ RunTime:0.000650s ]
SQL: SHOW COLUMNS FROM `tp_token_open` [ RunTime:0.005224s ]
SQL: SELECT `queryname` FROM `tp_token_open` WHERE ( `token` = 'vjcbgt1414375209' ) LIMIT 1   [ RunTime:0.000426s ]
SQL: SHOW COLUMNS FROM `tp_vote` [ RunTime:0.004237s ]
SQL: SELECT * FROM `tp_vote` WHERE ( `id` = 13 ) AND ( `token` = 'vjcbgt1414375209' ) LIMIT 1   [ RunTime:0.000581s ]
SQL: SELECT * FROM `tp_vote` WHERE ( `id` = 13 ) AND ( `token` = 'vjcbgt1414375209' ) LIMIT 1   [ RunTime:0.000503s ]
SQL: SHOW COLUMNS FROM `tp_vote_item` [ RunTime:0.066005s ]
SQL: SELECT * FROM `tp_vote_item` WHERE ( `vid` = 13 ) AND ( `status` = 1 ) ORDER BY rank DESC  [ RunTime:0.008023s ]
SQL: SHOW COLUMNS FROM `tp_guanggao` [ RunTime:0.013325s ]
SQL: SELECT * FROM `tp_guanggao` WHERE ( `vid` = 13 )  [ RunTime:0.000527s ]
NOTIC: [8] Undefined index: 1 D:\www\31cms\_Core\Lib\Core\View.class.php 第 69 行.
NOTIC: [2] Cannot use a scalar value as an array D:\www\31cms\_Core\Lib\Core\View.class.php 第 69 行.
INFO: [ view_template ] --START--
INFO: Run LocationTemplate Behavior [ RunTime:-1.169873s ]
INFO: [ view_template ] --END-- [ RunTime:0.001467s ]
INFO: [ view_parse ] --START--
NOTIC: [8] Undefined variable: reslist D:\www\Conf\logs\Cache\User\06910c565e1450d396eed27237367a2f.php 第 187 行.
NOTIC: [8] Undefined variable: reslist D:\www\Conf\logs\Cache\User\06910c565e1450d396eed27237367a2f.php 第 194 行.
NOTIC: [8] Undefined index: picurl_guanggao D:\www\Conf\logs\Cache\User\06910c565e1450d396eed27237367a2f.php 第 227 行.
NOTIC: [8] Undefined index: picurl_guanggao D:\www\Conf\logs\Cache\User\06910c565e1450d396eed27237367a2f.php 第 240 行.
INFO: Run ParseTemplate Behavior [ RunTime:-1.171407s ]
INFO: [ view_parse ] --END-- [ RunTime:0.027833s ]
INFO: [ view_filter ] --START--
INFO: Run ContentReplace Behavior [ RunTime:-1.199300s ]
INFO: Run TokenBuild Behavior [ RunTime:-1.200196s ]
INFO: Run WriteHtmlCache Behavior [ RunTime:-1.201032s ]
INFO: Run ShowRuntime Behavior [ RunTime:-1.201617s ]
INFO: [ view_filter ] --END-- [ RunTime:0.003060s ]
INFO: [ view_end ] --START--
INFO: Run ShowPageTrace Behavior [ RunTime:-1.202449s ]
INFO: [ view_end ] --END-- [ RunTime:0.000884s ]

[ 2015-04-17T14:22:42+08:00 ] ERR: (ThinkException) 无法加载模块:tpl
[ 2015-04-17T14:22:46+08:00 ] ERR: (ThinkException) 无法加载模块:tpl
[ 2015-04-17T14:22:50+08:00 ] 0.0.0.0 /index.php?g=Home&m=Index&a=help&token=vjcbgt1414375209
SQL: SHOW COLUMNS FROM `tp_agent` [ RunTime:0.008083s ]
SQL: SELECT * FROM `tp_agent` WHERE ( `siteurl` = 'http://localhost' ) LIMIT 1   [ RunTime:0.000806s ]
INFO: [ app_begin ] --START--
INFO: Run ReadHtmlCache Behavior [ RunTime:0.000930s ]
INFO: [ app_begin ] --END-- [ RunTime:0.001048s ]
NOTIC: [2048] Declaration of IndexAction::show() should be compatible with that of Action::show() D:\www\31cms\Lib\Action\Home\IndexAction.class.php 第 2 行.
SQL: SELECT * FROM `tp_agent` WHERE ( `siteurl` = 'http://localhost' ) LIMIT 1   [ RunTime:0.001148s ]
NOTIC: [8] Undefined index: 1 D:\www\31cms\_Core\Lib\Core\View.class.php 第 69 行.
NOTIC: [2] Cannot use a scalar value as an array D:\www\31cms\_Core\Lib\Core\View.class.php 第 69 行.
INFO: [ view_template ] --START--
INFO: Run LocationTemplate Behavior [ RunTime:-0.007742s ]
INFO: [ view_template ] --END-- [ RunTime:0.001514s ]
INFO: [ view_parse ] --START--
NOTIC: [2] file_get_contents(./tpl/Home/default/Public_header.html) [<a href='function.file-get-contents'>function.file-get-contents</a>]: failed to open stream: No such file or directory D:\www\31cms\_Core\Lib\Template\ThinkTemplate.class.php 第 624 行.
INFO: Run ParseTemplate Behavior [ RunTime:-0.009357s ]
INFO: [ view_parse ] --END-- [ RunTime:0.011069s ]
INFO: [ view_filter ] --START--
INFO: Run ContentReplace Behavior [ RunTime:-0.020466s ]
INFO: Run TokenBuild Behavior [ RunTime:-0.021064s ]
INFO: Run WriteHtmlCache Behavior [ RunTime:-0.021660s ]
INFO: Run ShowRuntime Behavior [ RunTime:-0.022146s ]
INFO: [ view_filter ] --END-- [ RunTime:0.002332s ]
INFO: [ view_end ] --START--
INFO: Run ShowPageTrace Behavior [ RunTime:-0.022890s ]
INFO: [ view_end ] --END-- [ RunTime:0.000829s ]

[ 2015-04-17T14:22:51+08:00 ] ERR: (ThinkException) 无法加载模块:style
[ 2015-04-17T14:22:56+08:00 ] ERR: (ThinkException) 无法加载模块:tpl
[ 2015-04-17T14:24:03+08:00 ] 0.0.0.0 /index.php?g=User&m=Vote&a=share&token=vjcbgt1414375209&id=13
INFO: [ app_begin ] --START--
INFO: Run ReadHtmlCache Behavior [ RunTime:0.000669s ]
INFO: [ app_begin ] --END-- [ RunTime:0.000772s ]
SQL: SHOW COLUMNS FROM `tp_agent` [ RunTime:0.006954s ]
SQL: SELECT * FROM `tp_agent` WHERE ( `siteurl` = 'http://localhost' ) LIMIT 1   [ RunTime:0.001056s ]
SQL: SHOW COLUMNS FROM `tp_user_group` [ RunTime:0.004736s ]
SQL: SELECT * FROM `tp_user_group` WHERE ( `id` = 7 ) LIMIT 1   [ RunTime:0.000492s ]
SQL: SHOW COLUMNS FROM `tp_users` [ RunTime:0.008046s ]
SQL: SELECT * FROM `tp_users` WHERE ( `id` = 1 ) LIMIT 1   [ RunTime:0.000715s ]
SQL: SELECT * FROM `tp_users` WHERE ( `id` = 1 ) LIMIT 1   [ RunTime:0.000608s ]
SQL: SHOW COLUMNS FROM `tp_wxuser` [ RunTime:0.005581s ]
SQL: SELECT `wxname`,`weixin`,`wxid`,`headerpic` FROM `tp_wxuser` WHERE ( `token` = 'vjcbgt1414375209' ) AND ( `uid` = 1 ) LIMIT 1   [ RunTime:0.000480s ]
SQL: SHOW COLUMNS FROM `tp_token_open` [ RunTime:0.004811s ]
SQL: SELECT `queryname` FROM `tp_token_open` WHERE ( `token` = 'vjcbgt1414375209' ) LIMIT 1   [ RunTime:0.000441s ]
SQL: SHOW COLUMNS FROM `tp_vote` [ RunTime:0.004874s ]
SQL: SHOW COLUMNS FROM `tp_vote_record` [ RunTime:0.051214s ]
SQL: SELECT * FROM `tp_vote` WHERE ( `id` = 13 ) AND ( `token` = 'vjcbgt1414375209' ) LIMIT 1   [ RunTime:0.000561s ]
SQL: SELECT * FROM `tp_users` LIMIT 1   [ RunTime:0.000993s ]
SQL: SHOW COLUMNS FROM `tp_vote_item` [ RunTime:0.004532s ]
SQL: SELECT COUNT(*) AS tp_count FROM `tp_vote_item` WHERE ( `vid` = 13 ) LIMIT 1   [ RunTime:0.000692s ]
SQL: SELECT * FROM `tp_vote_item` WHERE ( `vid` = 13 ) ORDER BY RAND() LIMIT 0,60   [ RunTime:0.077212s ]
SQL: SELECT COUNT(*) AS tp_count FROM `tp_vote_record` WHERE ( `vid` = 13 ) LIMIT 1   [ RunTime:0.013018s ]
NOTIC: [8] Undefined index: 1 D:\www\31cms\_Core\Lib\Core\View.class.php 第 69 行.
NOTIC: [2] Cannot use a scalar value as an array D:\www\31cms\_Core\Lib\Core\View.class.php 第 69 行.
INFO: [ view_template ] --START--
INFO: Run LocationTemplate Behavior [ RunTime:-1.229703s ]
INFO: [ view_template ] --END-- [ RunTime:0.010301s ]
INFO: [ view_parse ] --START--
INFO: Run ParseTemplate Behavior [ RunTime:-1.240072s ]
INFO: [ view_parse ] --END-- [ RunTime:0.020101s ]
INFO: [ view_filter ] --START--
INFO: Run ContentReplace Behavior [ RunTime:-1.260235s ]
INFO: Run TokenBuild Behavior [ RunTime:-1.261017s ]
INFO: Run WriteHtmlCache Behavior [ RunTime:-1.261696s ]
INFO: Run ShowRuntime Behavior [ RunTime:-1.262127s ]
INFO: [ view_filter ] --END-- [ RunTime:0.002682s ]
INFO: [ view_end ] --START--
INFO: Run ShowPageTrace Behavior [ RunTime:-1.263006s ]
INFO: [ view_end ] --END-- [ RunTime:0.000806s ]

[ 2015-04-17T14:24:04+08:00 ] 0.0.0.0 /index.php?g=User&m=Vote&a=share&token=vjcbgt1414375209&id=13
INFO: [ app_begin ] --START--
INFO: Run ReadHtmlCache Behavior [ RunTime:0.000821s ]
INFO: [ app_begin ] --END-- [ RunTime:0.000931s ]
SQL: SHOW COLUMNS FROM `tp_agent` [ RunTime:0.007148s ]
SQL: SELECT * FROM `tp_agent` WHERE ( `siteurl` = 'http://localhost' ) LIMIT 1   [ RunTime:0.000598s ]
SQL: SHOW COLUMNS FROM `tp_user_group` [ RunTime:0.004449s ]
SQL: SELECT * FROM `tp_user_group` WHERE ( `id` = 7 ) LIMIT 1   [ RunTime:0.000609s ]
SQL: SHOW COLUMNS FROM `tp_users` [ RunTime:0.007496s ]
SQL: SELECT * FROM `tp_users` WHERE ( `id` = 1 ) LIMIT 1   [ RunTime:0.000869s ]
SQL: SELECT * FROM `tp_users` WHERE ( `id` = 1 ) LIMIT 1   [ RunTime:0.001297s ]
SQL: SHOW COLUMNS FROM `tp_wxuser` [ RunTime:0.005855s ]
SQL: SELECT `wxname`,`weixin`,`wxid`,`headerpic` FROM `tp_wxuser` WHERE ( `token` = 'vjcbgt1414375209' ) AND ( `uid` = 1 ) LIMIT 1   [ RunTime:0.000533s ]
SQL: SHOW COLUMNS FROM `tp_token_open` [ RunTime:0.005118s ]
SQL: SELECT `queryname` FROM `tp_token_open` WHERE ( `token` = 'vjcbgt1414375209' ) LIMIT 1   [ RunTime:0.000469s ]
SQL: SHOW COLUMNS FROM `tp_vote` [ RunTime:0.005547s ]
SQL: SHOW COLUMNS FROM `tp_vote_record` [ RunTime:0.004097s ]
SQL: SELECT * FROM `tp_vote` WHERE ( `id` = 13 ) AND ( `token` = 'vjcbgt1414375209' ) LIMIT 1   [ RunTime:0.000595s ]
SQL: SELECT * FROM `tp_users` LIMIT 1   [ RunTime:0.001797s ]
SQL: SHOW COLUMNS FROM `tp_vote_item` [ RunTime:0.004761s ]
SQL: SELECT COUNT(*) AS tp_count FROM `tp_vote_item` WHERE ( `vid` = 13 ) LIMIT 1   [ RunTime:0.000543s ]
SQL: SELECT * FROM `tp_vote_item` WHERE ( `vid` = 13 ) ORDER BY RAND() LIMIT 0,60   [ RunTime:0.006585s ]
SQL: SELECT COUNT(*) AS tp_count FROM `tp_vote_record` WHERE ( `vid` = 13 ) LIMIT 1   [ RunTime:0.000459s ]
NOTIC: [8] Undefined index: 1 D:\www\31cms\_Core\Lib\Core\View.class.php 第 69 行.
NOTIC: [2] Cannot use a scalar value as an array D:\www\31cms\_Core\Lib\Core\View.class.php 第 69 行.
INFO: [ view_template ] --START--
INFO: Run LocationTemplate Behavior [ RunTime:-1.086554s ]
INFO: [ view_template ] --END-- [ RunTime:0.000896s ]
INFO: [ view_parse ] --START--
INFO: Run ParseTemplate Behavior [ RunTime:-1.087513s ]
INFO: [ view_parse ] --END-- [ RunTime:0.010936s ]
INFO: [ view_filter ] --START--
INFO: Run ContentReplace Behavior [ RunTime:-1.098511s ]
INFO: Run TokenBuild Behavior [ RunTime:-1.099758s ]
INFO: Run WriteHtmlCache Behavior [ RunTime:-1.101053s ]
INFO: Run ShowRuntime Behavior [ RunTime:-1.101667s ]
INFO: [ view_filter ] --END-- [ RunTime:0.003956s ]
INFO: [ view_end ] --START--
INFO: Run ShowPageTrace Behavior [ RunTime:-1.102559s ]
INFO: [ view_end ] --END-- [ RunTime:0.000967s ]

[ 2015-04-17T14:25:00+08:00 ] 0.0.0.0 /index.php?g=User&m=Vote&a=edit&type=img&id=13
INFO: [ app_begin ] --START--
INFO: Run ReadHtmlCache Behavior [ RunTime:0.001337s ]
INFO: [ app_begin ] --END-- [ RunTime:0.001589s ]
SQL: SHOW COLUMNS FROM `tp_agent` [ RunTime:0.005419s ]
SQL: SELECT * FROM `tp_agent` WHERE ( `siteurl` = 'http://localhost' ) LIMIT 1   [ RunTime:0.000706s ]
SQL: SHOW COLUMNS FROM `tp_user_group` [ RunTime:0.004414s ]
SQL: SELECT * FROM `tp_user_group` WHERE ( `id` = 7 ) LIMIT 1   [ RunTime:0.000531s ]
SQL: SHOW COLUMNS FROM `tp_users` [ RunTime:0.006814s ]
SQL: SELECT * FROM `tp_users` WHERE ( `id` = 1 ) LIMIT 1   [ RunTime:0.000923s ]
SQL: SELECT * FROM `tp_users` WHERE ( `id` = 1 ) LIMIT 1   [ RunTime:0.000740s ]
SQL: SHOW COLUMNS FROM `tp_wxuser` [ RunTime:0.005588s ]
SQL: SELECT `wxname`,`weixin`,`wxid`,`headerpic` FROM `tp_wxuser` WHERE ( `token` = 'vjcbgt1414375209' ) AND ( `uid` = 1 ) LIMIT 1   [ RunTime:0.000461s ]
SQL: SHOW COLUMNS FROM `tp_token_open` [ RunTime:0.003939s ]
SQL: SELECT `queryname` FROM `tp_token_open` WHERE ( `token` = 'vjcbgt1414375209' ) LIMIT 1   [ RunTime:0.000537s ]
SQL: SHOW COLUMNS FROM `tp_vote` [ RunTime:0.004562s ]
SQL: SELECT * FROM `tp_vote` WHERE ( `id` = 13 ) AND ( `token` = 'vjcbgt1414375209' ) LIMIT 1   [ RunTime:0.000680s ]
SQL: SELECT * FROM `tp_vote` WHERE ( `id` = 13 ) AND ( `token` = 'vjcbgt1414375209' ) LIMIT 1   [ RunTime:0.000485s ]
SQL: SHOW COLUMNS FROM `tp_vote_item` [ RunTime:0.004282s ]
SQL: SELECT * FROM `tp_vote_item` WHERE ( `vid` = 13 ) AND ( `status` = 1 ) ORDER BY rank DESC  [ RunTime:0.000729s ]
SQL: SHOW COLUMNS FROM `tp_guanggao` [ RunTime:0.004663s ]
SQL: SELECT * FROM `tp_guanggao` WHERE ( `vid` = 13 )  [ RunTime:0.000453s ]
NOTIC: [8] Undefined index: 1 D:\www\31cms\_Core\Lib\Core\View.class.php 第 69 行.
NOTIC: [2] Cannot use a scalar value as an array D:\www\31cms\_Core\Lib\Core\View.class.php 第 69 行.
INFO: [ view_template ] --START--
INFO: Run LocationTemplate Behavior [ RunTime:-1.080738s ]
INFO: [ view_template ] --END-- [ RunTime:0.001369s ]
INFO: [ view_parse ] --START--
NOTIC: [8] Undefined variable: reslist D:\www\Conf\logs\Cache\User\06910c565e1450d396eed27237367a2f.php 第 187 行.
NOTIC: [8] Undefined variable: reslist D:\www\Conf\logs\Cache\User\06910c565e1450d396eed27237367a2f.php 第 194 行.
NOTIC: [8] Undefined index: picurl_guanggao D:\www\Conf\logs\Cache\User\06910c565e1450d396eed27237367a2f.php 第 227 行.
NOTIC: [8] Undefined index: picurl_guanggao D:\www\Conf\logs\Cache\User\06910c565e1450d396eed27237367a2f.php 第 240 行.
INFO: Run ParseTemplate Behavior [ RunTime:-1.082204s ]
INFO: [ view_parse ] --END-- [ RunTime:0.019355s ]
INFO: [ view_filter ] --START--
INFO: Run ContentReplace Behavior [ RunTime:-1.101592s ]
INFO: Run TokenBuild Behavior [ RunTime:-1.102277s ]
INFO: Run WriteHtmlCache Behavior [ RunTime:-1.103041s ]
INFO: Run ShowRuntime Behavior [ RunTime:-1.103566s ]
INFO: [ view_filter ] --END-- [ RunTime:0.002609s ]
INFO: [ view_end ] --START--
INFO: Run ShowPageTrace Behavior [ RunTime:-1.104289s ]
INFO: [ view_end ] --END-- [ RunTime:0.000898s ]

[ 2015-04-17T14:25:01+08:00 ] ERR: (ThinkException) 无法加载模块:tpl
[ 2015-04-17T14:25:12+08:00 ] ERR: (ThinkException) 无法加载模块:tpl
[ 2015-04-17T14:25:30+08:00 ] ERR: (ThinkException) 无法加载模块:favicon.ico
[ 2015-04-17T14:25:31+08:00 ] 192.168.1.101 /index.php?g=User&m=Vote&a=share&token=vjcbgt1414375209&id=13
INFO: [ app_begin ] --START--
INFO: Run ReadHtmlCache Behavior [ RunTime:0.000685s ]
INFO: [ app_begin ] --END-- [ RunTime:0.000809s ]
SQL: SHOW COLUMNS FROM `tp_agent` [ RunTime:0.004993s ]
SQL: SELECT * FROM `tp_agent` WHERE ( `siteurl` = 'http://192.168.1.101' ) LIMIT 1   [ RunTime:0.000608s ]
SQL: SHOW COLUMNS FROM `tp_user_group` [ RunTime:0.004338s ]
SQL: SELECT * FROM `tp_user_group` WHERE ( `id` = null ) LIMIT 1   [ RunTime:0.000452s ]
SQL: SHOW COLUMNS FROM `tp_users` [ RunTime:0.007831s ]
NOTIC: [8] Undefined index: uid D:\www\31cms\Lib\Action\UserAction.class.php 第 16 行.
SQL: SELECT * FROM `tp_users` WHERE ( `id` = null ) LIMIT 1   [ RunTime:0.000719s ]
NOTIC: [8] Undefined index: uid D:\www\31cms\Lib\Action\UserAction.class.php 第 21 行.
SQL: SELECT * FROM `tp_users` WHERE ( `id` = null ) LIMIT 1   [ RunTime:0.000723s ]
SQL: SHOW COLUMNS FROM `tp_wxuser` [ RunTime:0.006548s ]
SQL: SELECT `wxname`,`weixin`,`wxid`,`headerpic` FROM `tp_wxuser` WHERE ( `token` = null ) AND ( `uid` = null ) LIMIT 1   [ RunTime:0.000482s ]
SQL: SHOW COLUMNS FROM `tp_token_open` [ RunTime:0.004318s ]
SQL: SELECT `queryname` FROM `tp_token_open` WHERE ( `token` = null ) LIMIT 1   [ RunTime:0.000417s ]
SQL: SHOW COLUMNS FROM `tp_vote` [ RunTime:0.004536s ]
SQL: SHOW COLUMNS FROM `tp_vote_record` [ RunTime:0.004186s ]
SQL: SELECT * FROM `tp_vote` WHERE ( `id` = 13 ) AND ( `token` = 'vjcbgt1414375209' ) LIMIT 1   [ RunTime:0.000546s ]
SQL: SELECT * FROM `tp_users` LIMIT 1   [ RunTime:0.000565s ]
SQL: SHOW COLUMNS FROM `tp_vote_item` [ RunTime:0.005276s ]
SQL: SELECT COUNT(*) AS tp_count FROM `tp_vote_item` WHERE ( `vid` = 13 ) LIMIT 1   [ RunTime:0.000593s ]
SQL: SELECT * FROM `tp_vote_item` WHERE ( `vid` = 13 ) ORDER BY RAND() LIMIT 0,60   [ RunTime:0.005520s ]
SQL: SELECT COUNT(*) AS tp_count FROM `tp_vote_record` WHERE ( `vid` = 13 ) LIMIT 1   [ RunTime:0.000603s ]
NOTIC: [2] Cannot use a scalar value as an array D:\www\31cms\_Core\Lib\Core\View.class.php 第 69 行.
INFO: [ view_template ] --START--
INFO: Run LocationTemplate Behavior [ RunTime:-1.099212s ]
INFO: [ view_template ] --END-- [ RunTime:0.001172s ]
INFO: [ view_parse ] --START--
INFO: Run ParseTemplate Behavior [ RunTime:-1.100453s ]
INFO: [ view_parse ] --END-- [ RunTime:0.011732s ]
INFO: [ view_filter ] --START--
INFO: Run ContentReplace Behavior [ RunTime:-1.112243s ]
INFO: Run TokenBuild Behavior [ RunTime:-1.113130s ]
INFO: Run WriteHtmlCache Behavior [ RunTime:-1.113971s ]
INFO: Run ShowRuntime Behavior [ RunTime:-1.114557s ]
INFO: [ view_filter ] --END-- [ RunTime:0.003137s ]
INFO: [ view_end ] --START--
INFO: Run ShowPageTrace Behavior [ RunTime:-1.115470s ]
INFO: [ view_end ] --END-- [ RunTime:0.000893s ]

[ 2015-04-17T14:25:33+08:00 ] ERR: (ThinkException) 无法加载模块:favicon.ico
[ 2015-04-17T14:26:44+08:00 ] 192.168.1.102 /index.php?g=User&m=Vote&a=share&token=vjcbgt1414375209&id=13
INFO: [ app_begin ] --START--
INFO: Run ReadHtmlCache Behavior [ RunTime:0.001170s ]
INFO: [ app_begin ] --END-- [ RunTime:0.001325s ]
SQL: SHOW COLUMNS FROM `tp_agent` [ RunTime:0.016749s ]
SQL: SELECT * FROM `tp_agent` WHERE ( `siteurl` = 'http://192.168.1.101' ) LIMIT 1   [ RunTime:0.002810s ]
SQL: SHOW COLUMNS FROM `tp_user_group` [ RunTime:0.012913s ]
SQL: SELECT * FROM `tp_user_group` WHERE ( `id` = null ) LIMIT 1   [ RunTime:0.000589s ]
SQL: SHOW COLUMNS FROM `tp_users` [ RunTime:0.010682s ]
NOTIC: [8] Undefined index: uid D:\www\31cms\Lib\Action\UserAction.class.php 第 16 行.
SQL: SELECT * FROM `tp_users` WHERE ( `id` = null ) LIMIT 1   [ RunTime:0.000975s ]
NOTIC: [8] Undefined index: uid D:\www\31cms\Lib\Action\UserAction.class.php 第 21 行.
SQL: SELECT * FROM `tp_users` WHERE ( `id` = null ) LIMIT 1   [ RunTime:0.000958s ]
SQL: SHOW COLUMNS FROM `tp_wxuser` [ RunTime:0.007921s ]
SQL: SELECT `wxname`,`weixin`,`wxid`,`headerpic` FROM `tp_wxuser` WHERE ( `token` = null ) AND ( `uid` = null ) LIMIT 1   [ RunTime:0.000591s ]
SQL: SHOW COLUMNS FROM `tp_token_open` [ RunTime:0.005173s ]
SQL: SELECT `queryname` FROM `tp_token_open` WHERE ( `token` = null ) LIMIT 1   [ RunTime:0.000440s ]
SQL: SHOW COLUMNS FROM `tp_vote` [ RunTime:0.004383s ]
SQL: SHOW COLUMNS FROM `tp_vote_record` [ RunTime:0.004029s ]
SQL: SELECT * FROM `tp_vote` WHERE ( `id` = 13 ) AND ( `token` = 'vjcbgt1414375209' ) LIMIT 1   [ RunTime:0.000583s ]
SQL: SELECT * FROM `tp_users` LIMIT 1   [ RunTime:0.000638s ]
SQL: SHOW COLUMNS FROM `tp_vote_item` [ RunTime:0.007248s ]
SQL: SELECT COUNT(*) AS tp_count FROM `tp_vote_item` WHERE ( `vid` = 13 ) LIMIT 1   [ RunTime:0.000649s ]
SQL: SELECT * FROM `tp_vote_item` WHERE ( `vid` = 13 ) ORDER BY RAND() LIMIT 0,60   [ RunTime:0.005756s ]
SQL: SELECT COUNT(*) AS tp_count FROM `tp_vote_record` WHERE ( `vid` = 13 ) LIMIT 1   [ RunTime:0.000469s ]
NOTIC: [2] Cannot use a scalar value as an array D:\www\31cms\_Core\Lib\Core\View.class.php 第 69 行.
INFO: [ view_template ] --START--
INFO: Run LocationTemplate Behavior [ RunTime:-1.122022s ]
INFO: [ view_template ] --END-- [ RunTime:0.001108s ]
INFO: [ view_parse ] --START--
INFO: Run ParseTemplate Behavior [ RunTime:-1.123195s ]
INFO: [ view_parse ] --END-- [ RunTime:0.011151s ]
INFO: [ view_filter ] --START--
INFO: Run ContentReplace Behavior [ RunTime:-1.134410s ]
INFO: Run TokenBuild Behavior [ RunTime:-1.135250s ]
INFO: Run WriteHtmlCache Behavior [ RunTime:-1.136444s ]
INFO: Run ShowRuntime Behavior [ RunTime:-1.137226s ]
INFO: [ view_filter ] --END-- [ RunTime:0.003732s ]
INFO: [ view_end ] --START--
INFO: Run ShowPageTrace Behavior [ RunTime:-1.138231s ]
INFO: [ view_end ] --END-- [ RunTime:0.000911s ]

[ 2015-04-17T14:26:48+08:00 ] 192.168.1.102 /index.php?g=User&m=Vote&a=share&token=vjcbgt1414375209&id=13
INFO: [ app_begin ] --START--
INFO: Run ReadHtmlCache Behavior [ RunTime:0.000788s ]
INFO: [ app_begin ] --END-- [ RunTime:0.000893s ]
SQL: SHOW COLUMNS FROM `tp_agent` [ RunTime:0.015608s ]
SQL: SELECT * FROM `tp_agent` WHERE ( `siteurl` = 'http://192.168.1.101' ) LIMIT 1   [ RunTime:0.001329s ]
SQL: SHOW COLUMNS FROM `tp_user_group` [ RunTime:0.006152s ]
SQL: SELECT * FROM `tp_user_group` WHERE ( `id` = null ) LIMIT 1   [ RunTime:0.000578s ]
SQL: SHOW COLUMNS FROM `tp_users` [ RunTime:0.010230s ]
NOTIC: [8] Undefined index: uid D:\www\31cms\Lib\Action\UserAction.class.php 第 16 行.
SQL: SELECT * FROM `tp_users` WHERE ( `id` = null ) LIMIT 1   [ RunTime:0.000994s ]
NOTIC: [8] Undefined index: uid D:\www\31cms\Lib\Action\UserAction.class.php 第 21 行.
SQL: SELECT * FROM `tp_users` WHERE ( `id` = null ) LIMIT 1   [ RunTime:0.000923s ]
SQL: SHOW COLUMNS FROM `tp_wxuser` [ RunTime:0.007754s ]
SQL: SELECT `wxname`,`weixin`,`wxid`,`headerpic` FROM `tp_wxuser` WHERE ( `token` = null ) AND ( `uid` = null ) LIMIT 1   [ RunTime:0.000465s ]
SQL: SHOW COLUMNS FROM `tp_token_open` [ RunTime:0.004621s ]
SQL: SELECT `queryname` FROM `tp_token_open` WHERE ( `token` = null ) LIMIT 1   [ RunTime:0.000435s ]
SQL: SHOW COLUMNS FROM `tp_vote` [ RunTime:0.004837s ]
SQL: SHOW COLUMNS FROM `tp_vote_record` [ RunTime:0.004476s ]
SQL: SELECT * FROM `tp_vote` WHERE ( `id` = 13 ) AND ( `token` = 'vjcbgt1414375209' ) LIMIT 1   [ RunTime:0.000481s ]
SQL: SELECT * FROM `tp_users` LIMIT 1   [ RunTime:0.000579s ]
SQL: SHOW COLUMNS FROM `tp_vote_item` [ RunTime:0.004350s ]
SQL: SELECT COUNT(*) AS tp_count FROM `tp_vote_item` WHERE ( `vid` = 13 ) LIMIT 1   [ RunTime:0.000558s ]
SQL: SELECT * FROM `tp_vote_item` WHERE ( `vid` = 13 ) ORDER BY RAND() LIMIT 0,60   [ RunTime:0.008503s ]
SQL: SELECT COUNT(*) AS tp_count FROM `tp_vote_record` WHERE ( `vid` = 13 ) LIMIT 1   [ RunTime:0.000504s ]
NOTIC: [2] Cannot use a scalar value as an array D:\www\31cms\_Core\Lib\Core\View.class.php 第 69 行.
INFO: [ view_template ] --START--
INFO: Run LocationTemplate Behavior [ RunTime:-1.107074s ]
INFO: [ view_template ] --END-- [ RunTime:0.001072s ]
INFO: [ view_parse ] --START--
INFO: Run ParseTemplate Behavior [ RunTime:-1.108212s ]
INFO: [ view_parse ] --END-- [ RunTime:0.011229s ]
INFO: [ view_filter ] --START--
INFO: Run ContentReplace Behavior [ RunTime:-1.119501s ]
INFO: Run TokenBuild Behavior [ RunTime:-1.120346s ]
INFO: Run WriteHtmlCache Behavior [ RunTime:-1.121140s ]
INFO: Run ShowRuntime Behavior [ RunTime:-1.121676s ]
INFO: [ view_filter ] --END-- [ RunTime:0.003095s ]
INFO: [ view_end ] --START--
INFO: Run ShowPageTrace Behavior [ RunTime:-1.122686s ]
INFO: [ view_end ] --END-- [ RunTime:0.000912s ]

[ 2015-04-17T14:27:49+08:00 ] 0.0.0.0 /index.php?g=User&m=Vote&a=add&type=img
INFO: [ app_begin ] --START--
INFO: Run ReadHtmlCache Behavior [ RunTime:0.000720s ]
INFO: [ app_begin ] --END-- [ RunTime:0.000842s ]
SQL: SHOW COLUMNS FROM `tp_agent` [ RunTime:0.015774s ]
SQL: SELECT * FROM `tp_agent` WHERE ( `siteurl` = 'http://localhost' ) LIMIT 1   [ RunTime:0.000813s ]
SQL: SHOW COLUMNS FROM `tp_user_group` [ RunTime:0.006666s ]
SQL: SELECT * FROM `tp_user_group` WHERE ( `id` = 7 ) LIMIT 1   [ RunTime:0.000721s ]
SQL: SHOW COLUMNS FROM `tp_users` [ RunTime:0.013147s ]
SQL: SELECT * FROM `tp_users` WHERE ( `id` = 1 ) LIMIT 1   [ RunTime:0.001038s ]
SQL: SELECT * FROM `tp_users` WHERE ( `id` = 1 ) LIMIT 1   [ RunTime:0.000869s ]
SQL: SHOW COLUMNS FROM `tp_wxuser` [ RunTime:0.007151s ]
SQL: SELECT `wxname`,`weixin`,`wxid`,`headerpic` FROM `tp_wxuser` WHERE ( `token` = 'vjcbgt1414375209' ) AND ( `uid` = 1 ) LIMIT 1   [ RunTime:0.000459s ]
SQL: SHOW COLUMNS FROM `tp_token_open` [ RunTime:0.004175s ]
SQL: SELECT `queryname` FROM `tp_token_open` WHERE ( `token` = 'vjcbgt1414375209' ) LIMIT 1   [ RunTime:0.000440s ]
NOTIC: [8] Undefined index: 1 D:\www\31cms\_Core\Lib\Core\View.class.php 第 69 行.
NOTIC: [2] Cannot use a scalar value as an array D:\www\31cms\_Core\Lib\Core\View.class.php 第 69 行.
INFO: [ view_template ] --START--
INFO: Run LocationTemplate Behavior [ RunTime:-1.088292s ]
INFO: [ view_template ] --END-- [ RunTime:0.000729s ]
INFO: [ view_parse ] --START--
NOTIC: [8] Undefined variable: vo D:\www\Conf\logs\Cache\User\06910c565e1450d396eed27237367a2f.php 第 166 行.
NOTIC: [8] Undefined variable: vo D:\www\Conf\logs\Cache\User\06910c565e1450d396eed27237367a2f.php 第 171 行.
NOTIC: [8] Undefined variable: vo D:\www\Conf\logs\Cache\User\06910c565e1450d396eed27237367a2f.php 第 175 行.
NOTIC: [8] Undefined variable: vo D:\www\Conf\logs\Cache\User\06910c565e1450d396eed27237367a2f.php 第 178 行.
NOTIC: [8] Undefined variable: vo D:\www\Conf\logs\Cache\User\06910c565e1450d396eed27237367a2f.php 第 182 行.
NOTIC: [8] Undefined variable: reslist D:\www\Conf\logs\Cache\User\06910c565e1450d396eed27237367a2f.php 第 187 行.
NOTIC: [8] Undefined variable: vo D:\www\Conf\logs\Cache\User\06910c565e1450d396eed27237367a2f.php 第 188 行.
NOTIC: [8] Undefined variable: reslist D:\www\Conf\logs\Cache\User\06910c565e1450d396eed27237367a2f.php 第 194 行.
NOTIC: [8] Undefined variable: vo D:\www\Conf\logs\Cache\User\06910c565e1450d396eed27237367a2f.php 第 195 行.
NOTIC: [8] Undefined variable: vo D:\www\Conf\logs\Cache\User\06910c565e1450d396eed27237367a2f.php 第 201 行.
NOTIC: [8] Undefined variable: vo D:\www\Conf\logs\Cache\User\06910c565e1450d396eed27237367a2f.php 第 204 行.
NOTIC: [8] Undefined variable: vo D:\www\Conf\logs\Cache\User\06910c565e1450d396eed27237367a2f.php 第 210 行.
NOTIC: [8] Undefined variable: guanggao D:\www\Conf\logs\Cache\User\06910c565e1450d396eed27237367a2f.php 第 213 行.
NOTIC: [8] Undefined variable: vo D:\www\Conf\logs\Cache\User\06910c565e1450d396eed27237367a2f.php 第 227 行.
NOTIC: [8] Undefined variable: vo D:\www\Conf\logs\Cache\User\06910c565e1450d396eed27237367a2f.php 第 240 行.
NOTIC: [8] Undefined variable: vo D:\www\Conf\logs\Cache\User\06910c565e1450d396eed27237367a2f.php 第 369 行.
NOTIC: [8] Undefined variable: vo D:\www\Conf\logs\Cache\User\06910c565e1450d396eed27237367a2f.php 第 377 行.
NOTIC: [8] Undefined variable: vo D:\www\Conf\logs\Cache\User\06910c565e1450d396eed27237367a2f.php 第 378 行.
NOTIC: [8] Undefined variable: vo D:\www\Conf\logs\Cache\User\06910c565e1450d396eed27237367a2f.php 第 388 行.
NOTIC: [8] Undefined variable: vo D:\www\Conf\logs\Cache\User\06910c565e1450d396eed27237367a2f.php 第 392 行.
NOTIC: [8] Undefined variable: vo D:\www\Conf\logs\Cache\User\06910c565e1450d396eed27237367a2f.php 第 395 行.
NOTIC: [8] Undefined variable: vo D:\www\Conf\logs\Cache\User\06910c565e1450d396eed27237367a2f.php 第 397 行.
INFO: Run ParseTemplate Behavior [ RunTime:-1.089087s ]
INFO: [ view_parse ] --END-- [ RunTime:0.018466s ]
INFO: [ view_filter ] --START--
INFO: Run ContentReplace Behavior [ RunTime:-1.107606s ]
INFO: Run TokenBuild Behavior [ RunTime:-1.108287s ]
INFO: Run WriteHtmlCache Behavior [ RunTime:-1.108946s ]
INFO: Run ShowRuntime Behavior [ RunTime:-1.109417s ]
INFO: [ view_filter ] --END-- [ RunTime:0.002451s ]
INFO: [ view_end ] --START--
INFO: Run ShowPageTrace Behavior [ RunTime:-1.110146s ]
INFO: [ view_end ] --END-- [ RunTime:0.000735s ]

[ 2015-04-17T14:27:51+08:00 ] ERR: (ThinkException) 无法加载模块:tpl
[ 2015-04-17T14:31:54+08:00 ] ERR: (ThinkException) 无法加载模块:tpl
[ 2015-04-17T14:38:06+08:00 ] 0.0.0.0 /index.php?g=User&m=Vote&a=add&type=img
INFO: [ app_begin ] --START--
INFO: Run ReadHtmlCache Behavior [ RunTime:0.001048s ]
INFO: [ app_begin ] --END-- [ RunTime:0.001173s ]
SQL: SHOW COLUMNS FROM `tp_agent` [ RunTime:0.007206s ]
SQL: SELECT * FROM `tp_agent` WHERE ( `siteurl` = 'http://localhost' ) LIMIT 1   [ RunTime:0.000885s ]
SQL: SHOW COLUMNS FROM `tp_user_group` [ RunTime:0.006421s ]
SQL: SELECT * FROM `tp_user_group` WHERE ( `id` = 7 ) LIMIT 1   [ RunTime:0.000669s ]
SQL: SHOW COLUMNS FROM `tp_users` [ RunTime:0.007360s ]
SQL: SELECT * FROM `tp_users` WHERE ( `id` = 1 ) LIMIT 1   [ RunTime:0.000737s ]
SQL: SELECT * FROM `tp_users` WHERE ( `id` = 1 ) LIMIT 1   [ RunTime:0.000632s ]
SQL: SHOW COLUMNS FROM `tp_wxuser` [ RunTime:0.005874s ]
SQL: SELECT `wxname`,`weixin`,`wxid`,`headerpic` FROM `tp_wxuser` WHERE ( `token` = 'vjcbgt1414375209' ) AND ( `uid` = 1 ) LIMIT 1   [ RunTime:0.000459s ]
SQL: SHOW COLUMNS FROM `tp_token_open` [ RunTime:0.003905s ]
SQL: SELECT `queryname` FROM `tp_token_open` WHERE ( `token` = 'vjcbgt1414375209' ) LIMIT 1   [ RunTime:0.000438s ]
NOTIC: [8] Undefined index: 1 D:\www\31cms\_Core\Lib\Core\View.class.php 第 69 行.
NOTIC: [2] Cannot use a scalar value as an array D:\www\31cms\_Core\Lib\Core\View.class.php 第 69 行.
INFO: [ view_template ] --START--
INFO: Run LocationTemplate Behavior [ RunTime:-1.062218s ]
INFO: [ view_template ] --END-- [ RunTime:0.001087s ]
INFO: [ view_parse ] --START--
NOTIC: [8] Undefined variable: vo D:\www\Conf\logs\Cache\User\06910c565e1450d396eed27237367a2f.php 第 166 行.
NOTIC: [8] Undefined variable: vo D:\www\Conf\logs\Cache\User\06910c565e1450d396eed27237367a2f.php 第 171 行.
NOTIC: [8] Undefined variable: vo D:\www\Conf\logs\Cache\User\06910c565e1450d396eed27237367a2f.php 第 175 行.
NOTIC: [8] Undefined variable: vo D:\www\Conf\logs\Cache\User\06910c565e1450d396eed27237367a2f.php 第 178 行.
NOTIC: [8] Undefined variable: vo D:\www\Conf\logs\Cache\User\06910c565e1450d396eed27237367a2f.php 第 182 行.
NOTIC: [8] Undefined variable: reslist D:\www\Conf\logs\Cache\User\06910c565e1450d396eed27237367a2f.php 第 187 行.
NOTIC: [8] Undefined variable: vo D:\www\Conf\logs\Cache\User\06910c565e1450d396eed27237367a2f.php 第 188 行.
NOTIC: [8] Undefined variable: reslist D:\www\Conf\logs\Cache\User\06910c565e1450d396eed27237367a2f.php 第 194 行.
NOTIC: [8] Undefined variable: vo D:\www\Conf\logs\Cache\User\06910c565e1450d396eed27237367a2f.php 第 195 行.
NOTIC: [8] Undefined variable: vo D:\www\Conf\logs\Cache\User\06910c565e1450d396eed27237367a2f.php 第 201 行.
NOTIC: [8] Undefined variable: vo D:\www\Conf\logs\Cache\User\06910c565e1450d396eed27237367a2f.php 第 204 行.
NOTIC: [8] Undefined variable: vo D:\www\Conf\logs\Cache\User\06910c565e1450d396eed27237367a2f.php 第 210 行.
NOTIC: [8] Undefined variable: guanggao D:\www\Conf\logs\Cache\User\06910c565e1450d396eed27237367a2f.php 第 213 行.
NOTIC: [8] Undefined variable: vo D:\www\Conf\logs\Cache\User\06910c565e1450d396eed27237367a2f.php 第 227 行.
NOTIC: [8] Undefined variable: vo D:\www\Conf\logs\Cache\User\06910c565e1450d396eed27237367a2f.php 第 240 行.
NOTIC: [8] Undefined variable: vo D:\www\Conf\logs\Cache\User\06910c565e1450d396eed27237367a2f.php 第 369 行.
NOTIC: [8] Undefined variable: vo D:\www\Conf\logs\Cache\User\06910c565e1450d396eed27237367a2f.php 第 377 行.
NOTIC: [8] Undefined variable: vo D:\www\Conf\logs\Cache\User\06910c565e1450d396eed27237367a2f.php 第 378 行.
NOTIC: [8] Undefined variable: vo D:\www\Conf\logs\Cache\User\06910c565e1450d396eed27237367a2f.php 第 388 行.
NOTIC: [8] Undefined variable: vo D:\www\Conf\logs\Cache\User\06910c565e1450d396eed27237367a2f.php 第 392 行.
NOTIC: [8] Undefined variable: vo D:\www\Conf\logs\Cache\User\06910c565e1450d396eed27237367a2f.php 第 395 行.
NOTIC: [8] Undefined variable: vo D:\www\Conf\logs\Cache\User\06910c565e1450d396eed27237367a2f.php 第 397 行.
INFO: Run ParseTemplate Behavior [ RunTime:-1.063367s ]
INFO: [ view_parse ] --END-- [ RunTime:0.019484s ]
INFO: [ view_filter ] --START--
INFO: Run ContentReplace Behavior [ RunTime:-1.082904s ]
INFO: Run TokenBuild Behavior [ RunTime:-1.083738s ]
INFO: Run WriteHtmlCache Behavior [ RunTime:-1.084576s ]
INFO: Run ShowRuntime Behavior [ RunTime:-1.085146s ]
INFO: [ view_filter ] --END-- [ RunTime:0.002995s ]
INFO: [ view_end ] --START--
INFO: Run ShowPageTrace Behavior [ RunTime:-1.085986s ]
INFO: [ view_end ] --END-- [ RunTime:0.000871s ]

[ 2015-04-17T14:38:07+08:00 ] ERR: (ThinkException) 无法加载模块:tpl
[ 2015-04-17T14:38:09+08:00 ] ERR: (ThinkException) 无法加载模块:tpl
[ 2015-04-17T14:38:10+08:00 ] 0.0.0.0 /index.php?g=Home&m=Index&a=help&token=vjcbgt1414375209
SQL: SHOW COLUMNS FROM `tp_agent` [ RunTime:0.008083s ]
SQL: SELECT * FROM `tp_agent` WHERE ( `siteurl` = 'http://localhost' ) LIMIT 1   [ RunTime:0.000939s ]
INFO: [ app_begin ] --START--
INFO: Run ReadHtmlCache Behavior [ RunTime:0.001182s ]
INFO: [ app_begin ] --END-- [ RunTime:0.001299s ]
NOTIC: [2048] Declaration of IndexAction::show() should be compatible with that of Action::show() D:\www\31cms\Lib\Action\Home\IndexAction.class.php 第 2 行.
SQL: SELECT * FROM `tp_agent` WHERE ( `siteurl` = 'http://localhost' ) LIMIT 1   [ RunTime:0.000815s ]
NOTIC: [8] Undefined index: 1 D:\www\31cms\_Core\Lib\Core\View.class.php 第 69 行.
NOTIC: [2] Cannot use a scalar value as an array D:\www\31cms\_Core\Lib\Core\View.class.php 第 69 行.
INFO: [ view_template ] --START--
INFO: Run LocationTemplate Behavior [ RunTime:-0.007404s ]
INFO: [ view_template ] --END-- [ RunTime:0.001117s ]
INFO: [ view_parse ] --START--
NOTIC: [2] file_get_contents(./tpl/Home/default/Public_header.html) [<a href='function.file-get-contents'>function.file-get-contents</a>]: failed to open stream: No such file or directory D:\www\31cms\_Core\Lib\Template\ThinkTemplate.class.php 第 624 行.
INFO: Run ParseTemplate Behavior [ RunTime:-0.008587s ]
INFO: [ view_parse ] --END-- [ RunTime:0.010826s ]
INFO: [ view_filter ] --START--
INFO: Run ContentReplace Behavior [ RunTime:-0.019466s ]
INFO: Run TokenBuild Behavior [ RunTime:-0.020189s ]
INFO: Run WriteHtmlCache Behavior [ RunTime:-0.020928s ]
INFO: Run ShowRuntime Behavior [ RunTime:-0.021509s ]
INFO: [ view_filter ] --END-- [ RunTime:0.002821s ]
INFO: [ view_end ] --START--
INFO: Run ShowPageTrace Behavior [ RunTime:-0.022365s ]
INFO: [ view_end ] --END-- [ RunTime:0.000959s ]

[ 2015-04-17T14:38:11+08:00 ] ERR: (ThinkException) 无法加载模块:style
[ 2015-04-17T14:46:15+08:00 ] ERR: (ThinkException) 无法加载模块:tpl
[ 2015-04-17T14:46:18+08:00 ] 0.0.0.0 /index.php?g=User&m=Index&a=useredit
INFO: [ app_begin ] --START--
INFO: Run ReadHtmlCache Behavior [ RunTime:0.000616s ]
INFO: [ app_begin ] --END-- [ RunTime:0.000720s ]
NOTIC: [2048] Declaration of IndexAction::insert() should be compatible with that of BaseAction::insert() D:\www\31cms\Lib\Action\User\IndexAction.class.php 第 2 行.
SQL: SHOW COLUMNS FROM `tp_agent` [ RunTime:0.006213s ]
SQL: SELECT * FROM `tp_agent` WHERE ( `siteurl` = 'http://localhost' ) LIMIT 1   [ RunTime:0.000681s ]
SQL: SHOW COLUMNS FROM `tp_user_group` [ RunTime:0.019451s ]
SQL: SELECT * FROM `tp_user_group` WHERE ( `id` = 7 ) LIMIT 1   [ RunTime:0.000683s ]
SQL: SHOW COLUMNS FROM `tp_users` [ RunTime:0.009744s ]
SQL: SELECT * FROM `tp_users` WHERE ( `id` = 1 ) LIMIT 1   [ RunTime:0.000791s ]
SQL: SELECT * FROM `tp_users` WHERE ( `id` = 1 ) LIMIT 1   [ RunTime:0.000714s ]
SQL: SHOW COLUMNS FROM `tp_wxuser` [ RunTime:0.005548s ]
SQL: SELECT `wxname`,`weixin`,`wxid`,`headerpic` FROM `tp_wxuser` WHERE ( `token` = 'vjcbgt1414375209' ) AND ( `uid` = 1 ) LIMIT 1   [ RunTime:0.000597s ]
SQL: SHOW COLUMNS FROM `tp_token_open` [ RunTime:0.004426s ]
SQL: SELECT `queryname` FROM `tp_token_open` WHERE ( `token` = 'vjcbgt1414375209' ) LIMIT 1   [ RunTime:0.000522s ]
NOTIC: [8] Undefined index: 1 D:\www\31cms\_Core\Lib\Core\View.class.php 第 69 行.
NOTIC: [2] Cannot use a scalar value as an array D:\www\31cms\_Core\Lib\Core\View.class.php 第 69 行.
INFO: [ view_template ] --START--
INFO: Run LocationTemplate Behavior [ RunTime:-1.073019s ]
INFO: [ view_template ] --END-- [ RunTime:0.000758s ]
INFO: [ view_parse ] --START--
INFO: Run ParseTemplate Behavior [ RunTime:-1.073839s ]
INFO: [ view_parse ] --END-- [ RunTime:0.009195s ]
INFO: [ view_filter ] --START--
INFO: Run ContentReplace Behavior [ RunTime:-1.083087s ]
INFO: Run TokenBuild Behavior [ RunTime:-1.083786s ]
INFO: Run WriteHtmlCache Behavior [ RunTime:-1.084529s ]
INFO: Run ShowRuntime Behavior [ RunTime:-1.085125s ]
INFO: [ view_filter ] --END-- [ RunTime:0.002844s ]
INFO: [ view_end ] --START--
INFO: Run ShowPageTrace Behavior [ RunTime:-1.086006s ]
INFO: [ view_end ] --END-- [ RunTime:0.000885s ]

[ 2015-04-17T14:46:20+08:00 ] ERR: (ThinkException) 无法加载模块:tpl
